{"meta": {"format": 3, "version": "7.10.4", "timestamp": "2025-08-21T03:18:07.345621", "branch_coverage": false, "show_contexts": false}, "files": {"src/api/api_key_routes.py": {"executed_lines": [2, 6, 8, 10, 11, 13, 16, 19, 20, 21, 22, 30, 65, 66, 67, 93, 94, 95, 117, 118, 119, 156, 157, 158, 193, 194, 195, 238, 239, 240, 270, 271, 275, 276, 280, 281, 285, 286, 290, 291], "summary": {"covered_lines": 39, "num_statements": 118, "percent_covered": 33.05084745762712, "percent_covered_display": "33", "missing_lines": 79, "excluded_lines": 0}, "missing_lines": [32, 33, 35, 38, 45, 47, 60, 61, 62, 69, 70, 74, 75, 77, 85, 86, 87, 97, 98, 99, 101, 102, 107, 109, 110, 111, 121, 122, 125, 126, 127, 133, 135, 136, 137, 141, 146, 147, 148, 160, 161, 164, 165, 166, 172, 174, 175, 176, 180, 185, 186, 187, 197, 198, 199, 201, 202, 204, 205, 222, 230, 231, 232, 242, 243, 244, 246, 256, 257, 258, 262, 264, 265, 266, 272, 277, 282, 287, 292], "excluded_lines": [], "functions": {"create_api_key": {"executed_lines": [], "summary": {"covered_lines": 0, "num_statements": 9, "percent_covered": 0.0, "percent_covered_display": "0", "missing_lines": 9, "excluded_lines": 0}, "missing_lines": [32, 33, 35, 38, 45, 47, 60, 61, 62], "excluded_lines": []}, "list_api_keys": {"executed_lines": [], "summary": {"covered_lines": 0, "num_statements": 8, "percent_covered": 0.0, "percent_covered_display": "0", "missing_lines": 8, "excluded_lines": 0}, "missing_lines": [69, 70, 74, 75, 77, 85, 86, 87], "excluded_lines": []}, "get_api_key": {"executed_lines": [], "summary": {"covered_lines": 0, "num_statements": 9, "percent_covered": 0.0, "percent_covered_display": "0", "missing_lines": 9, "excluded_lines": 0}, "missing_lines": [97, 98, 99, 101, 102, 107, 109, 110, 111], "excluded_lines": []}, "revoke_api_key": {"executed_lines": [], "summary": {"covered_lines": 0, "num_statements": 13, "percent_covered": 0.0, "percent_covered_display": "0", "missing_lines": 13, "excluded_lines": 0}, "missing_lines": [121, 122, 125, 126, 127, 133, 135, 136, 137, 141, 146, 147, 148], "excluded_lines": []}, "delete_api_key": {"executed_lines": [], "summary": {"covered_lines": 0, "num_statements": 13, "percent_covered": 0.0, "percent_covered_display": "0", "missing_lines": 13, "excluded_lines": 0}, "missing_lines": [160, 161, 164, 165, 166, 172, 174, 175, 176, 180, 185, 186, 187], "excluded_lines": []}, "validate_api_key": {"executed_lines": [], "summary": {"covered_lines": 0, "num_statements": 11, "percent_covered": 0.0, "percent_covered_display": "0", "missing_lines": 11, "excluded_lines": 0}, "missing_lines": [197, 198, 199, 201, 202, 204, 205, 222, 230, 231, 232], "excluded_lines": []}, "get_api_key_stats": {"executed_lines": [], "summary": {"covered_lines": 0, "num_statements": 11, "percent_covered": 0.0, "percent_covered_display": "0", "missing_lines": 11, "excluded_lines": 0}, "missing_lines": [242, 243, 244, 246, 256, 257, 258, 262, 264, 265, 266], "excluded_lines": []}, "bad_request": {"executed_lines": [], "summary": {"covered_lines": 0, "num_statements": 1, "percent_covered": 0.0, "percent_covered_display": "0", "missing_lines": 1, "excluded_lines": 0}, "missing_lines": [272], "excluded_lines": []}, "unauthorized": {"executed_lines": [], "summary": {"covered_lines": 0, "num_statements": 1, "percent_covered": 0.0, "percent_covered_display": "0", "missing_lines": 1, "excluded_lines": 0}, "missing_lines": [277], "excluded_lines": []}, "forbidden": {"executed_lines": [], "summary": {"covered_lines": 0, "num_statements": 1, "percent_covered": 0.0, "percent_covered_display": "0", "missing_lines": 1, "excluded_lines": 0}, "missing_lines": [282], "excluded_lines": []}, "not_found": {"executed_lines": [], "summary": {"covered_lines": 0, "num_statements": 1, "percent_covered": 0.0, "percent_covered_display": "0", "missing_lines": 1, "excluded_lines": 0}, "missing_lines": [287], "excluded_lines": []}, "internal_error": {"executed_lines": [], "summary": {"covered_lines": 0, "num_statements": 1, "percent_covered": 0.0, "percent_covered_display": "0", "missing_lines": 1, "excluded_lines": 0}, "missing_lines": [292], "excluded_lines": []}, "": {"executed_lines": [2, 6, 8, 10, 11, 13, 16, 19, 20, 21, 22, 30, 65, 66, 67, 93, 94, 95, 117, 118, 119, 156, 157, 158, 193, 194, 195, 238, 239, 240, 270, 271, 275, 276, 280, 281, 285, 286, 290, 291], "summary": {"covered_lines": 39, "num_statements": 39, "percent_covered": 100.0, "percent_covered_display": "100", "missing_lines": 0, "excluded_lines": 0}, "missing_lines": [], "excluded_lines": []}}, "classes": {"": {"executed_lines": [2, 6, 8, 10, 11, 13, 16, 19, 20, 21, 22, 30, 65, 66, 67, 93, 94, 95, 117, 118, 119, 156, 157, 158, 193, 194, 195, 238, 239, 240, 270, 271, 275, 276, 280, 281, 285, 286, 290, 291], "summary": {"covered_lines": 39, "num_statements": 118, "percent_covered": 33.05084745762712, "percent_covered_display": "33", "missing_lines": 79, "excluded_lines": 0}, "missing_lines": [32, 33, 35, 38, 45, 47, 60, 61, 62, 69, 70, 74, 75, 77, 85, 86, 87, 97, 98, 99, 101, 102, 107, 109, 110, 111, 121, 122, 125, 126, 127, 133, 135, 136, 137, 141, 146, 147, 148, 160, 161, 164, 165, 166, 172, 174, 175, 176, 180, 185, 186, 187, 197, 198, 199, 201, 202, 204, 205, 222, 230, 231, 232, 242, 243, 244, 246, 256, 257, 258, 262, 264, 265, 266, 272, 277, 282, 287, 292], "excluded_lines": []}}}, "src/api/auth_routes.py": {"executed_lines": [2, 6, 7, 8, 10, 12, 14, 17, 20, 21, 22, 28, 112, 113, 114, 115, 205, 206, 231, 232, 233, 281, 282, 288, 314, 315, 364, 365, 369, 370, 374, 375, 384, 385], "summary": {"covered_lines": 33, "num_statements": 126, "percent_covered": 26.19047619047619, "percent_covered_display": "26", "missing_lines": 93, "excluded_lines": 0}, "missing_lines": [30, 31, 32, 33, 38, 45, 47, 48, 49, 60, 61, 62, 63, 67, 70, 71, 72, 80, 85, 91, 93, 104, 105, 106, 117, 118, 119, 121, 122, 123, 131, 132, 133, 144, 145, 152, 153, 154, 166, 167, 168, 169, 173, 176, 181, 185, 187, 197, 198, 199, 208, 212, 214, 221, 222, 223, 235, 236, 237, 239, 240, 241, 249, 251, 252, 265, 273, 274, 275, 290, 294, 304, 305, 306, 317, 319, 320, 321, 323, 325, 326, 327, 335, 336, 337, 339, 355, 356, 357, 366, 371, 376, 386], "excluded_lines": [], "functions": {"login": {"executed_lines": [], "summary": {"covered_lines": 0, "num_statements": 24, "percent_covered": 0.0, "percent_covered_display": "0", "missing_lines": 24, "excluded_lines": 0}, "missing_lines": [30, 31, 32, 33, 38, 45, 47, 48, 49, 60, 61, 62, 63, 67, 70, 71, 72, 80, 85, 91, 93, 104, 105, 106], "excluded_lines": []}, "refresh_token": {"executed_lines": [], "summary": {"covered_lines": 0, "num_statements": 26, "percent_covered": 0.0, "percent_covered_display": "0", "missing_lines": 26, "excluded_lines": 0}, "missing_lines": [117, 118, 119, 121, 122, 123, 131, 132, 133, 144, 145, 152, 153, 154, 166, 167, 168, 169, 173, 176, 181, 185, 187, 197, 198, 199], "excluded_lines": []}, "logout": {"executed_lines": [], "summary": {"covered_lines": 0, "num_statements": 6, "percent_covered": 0.0, "percent_covered_display": "0", "missing_lines": 6, "excluded_lines": 0}, "missing_lines": [208, 212, 214, 221, 222, 223], "excluded_lines": []}, "verify_token": {"executed_lines": [], "summary": {"covered_lines": 0, "num_statements": 13, "percent_covered": 0.0, "percent_covered_display": "0", "missing_lines": 13, "excluded_lines": 0}, "missing_lines": [235, 236, 237, 239, 240, 241, 249, 251, 252, 265, 273, 274, 275], "excluded_lines": []}, "change_password": {"executed_lines": [], "summary": {"covered_lines": 0, "num_statements": 5, "percent_covered": 0.0, "percent_covered_display": "0", "missing_lines": 5, "excluded_lines": 0}, "missing_lines": [290, 294, 304, 305, 306], "excluded_lines": []}, "get_profile": {"executed_lines": [], "summary": {"covered_lines": 0, "num_statements": 15, "percent_covered": 0.0, "percent_covered_display": "0", "missing_lines": 15, "excluded_lines": 0}, "missing_lines": [317, 319, 320, 321, 323, 325, 326, 327, 335, 336, 337, 339, 355, 356, 357], "excluded_lines": []}, "bad_request": {"executed_lines": [], "summary": {"covered_lines": 0, "num_statements": 1, "percent_covered": 0.0, "percent_covered_display": "0", "missing_lines": 1, "excluded_lines": 0}, "missing_lines": [366], "excluded_lines": []}, "unauthorized": {"executed_lines": [], "summary": {"covered_lines": 0, "num_statements": 1, "percent_covered": 0.0, "percent_covered_display": "0", "missing_lines": 1, "excluded_lines": 0}, "missing_lines": [371], "excluded_lines": []}, "rate_limit_exceeded": {"executed_lines": [], "summary": {"covered_lines": 0, "num_statements": 1, "percent_covered": 0.0, "percent_covered_display": "0", "missing_lines": 1, "excluded_lines": 0}, "missing_lines": [376], "excluded_lines": []}, "internal_error": {"executed_lines": [], "summary": {"covered_lines": 0, "num_statements": 1, "percent_covered": 0.0, "percent_covered_display": "0", "missing_lines": 1, "excluded_lines": 0}, "missing_lines": [386], "excluded_lines": []}, "": {"executed_lines": [2, 6, 7, 8, 10, 12, 14, 17, 20, 21, 22, 28, 112, 113, 114, 115, 205, 206, 231, 232, 233, 281, 282, 288, 314, 315, 364, 365, 369, 370, 374, 375, 384, 385], "summary": {"covered_lines": 33, "num_statements": 33, "percent_covered": 100.0, "percent_covered_display": "100", "missing_lines": 0, "excluded_lines": 0}, "missing_lines": [], "excluded_lines": []}}, "classes": {"": {"executed_lines": [2, 6, 7, 8, 10, 12, 14, 17, 20, 21, 22, 28, 112, 113, 114, 115, 205, 206, 231, 232, 233, 281, 282, 288, 314, 315, 364, 365, 369, 370, 374, 375, 384, 385], "summary": {"covered_lines": 33, "num_statements": 126, "percent_covered": 26.19047619047619, "percent_covered_display": "26", "missing_lines": 93, "excluded_lines": 0}, "missing_lines": [30, 31, 32, 33, 38, 45, 47, 48, 49, 60, 61, 62, 63, 67, 70, 71, 72, 80, 85, 91, 93, 104, 105, 106, 117, 118, 119, 121, 122, 123, 131, 132, 133, 144, 145, 152, 153, 154, 166, 167, 168, 169, 173, 176, 181, 185, 187, 197, 198, 199, 208, 212, 214, 221, 222, 223, 235, 236, 237, 239, 240, 241, 249, 251, 252, 265, 273, 274, 275, 290, 294, 304, 305, 306, 317, 319, 320, 321, 323, 325, 326, 327, 335, 336, 337, 339, 355, 356, 357, 366, 371, 376, 386], "excluded_lines": []}}}, "src/api/cicd/__init__.py": {"executed_lines": [1, 6, 7, 8, 9, 11, 14, 17, 18, 42, 43, 69, 70, 90], "summary": {"covered_lines": 13, "num_statements": 31, "percent_covered": 41.935483870967744, "percent_covered_display": "42", "missing_lines": 18, "excluded_lines": 0}, "missing_lines": [20, 21, 32, 33, 34, 35, 45, 46, 60, 61, 62, 63, 72, 73, 80, 81, 82, 83], "excluded_lines": [], "functions": {"deployment_health": {"executed_lines": [], "summary": {"covered_lines": 0, "num_statements": 6, "percent_covered": 0.0, "percent_covered_display": "0", "missing_lines": 6, "excluded_lines": 0}, "missing_lines": [20, 21, 32, 33, 34, 35], "excluded_lines": []}, "deployment_status": {"executed_lines": [], "summary": {"covered_lines": 0, "num_statements": 6, "percent_covered": 0.0, "percent_covered_display": "0", "missing_lines": 6, "excluded_lines": 0}, "missing_lines": [45, 46, 60, 61, 62, 63], "excluded_lines": []}, "deployment_metrics": {"executed_lines": [], "summary": {"covered_lines": 0, "num_statements": 6, "percent_covered": 0.0, "percent_covered_display": "0", "missing_lines": 6, "excluded_lines": 0}, "missing_lines": [72, 73, 80, 81, 82, 83], "excluded_lines": []}, "": {"executed_lines": [1, 6, 7, 8, 9, 11, 14, 17, 18, 42, 43, 69, 70, 90], "summary": {"covered_lines": 13, "num_statements": 13, "percent_covered": 100.0, "percent_covered_display": "100", "missing_lines": 0, "excluded_lines": 0}, "missing_lines": [], "excluded_lines": []}}, "classes": {"": {"executed_lines": [1, 6, 7, 8, 9, 11, 14, 17, 18, 42, 43, 69, 70, 90], "summary": {"covered_lines": 13, "num_statements": 31, "percent_covered": 41.935483870967744, "percent_covered_display": "42", "missing_lines": 18, "excluded_lines": 0}, "missing_lines": [20, 21, 32, 33, 34, 35, 45, 46, 60, 61, 62, 63, 72, 73, 80, 81, 82, 83], "excluded_lines": []}}}, "src/api/collection/__init__.py": {"executed_lines": [2, 6, 7, 8, 9, 11], "summary": {"covered_lines": 5, "num_statements": 5, "percent_covered": 100.0, "percent_covered_display": "100", "missing_lines": 0, "excluded_lines": 0}, "missing_lines": [], "excluded_lines": [], "functions": {"": {"executed_lines": [2, 6, 7, 8, 9, 11], "summary": {"covered_lines": 5, "num_statements": 5, "percent_covered": 100.0, "percent_covered_display": "100", "missing_lines": 0, "excluded_lines": 0}, "missing_lines": [], "excluded_lines": []}}, "classes": {"": {"executed_lines": [2, 6, 7, 8, 9, 11], "summary": {"covered_lines": 5, "num_statements": 5, "percent_covered": 100.0, "percent_covered_display": "100", "missing_lines": 0, "excluded_lines": 0}, "missing_lines": [], "excluded_lines": []}}}, "src/api/collection/collector_routes.py": {"executed_lines": [2, 7, 9, 10, 12, 13, 14, 16, 20, 22, 27, 28, 29, 52, 53, 54, 55, 98, 99, 100, 101, 144, 145, 146, 147, 192, 193, 194, 195, 238], "summary": {"covered_lines": 29, "num_statements": 137, "percent_covered": 21.16788321167883, "percent_covered_display": "21", "missing_lines": 108, "excluded_lines": 0}, "missing_lines": [17, 18, 31, 32, 37, 38, 39, 43, 47, 48, 49, 57, 58, 64, 65, 67, 68, 69, 71, 72, 73, 81, 88, 89, 90, 103, 104, 110, 111, 113, 114, 115, 117, 118, 119, 127, 134, 135, 136, 149, 150, 156, 157, 159, 160, 161, 163, 164, 165, 175, 182, 183, 184, 197, 198, 204, 205, 207, 208, 209, 211, 212, 213, 221, 228, 229, 230, 240, 242, 245, 246, 247, 248, 250, 251, 252, 253, 257, 267, 268, 270, 271, 273, 275, 277, 278, 279, 280, 281, 285, 286, 287, 292, 293, 294, 295, 296, 300, 301, 302, 307, 308, 311, 312, 313, 315, 318, 319], "excluded_lines": [], "functions": {"list_collectors": {"executed_lines": [], "summary": {"covered_lines": 0, "num_statements": 9, "percent_covered": 0.0, "percent_covered_display": "0", "missing_lines": 9, "excluded_lines": 0}, "missing_lines": [31, 32, 37, 38, 39, 43, 47, 48, 49], "excluded_lines": []}, "enable_collector": {"executed_lines": [], "summary": {"covered_lines": 0, "num_statements": 14, "percent_covered": 0.0, "percent_covered_display": "0", "missing_lines": 14, "excluded_lines": 0}, "missing_lines": [57, 58, 64, 65, 67, 68, 69, 71, 72, 73, 81, 88, 89, 90], "excluded_lines": []}, "disable_collector": {"executed_lines": [], "summary": {"covered_lines": 0, "num_statements": 14, "percent_covered": 0.0, "percent_covered_display": "0", "missing_lines": 14, "excluded_lines": 0}, "missing_lines": [103, 104, 110, 111, 113, 114, 115, 117, 118, 119, 127, 134, 135, 136], "excluded_lines": []}, "trigger_collector": {"executed_lines": [], "summary": {"covered_lines": 0, "num_statements": 14, "percent_covered": 0.0, "percent_covered_display": "0", "missing_lines": 14, "excluded_lines": 0}, "missing_lines": [149, 150, 156, 157, 159, 160, 161, 163, 164, 165, 175, 182, 183, 184], "excluded_lines": []}, "cancel_collector": {"executed_lines": [], "summary": {"covered_lines": 0, "num_statements": 14, "percent_covered": 0.0, "percent_covered_display": "0", "missing_lines": 14, "excluded_lines": 0}, "missing_lines": [197, 198, 204, 205, 207, 208, 209, 211, 212, 213, 221, 228, 229, 230], "excluded_lines": []}, "MockAuth.require_auth": {"executed_lines": [], "summary": {"covered_lines": 0, "num_statements": 1, "percent_covered": 0.0, "percent_covered_display": "0", "missing_lines": 1, "excluded_lines": 0}, "missing_lines": [248], "excluded_lines": []}, "MockInputValidation.validate_collector_name": {"executed_lines": [], "summary": {"covered_lines": 0, "num_statements": 1, "percent_covered": 0.0, "percent_covered_display": "0", "missing_lines": 1, "excluded_lines": 0}, "missing_lines": [253], "excluded_lines": []}, "": {"executed_lines": [2, 7, 9, 10, 12, 13, 14, 16, 20, 22, 27, 28, 29, 52, 53, 54, 55, 98, 99, 100, 101, 144, 145, 146, 147, 192, 193, 194, 195, 238], "summary": {"covered_lines": 29, "num_statements": 70, "percent_covered": 41.42857142857143, "percent_covered_display": "41", "missing_lines": 41, "excluded_lines": 0}, "missing_lines": [17, 18, 240, 242, 245, 246, 247, 250, 251, 252, 257, 267, 268, 270, 271, 273, 275, 277, 278, 279, 280, 281, 285, 286, 287, 292, 293, 294, 295, 296, 300, 301, 302, 307, 308, 311, 312, 313, 315, 318, 319], "excluded_lines": []}}, "classes": {"MockAuth": {"executed_lines": [], "summary": {"covered_lines": 0, "num_statements": 1, "percent_covered": 0.0, "percent_covered_display": "0", "missing_lines": 1, "excluded_lines": 0}, "missing_lines": [248], "excluded_lines": []}, "MockInputValidation": {"executed_lines": [], "summary": {"covered_lines": 0, "num_statements": 1, "percent_covered": 0.0, "percent_covered_display": "0", "missing_lines": 1, "excluded_lines": 0}, "missing_lines": [253], "excluded_lines": []}, "": {"executed_lines": [2, 7, 9, 10, 12, 13, 14, 16, 20, 22, 27, 28, 29, 52, 53, 54, 55, 98, 99, 100, 101, 144, 145, 146, 147, 192, 193, 194, 195, 238], "summary": {"covered_lines": 29, "num_statements": 135, "percent_covered": 21.48148148148148, "percent_covered_display": "21", "missing_lines": 106, "excluded_lines": 0}, "missing_lines": [17, 18, 31, 32, 37, 38, 39, 43, 47, 48, 49, 57, 58, 64, 65, 67, 68, 69, 71, 72, 73, 81, 88, 89, 90, 103, 104, 110, 111, 113, 114, 115, 117, 118, 119, 127, 134, 135, 136, 149, 150, 156, 157, 159, 160, 161, 163, 164, 165, 175, 182, 183, 184, 197, 198, 204, 205, 207, 208, 209, 211, 212, 213, 221, 228, 229, 230, 240, 242, 245, 246, 247, 250, 251, 252, 257, 267, 268, 270, 271, 273, 275, 277, 278, 279, 280, 281, 285, 286, 287, 292, 293, 294, 295, 296, 300, 301, 302, 307, 308, 311, 312, 313, 315, 318, 319], "excluded_lines": []}}}, "src/api/collection/config_routes.py": {"executed_lines": [2, 7, 9, 11, 12, 13, 15, 19, 21, 24, 25, 26, 65, 66, 67, 68, 127, 128, 129, 130, 177, 178, 179, 180, 227], "summary": {"covered_lines": 24, "num_statements": 127, "percent_covered": 18.89763779527559, "percent_covered_display": "19", "missing_lines": 103, "excluded_lines": 0}, "missing_lines": [16, 17, 28, 29, 34, 35, 36, 38, 50, 52, 53, 54, 70, 71, 76, 78, 79, 81, 84, 85, 86, 97, 98, 100, 101, 102, 110, 117, 118, 119, 132, 133, 138, 139, 140, 142, 143, 144, 154, 164, 165, 166, 182, 183, 188, 189, 190, 192, 193, 194, 204, 214, 215, 216, 229, 231, 234, 235, 236, 237, 239, 240, 241, 242, 246, 256, 257, 259, 260, 262, 264, 266, 267, 268, 269, 270, 274, 275, 276, 279, 280, 281, 284, 285, 289, 290, 291, 296, 297, 298, 299, 300, 304, 305, 306, 311, 312, 315, 316, 317, 319, 322, 323], "excluded_lines": [], "functions": {"get_collection_config": {"executed_lines": [], "summary": {"covered_lines": 0, "num_statements": 10, "percent_covered": 0.0, "percent_covered_display": "0", "missing_lines": 10, "excluded_lines": 0}, "missing_lines": [28, 29, 34, 35, 36, 38, 50, 52, 53, 54], "excluded_lines": []}, "update_collection_config": {"executed_lines": [], "summary": {"covered_lines": 0, "num_statements": 18, "percent_covered": 0.0, "percent_covered_display": "0", "missing_lines": 18, "excluded_lines": 0}, "missing_lines": [70, 71, 76, 78, 79, 81, 84, 85, 86, 97, 98, 100, 101, 102, 110, 117, 118, 119], "excluded_lines": []}, "trigger_all_collections": {"executed_lines": [], "summary": {"covered_lines": 0, "num_statements": 12, "percent_covered": 0.0, "percent_covered_display": "0", "missing_lines": 12, "excluded_lines": 0}, "missing_lines": [132, 133, 138, 139, 140, 142, 143, 144, 154, 164, 165, 166], "excluded_lines": []}, "cancel_all_collections": {"executed_lines": [], "summary": {"covered_lines": 0, "num_statements": 12, "percent_covered": 0.0, "percent_covered_display": "0", "missing_lines": 12, "excluded_lines": 0}, "missing_lines": [182, 183, 188, 189, 190, 192, 193, 194, 204, 214, 215, 216], "excluded_lines": []}, "MockAuth.require_auth": {"executed_lines": [], "summary": {"covered_lines": 0, "num_statements": 1, "percent_covered": 0.0, "percent_covered_display": "0", "missing_lines": 1, "excluded_lines": 0}, "missing_lines": [237], "excluded_lines": []}, "MockInputValidation.validate_config": {"executed_lines": [], "summary": {"covered_lines": 0, "num_statements": 1, "percent_covered": 0.0, "percent_covered_display": "0", "missing_lines": 1, "excluded_lines": 0}, "missing_lines": [242], "excluded_lines": []}, "": {"executed_lines": [2, 7, 9, 11, 12, 13, 15, 19, 21, 24, 25, 26, 65, 66, 67, 68, 127, 128, 129, 130, 177, 178, 179, 180, 227], "summary": {"covered_lines": 24, "num_statements": 73, "percent_covered": 32.87671232876713, "percent_covered_display": "33", "missing_lines": 49, "excluded_lines": 0}, "missing_lines": [16, 17, 229, 231, 234, 235, 236, 239, 240, 241, 246, 256, 257, 259, 260, 262, 264, 266, 267, 268, 269, 270, 274, 275, 276, 279, 280, 281, 284, 285, 289, 290, 291, 296, 297, 298, 299, 300, 304, 305, 306, 311, 312, 315, 316, 317, 319, 322, 323], "excluded_lines": []}}, "classes": {"MockAuth": {"executed_lines": [], "summary": {"covered_lines": 0, "num_statements": 1, "percent_covered": 0.0, "percent_covered_display": "0", "missing_lines": 1, "excluded_lines": 0}, "missing_lines": [237], "excluded_lines": []}, "MockInputValidation": {"executed_lines": [], "summary": {"covered_lines": 0, "num_statements": 1, "percent_covered": 0.0, "percent_covered_display": "0", "missing_lines": 1, "excluded_lines": 0}, "missing_lines": [242], "excluded_lines": []}, "": {"executed_lines": [2, 7, 9, 11, 12, 13, 15, 19, 21, 24, 25, 26, 65, 66, 67, 68, 127, 128, 129, 130, 177, 178, 179, 180, 227], "summary": {"covered_lines": 24, "num_statements": 125, "percent_covered": 19.2, "percent_covered_display": "19", "missing_lines": 101, "excluded_lines": 0}, "missing_lines": [16, 17, 28, 29, 34, 35, 36, 38, 50, 52, 53, 54, 70, 71, 76, 78, 79, 81, 84, 85, 86, 97, 98, 100, 101, 102, 110, 117, 118, 119, 132, 133, 138, 139, 140, 142, 143, 144, 154, 164, 165, 166, 182, 183, 188, 189, 190, 192, 193, 194, 204, 214, 215, 216, 229, 231, 234, 235, 236, 239, 240, 241, 246, 256, 257, 259, 260, 262, 264, 266, 267, 268, 269, 270, 274, 275, 276, 279, 280, 281, 284, 285, 289, 290, 291, 296, 297, 298, 299, 300, 304, 305, 306, 311, 312, 315, 316, 317, 319, 322, 323], "excluded_lines": []}}}, "src/api/collection/main_routes.py": {"executed_lines": [2, 7, 9, 10, 12, 15, 21, 29, 30, 63], "summary": {"covered_lines": 9, "num_statements": 55, "percent_covered": 16.363636363636363, "percent_covered_display": "16", "missing_lines": 46, "excluded_lines": 0}, "missing_lines": [23, 24, 25, 32, 34, 65, 67, 69, 72, 73, 75, 76, 78, 80, 82, 83, 84, 85, 86, 90, 91, 92, 97, 98, 99, 100, 101, 105, 106, 107, 112, 113, 114, 115, 116, 120, 121, 122, 127, 128, 131, 132, 133, 135, 138, 139], "excluded_lines": [], "functions": {"register_collection_routes": {"executed_lines": [], "summary": {"covered_lines": 0, "num_statements": 3, "percent_covered": 0.0, "percent_covered_display": "0", "missing_lines": 3, "excluded_lines": 0}, "missing_lines": [23, 24, 25], "excluded_lines": []}, "collection_info": {"executed_lines": [], "summary": {"covered_lines": 0, "num_statements": 2, "percent_covered": 0.0, "percent_covered_display": "0", "missing_lines": 2, "excluded_lines": 0}, "missing_lines": [32, 34], "excluded_lines": []}, "": {"executed_lines": [2, 7, 9, 10, 12, 15, 21, 29, 30, 63], "summary": {"covered_lines": 9, "num_statements": 50, "percent_covered": 18.0, "percent_covered_display": "18", "missing_lines": 41, "excluded_lines": 0}, "missing_lines": [65, 67, 69, 72, 73, 75, 76, 78, 80, 82, 83, 84, 85, 86, 90, 91, 92, 97, 98, 99, 100, 101, 105, 106, 107, 112, 113, 114, 115, 116, 120, 121, 122, 127, 128, 131, 132, 133, 135, 138, 139], "excluded_lines": []}}, "classes": {"": {"executed_lines": [2, 7, 9, 10, 12, 15, 21, 29, 30, 63], "summary": {"covered_lines": 9, "num_statements": 55, "percent_covered": 16.363636363636363, "percent_covered_display": "16", "missing_lines": 46, "excluded_lines": 0}, "missing_lines": [23, 24, 25, 32, 34, 65, 67, 69, 72, 73, 75, 76, 78, 80, 82, 83, 84, 85, 86, 90, 91, 92, 97, 98, 99, 100, 101, 105, 106, 107, 112, 113, 114, 115, 116, 120, 121, 122, 127, 128, 131, 132, 133, 135, 138, 139], "excluded_lines": []}}}, "src/api/collection/status_routes.py": {"executed_lines": [2, 7, 8, 10, 12, 13, 14, 16, 20, 22, 25, 26, 27, 63, 64, 65, 111, 112, 113, 156], "summary": {"covered_lines": 19, "num_statements": 99, "percent_covered": 19.19191919191919, "percent_covered_display": "19", "missing_lines": 80, "excluded_lines": 0}, "missing_lines": [17, 18, 29, 30, 41, 42, 43, 45, 53, 54, 55, 67, 68, 73, 74, 75, 76, 78, 79, 82, 83, 85, 91, 103, 104, 105, 115, 116, 121, 122, 123, 125, 126, 128, 129, 132, 138, 146, 147, 148, 158, 160, 162, 163, 165, 166, 168, 170, 172, 173, 174, 175, 176, 180, 181, 182, 187, 188, 189, 190, 191, 195, 196, 197, 202, 203, 204, 205, 206, 210, 211, 212, 217, 218, 221, 222, 223, 225, 228, 229], "excluded_lines": [], "functions": {"get_collection_status": {"executed_lines": [], "summary": {"covered_lines": 0, "num_statements": 9, "percent_covered": 0.0, "percent_covered_display": "0", "missing_lines": 9, "excluded_lines": 0}, "missing_lines": [29, 30, 41, 42, 43, 45, 53, 54, 55], "excluded_lines": []}, "get_daily_collection_stats": {"executed_lines": [], "summary": {"covered_lines": 0, "num_statements": 15, "percent_covered": 0.0, "percent_covered_display": "0", "missing_lines": 15, "excluded_lines": 0}, "missing_lines": [67, 68, 73, 74, 75, 76, 78, 79, 82, 83, 85, 91, 103, 104, 105], "excluded_lines": []}, "get_collection_history": {"executed_lines": [], "summary": {"covered_lines": 0, "num_statements": 14, "percent_covered": 0.0, "percent_covered_display": "0", "missing_lines": 14, "excluded_lines": 0}, "missing_lines": [115, 116, 121, 122, 123, 125, 126, 128, 129, 132, 138, 146, 147, 148], "excluded_lines": []}, "": {"executed_lines": [2, 7, 8, 10, 12, 13, 14, 16, 20, 22, 25, 26, 27, 63, 64, 65, 111, 112, 113, 156], "summary": {"covered_lines": 19, "num_statements": 61, "percent_covered": 31.147540983606557, "percent_covered_display": "31", "missing_lines": 42, "excluded_lines": 0}, "missing_lines": [17, 18, 158, 160, 162, 163, 165, 166, 168, 170, 172, 173, 174, 175, 176, 180, 181, 182, 187, 188, 189, 190, 191, 195, 196, 197, 202, 203, 204, 205, 206, 210, 211, 212, 217, 218, 221, 222, 223, 225, 228, 229], "excluded_lines": []}}, "classes": {"": {"executed_lines": [2, 7, 8, 10, 12, 13, 14, 16, 20, 22, 25, 26, 27, 63, 64, 65, 111, 112, 113, 156], "summary": {"covered_lines": 19, "num_statements": 99, "percent_covered": 19.19191919191919, "percent_covered_display": "19", "missing_lines": 80, "excluded_lines": 0}, "missing_lines": [17, 18, 29, 30, 41, 42, 43, 45, 53, 54, 55, 67, 68, 73, 74, 75, 76, 78, 79, 82, 83, 85, 91, 103, 104, 105, 115, 116, 121, 122, 123, 125, 126, 128, 129, 132, 138, 146, 147, 148, 158, 160, 162, 163, 165, 166, 168, 170, 172, 173, 174, 175, 176, 180, 181, 182, 187, 188, 189, 190, 191, 195, 196, 197, 202, 203, 204, 205, 206, 210, 211, 212, 217, 218, 221, 222, 223, 225, 228, 229], "excluded_lines": []}}}, "src/api/collection_routes.py": {"executed_lines": [2, 10, 12, 13, 15, 16, 18, 21, 30], "summary": {"covered_lines": 8, "num_statements": 42, "percent_covered": 19.047619047619047, "percent_covered_display": "19", "missing_lines": 34, "excluded_lines": 0}, "missing_lines": [32, 34, 36, 37, 40, 41, 42, 43, 45, 46, 47, 52, 53, 54, 55, 56, 60, 61, 62, 65, 66, 67, 68, 70, 71, 72, 77, 78, 81, 82, 83, 85, 88, 89], "excluded_lines": [], "functions": {"": {"executed_lines": [2, 10, 12, 13, 15, 16, 18, 21, 30], "summary": {"covered_lines": 8, "num_statements": 42, "percent_covered": 19.047619047619047, "percent_covered_display": "19", "missing_lines": 34, "excluded_lines": 0}, "missing_lines": [32, 34, 36, 37, 40, 41, 42, 43, 45, 46, 47, 52, 53, 54, 55, 56, 60, 61, 62, 65, 66, 67, 68, 70, 71, 72, 77, 78, 81, 82, 83, 85, 88, 89], "excluded_lines": []}}, "classes": {"": {"executed_lines": [2, 10, 12, 13, 15, 16, 18, 21, 30], "summary": {"covered_lines": 8, "num_statements": 42, "percent_covered": 19.047619047619047, "percent_covered_display": "19", "missing_lines": 34, "excluded_lines": 0}, "missing_lines": [32, 34, 36, 37, 40, 41, 42, 43, 45, 46, 47, 52, 53, 54, 55, 56, 60, 61, 62, 65, 66, 67, 68, 70, 71, 72, 77, 78, 81, 82, 83, 85, 88, 89], "excluded_lines": []}}}, "src/api/monitoring_routes.py": {"executed_lines": [2, 6, 8, 10, 12, 14, 15, 17, 20, 23, 24, 25, 86, 87, 88, 89, 130, 131, 132, 149, 150, 151, 176, 177, 178, 202, 203, 204, 220, 221, 222, 245, 246, 282, 376, 377, 381, 382, 386, 387, 391, 392, 401, 402, 406], "summary": {"covered_lines": 44, "num_statements": 198, "percent_covered": 22.22222222222222, "percent_covered_display": "22", "missing_lines": 154, "excluded_lines": 0}, "missing_lines": [27, 29, 30, 33, 34, 37, 40, 41, 43, 46, 72, 73, 74, 91, 92, 93, 96, 99, 101, 122, 123, 124, 134, 135, 137, 139, 141, 142, 143, 153, 154, 156, 157, 159, 161, 163, 164, 165, 180, 181, 184, 187, 188, 190, 194, 195, 196, 206, 207, 208, 210, 212, 213, 214, 224, 225, 227, 228, 230, 237, 238, 239, 248, 250, 252, 253, 256, 258, 260, 263, 266, 268, 277, 278, 279, 285, 287, 288, 290, 291, 293, 296, 298, 299, 300, 302, 304, 305, 307, 308, 310, 312, 313, 314, 316, 317, 318, 320, 322, 323, 324, 326, 328, 329, 332, 333, 335, 336, 342, 343, 344, 346, 348, 349, 351, 353, 355, 356, 357, 358, 364, 365, 366, 369, 370, 371, 372, 378, 383, 388, 393, 403, 408, 411, 412, 420, 421, 431, 432, 442, 443, 453, 454, 456, 457, 459, 460, 468, 469, 478, 479, 487, 488, 490], "excluded_lines": [], "functions": {"get_system_health": {"executed_lines": [], "summary": {"covered_lines": 0, "num_statements": 13, "percent_covered": 0.0, "percent_covered_display": "0", "missing_lines": 13, "excluded_lines": 0}, "missing_lines": [27, 29, 30, 33, 34, 37, 40, 41, 43, 46, 72, 73, 74], "excluded_lines": []}, "get_performance_metrics": {"executed_lines": [], "summary": {"covered_lines": 0, "num_statements": 9, "percent_covered": 0.0, "percent_covered_display": "0", "missing_lines": 9, "excluded_lines": 0}, "missing_lines": [91, 92, 93, 96, 99, 101, 122, 123, 124], "excluded_lines": []}, "cleanup_performance_data": {"executed_lines": [], "summary": {"covered_lines": 0, "num_statements": 7, "percent_covered": 0.0, "percent_covered_display": "0", "missing_lines": 7, "excluded_lines": 0}, "missing_lines": [134, 135, 137, 139, 141, 142, 143], "excluded_lines": []}, "get_specific_health_check": {"executed_lines": [], "summary": {"covered_lines": 0, "num_statements": 9, "percent_covered": 0.0, "percent_covered_display": "0", "missing_lines": 9, "excluded_lines": 0}, "missing_lines": [153, 154, 156, 157, 159, 161, 163, 164, 165], "excluded_lines": []}, "get_system_metrics": {"executed_lines": [], "summary": {"covered_lines": 0, "num_statements": 9, "percent_covered": 0.0, "percent_covered_display": "0", "missing_lines": 9, "excluded_lines": 0}, "missing_lines": [180, 181, 184, 187, 188, 190, 194, 195, 196], "excluded_lines": []}, "get_error_summary": {"executed_lines": [], "summary": {"covered_lines": 0, "num_statements": 7, "percent_covered": 0.0, "percent_covered_display": "0", "missing_lines": 7, "excluded_lines": 0}, "missing_lines": [206, 207, 208, 210, 212, 213, 214], "excluded_lines": []}, "clear_old_errors": {"executed_lines": [], "summary": {"covered_lines": 0, "num_statements": 8, "percent_covered": 0.0, "percent_covered_display": "0", "missing_lines": 8, "excluded_lines": 0}, "missing_lines": [224, 225, 227, 228, 230, 237, 238, 239], "excluded_lines": []}, "get_overall_status": {"executed_lines": [], "summary": {"covered_lines": 0, "num_statements": 13, "percent_covered": 0.0, "percent_covered_display": "0", "missing_lines": 13, "excluded_lines": 0}, "missing_lines": [248, 250, 252, 253, 256, 258, 260, 263, 266, 268, 277, 278, 279], "excluded_lines": []}, "_register_default_health_checks": {"executed_lines": [], "summary": {"covered_lines": 0, "num_statements": 8, "percent_covered": 0.0, "percent_covered_display": "0", "missing_lines": 8, "excluded_lines": 0}, "missing_lines": [285, 302, 326, 346, 369, 370, 371, 372], "excluded_lines": []}, "_register_default_health_checks.database_check": {"executed_lines": [], "summary": {"covered_lines": 0, "num_statements": 9, "percent_covered": 0.0, "percent_covered_display": "0", "missing_lines": 9, "excluded_lines": 0}, "missing_lines": [287, 288, 290, 291, 293, 296, 298, 299, 300], "excluded_lines": []}, "_register_default_health_checks.cache_check": {"executed_lines": [], "summary": {"covered_lines": 0, "num_statements": 15, "percent_covered": 0.0, "percent_covered_display": "0", "missing_lines": 15, "excluded_lines": 0}, "missing_lines": [304, 305, 307, 308, 310, 312, 313, 314, 316, 317, 318, 320, 322, 323, 324], "excluded_lines": []}, "_register_default_health_checks.collection_check": {"executed_lines": [], "summary": {"covered_lines": 0, "num_statements": 9, "percent_covered": 0.0, "percent_covered_display": "0", "missing_lines": 9, "excluded_lines": 0}, "missing_lines": [328, 329, 332, 333, 335, 336, 342, 343, 344], "excluded_lines": []}, "_register_default_health_checks.disk_space_check": {"executed_lines": [], "summary": {"covered_lines": 0, "num_statements": 11, "percent_covered": 0.0, "percent_covered_display": "0", "missing_lines": 11, "excluded_lines": 0}, "missing_lines": [348, 349, 351, 353, 355, 356, 357, 358, 364, 365, 366], "excluded_lines": []}, "bad_request": {"executed_lines": [], "summary": {"covered_lines": 0, "num_statements": 1, "percent_covered": 0.0, "percent_covered_display": "0", "missing_lines": 1, "excluded_lines": 0}, "missing_lines": [378], "excluded_lines": []}, "unauthorized": {"executed_lines": [], "summary": {"covered_lines": 0, "num_statements": 1, "percent_covered": 0.0, "percent_covered_display": "0", "missing_lines": 1, "excluded_lines": 0}, "missing_lines": [383], "excluded_lines": []}, "forbidden": {"executed_lines": [], "summary": {"covered_lines": 0, "num_statements": 1, "percent_covered": 0.0, "percent_covered_display": "0", "missing_lines": 1, "excluded_lines": 0}, "missing_lines": [388], "excluded_lines": []}, "rate_limit_exceeded": {"executed_lines": [], "summary": {"covered_lines": 0, "num_statements": 1, "percent_covered": 0.0, "percent_covered_display": "0", "missing_lines": 1, "excluded_lines": 0}, "missing_lines": [393], "excluded_lines": []}, "internal_error": {"executed_lines": [], "summary": {"covered_lines": 0, "num_statements": 1, "percent_covered": 0.0, "percent_covered_display": "0", "missing_lines": 1, "excluded_lines": 0}, "missing_lines": [403], "excluded_lines": []}, "_generate_performance_recommendations": {"executed_lines": [], "summary": {"covered_lines": 0, "num_statements": 22, "percent_covered": 0.0, "percent_covered_display": "0", "missing_lines": 22, "excluded_lines": 0}, "missing_lines": [408, 411, 412, 420, 421, 431, 432, 442, 443, 453, 454, 456, 457, 459, 460, 468, 469, 478, 479, 487, 488, 490], "excluded_lines": []}, "": {"executed_lines": [2, 6, 8, 10, 12, 14, 15, 17, 20, 23, 24, 25, 86, 87, 88, 89, 130, 131, 132, 149, 150, 151, 176, 177, 178, 202, 203, 204, 220, 221, 222, 245, 246, 282, 376, 377, 381, 382, 386, 387, 391, 392, 401, 402, 406], "summary": {"covered_lines": 44, "num_statements": 44, "percent_covered": 100.0, "percent_covered_display": "100", "missing_lines": 0, "excluded_lines": 0}, "missing_lines": [], "excluded_lines": []}}, "classes": {"": {"executed_lines": [2, 6, 8, 10, 12, 14, 15, 17, 20, 23, 24, 25, 86, 87, 88, 89, 130, 131, 132, 149, 150, 151, 176, 177, 178, 202, 203, 204, 220, 221, 222, 245, 246, 282, 376, 377, 381, 382, 386, 387, 391, 392, 401, 402, 406], "summary": {"covered_lines": 44, "num_statements": 198, "percent_covered": 22.22222222222222, "percent_covered_display": "22", "missing_lines": 154, "excluded_lines": 0}, "missing_lines": [27, 29, 30, 33, 34, 37, 40, 41, 43, 46, 72, 73, 74, 91, 92, 93, 96, 99, 101, 122, 123, 124, 134, 135, 137, 139, 141, 142, 143, 153, 154, 156, 157, 159, 161, 163, 164, 165, 180, 181, 184, 187, 188, 190, 194, 195, 196, 206, 207, 208, 210, 212, 213, 214, 224, 225, 227, 228, 230, 237, 238, 239, 248, 250, 252, 253, 256, 258, 260, 263, 266, 268, 277, 278, 279, 285, 287, 288, 290, 291, 293, 296, 298, 299, 300, 302, 304, 305, 307, 308, 310, 312, 313, 314, 316, 317, 318, 320, 322, 323, 324, 326, 328, 329, 332, 333, 335, 336, 342, 343, 344, 346, 348, 349, 351, 353, 355, 356, 357, 358, 364, 365, 366, 369, 370, 371, 372, 378, 383, 388, 393, 403, 408, 411, 412, 420, 421, 431, 432, 442, 443, 453, 454, 456, 457, 459, 460, 468, 469, 478, 479, 487, 488, 490], "excluded_lines": []}}}, "src/common/__init__.py": {"executed_lines": [], "summary": {"covered_lines": 0, "num_statements": 14, "percent_covered": 0.0, "percent_covered_display": "0", "missing_lines": 14, "excluded_lines": 0}, "missing_lines": [7, 9, 10, 14, 16, 20, 22, 23, 24, 27, 29, 30, 31, 32], "excluded_lines": [], "functions": {"get_logger": {"executed_lines": [], "summary": {"covered_lines": 0, "num_statements": 1, "percent_covered": 0.0, "percent_covered_display": "0", "missing_lines": 1, "excluded_lines": 0}, "missing_lines": [16], "excluded_lines": []}, "format_timestamp": {"executed_lines": [], "summary": {"covered_lines": 0, "num_statements": 3, "percent_covered": 0.0, "percent_covered_display": "0", "missing_lines": 3, "excluded_lines": 0}, "missing_lines": [22, 23, 24], "excluded_lines": []}, "safe_dict_get": {"executed_lines": [], "summary": {"covered_lines": 0, "num_statements": 4, "percent_covered": 0.0, "percent_covered_display": "0", "missing_lines": 4, "excluded_lines": 0}, "missing_lines": [29, 30, 31, 32], "excluded_lines": []}, "": {"executed_lines": [], "summary": {"covered_lines": 0, "num_statements": 6, "percent_covered": 0.0, "percent_covered_display": "0", "missing_lines": 6, "excluded_lines": 0}, "missing_lines": [7, 9, 10, 14, 20, 27], "excluded_lines": []}}, "classes": {"": {"executed_lines": [], "summary": {"covered_lines": 0, "num_statements": 14, "percent_covered": 0.0, "percent_covered_display": "0", "missing_lines": 14, "excluded_lines": 0}, "missing_lines": [7, 9, 10, 14, 16, 20, 22, 23, 24, 27, 29, 30, 31, 32], "excluded_lines": []}}}, "src/config/__init__.py": {"executed_lines": [1, 5, 6, 7, 8, 9, 11], "summary": {"covered_lines": 6, "num_statements": 6, "percent_covered": 100.0, "percent_covered_display": "100", "missing_lines": 0, "excluded_lines": 0}, "missing_lines": [], "excluded_lines": [], "functions": {"": {"executed_lines": [1, 5, 6, 7, 8, 9, 11], "summary": {"covered_lines": 6, "num_statements": 6, "percent_covered": 100.0, "percent_covered_display": "100", "missing_lines": 0, "excluded_lines": 0}, "missing_lines": [], "excluded_lines": []}}, "classes": {"": {"executed_lines": [1, 5, 6, 7, 8, 9, 11], "summary": {"covered_lines": 6, "num_statements": 6, "percent_covered": 100.0, "percent_covered_display": "100", "missing_lines": 0, "excluded_lines": 0}, "missing_lines": [], "excluded_lines": []}}}, "src/config/base.py": {"executed_lines": [1, 5, 6, 8, 13, 14, 17, 18, 19, 20, 21, 22, 23, 26, 27, 28, 29, 30, 33, 34, 35, 41, 42, 43, 44, 47, 48, 51, 54, 55, 56, 59, 60, 61, 64, 67, 70, 73, 76, 77, 80, 85, 86, 87, 92, 93, 96, 99, 100, 103, 104, 107, 108, 111, 116, 117, 118, 119, 120, 121, 127, 128, 131, 132, 140, 141, 159, 160, 164, 165], "summary": {"covered_lines": 68, "num_statements": 85, "percent_covered": 80.0, "percent_covered_display": "80", "missing_lines": 17, "excluded_lines": 0}, "missing_lines": [134, 143, 146, 148, 149, 150, 151, 152, 153, 154, 155, 157, 162, 167, 168, 169, 170], "excluded_lines": [], "functions": {"BaseConfig.init_app": {"executed_lines": [], "summary": {"covered_lines": 0, "num_statements": 0, "percent_covered": 100.0, "percent_covered_display": "100", "missing_lines": 0, "excluded_lines": 0}, "missing_lines": [], "excluded_lines": []}, "BaseConfig.to_dict": {"executed_lines": [], "summary": {"covered_lines": 0, "num_statements": 1, "percent_covered": 0.0, "percent_covered_display": "0", "missing_lines": 1, "excluded_lines": 0}, "missing_lines": [134], "excluded_lines": []}, "BaseConfig.validate": {"executed_lines": [], "summary": {"covered_lines": 0, "num_statements": 11, "percent_covered": 0.0, "percent_covered_display": "0", "missing_lines": 11, "excluded_lines": 0}, "missing_lines": [143, 146, 148, 149, 150, 151, 152, 153, 154, 155, 157], "excluded_lines": []}, "BaseConfig.is_production": {"executed_lines": [], "summary": {"covered_lines": 0, "num_statements": 1, "percent_covered": 0.0, "percent_covered_display": "0", "missing_lines": 1, "excluded_lines": 0}, "missing_lines": [162], "excluded_lines": []}, "BaseConfig.database_url_safe": {"executed_lines": [], "summary": {"covered_lines": 0, "num_statements": 4, "percent_covered": 0.0, "percent_covered_display": "0", "missing_lines": 4, "excluded_lines": 0}, "missing_lines": [167, 168, 169, 170], "excluded_lines": []}, "": {"executed_lines": [1, 5, 6, 8, 13, 14, 17, 18, 19, 20, 21, 22, 23, 26, 27, 28, 29, 30, 33, 34, 35, 41, 42, 43, 44, 47, 48, 51, 54, 55, 56, 59, 60, 61, 64, 67, 70, 73, 76, 77, 80, 85, 86, 87, 92, 93, 96, 99, 100, 103, 104, 107, 108, 111, 116, 117, 118, 119, 120, 121, 127, 128, 131, 132, 140, 141, 159, 160, 164, 165], "summary": {"covered_lines": 68, "num_statements": 68, "percent_covered": 100.0, "percent_covered_display": "100", "missing_lines": 0, "excluded_lines": 0}, "missing_lines": [], "excluded_lines": []}}, "classes": {"BaseConfig": {"executed_lines": [], "summary": {"covered_lines": 0, "num_statements": 17, "percent_covered": 0.0, "percent_covered_display": "0", "missing_lines": 17, "excluded_lines": 0}, "missing_lines": [134, 143, 146, 148, 149, 150, 151, 152, 153, 154, 155, 157, 162, 167, 168, 169, 170], "excluded_lines": []}, "": {"executed_lines": [1, 5, 6, 8, 13, 14, 17, 18, 19, 20, 21, 22, 23, 26, 27, 28, 29, 30, 33, 34, 35, 41, 42, 43, 44, 47, 48, 51, 54, 55, 56, 59, 60, 61, 64, 67, 70, 73, 76, 77, 80, 85, 86, 87, 92, 93, 96, 99, 100, 103, 104, 107, 108, 111, 116, 117, 118, 119, 120, 121, 127, 128, 131, 132, 140, 141, 159, 160, 164, 165], "summary": {"covered_lines": 68, "num_statements": 68, "percent_covered": 100.0, "percent_covered_display": "100", "missing_lines": 0, "excluded_lines": 0}, "missing_lines": [], "excluded_lines": []}}}, "src/config/development.py": {"executed_lines": [1, 5, 7, 10, 11, 13, 14, 17, 18, 19, 22, 25, 28, 31, 38, 41, 42, 45, 46, 49, 52, 53, 54, 55, 57, 58, 72, 73, 76], "summary": {"covered_lines": 27, "num_statements": 33, "percent_covered": 81.81818181818181, "percent_covered_display": "82", "missing_lines": 6, "excluded_lines": 0}, "missing_lines": [60, 63, 66, 67, 68, 70], "excluded_lines": [], "functions": {"DevelopmentConfig.init_app": {"executed_lines": [], "summary": {"covered_lines": 0, "num_statements": 6, "percent_covered": 0.0, "percent_covered_display": "0", "missing_lines": 6, "excluded_lines": 0}, "missing_lines": [60, 63, 66, 67, 68, 70], "excluded_lines": []}, "DevelopmentConfig.validate": {"executed_lines": [76], "summary": {"covered_lines": 1, "num_statements": 1, "percent_covered": 100.0, "percent_covered_display": "100", "missing_lines": 0, "excluded_lines": 0}, "missing_lines": [], "excluded_lines": []}, "": {"executed_lines": [1, 5, 7, 10, 11, 13, 14, 17, 18, 19, 22, 25, 28, 31, 38, 41, 42, 45, 46, 49, 52, 53, 54, 55, 57, 58, 72, 73], "summary": {"covered_lines": 26, "num_statements": 26, "percent_covered": 100.0, "percent_covered_display": "100", "missing_lines": 0, "excluded_lines": 0}, "missing_lines": [], "excluded_lines": []}}, "classes": {"DevelopmentConfig": {"executed_lines": [76], "summary": {"covered_lines": 1, "num_statements": 7, "percent_covered": 14.285714285714286, "percent_covered_display": "14", "missing_lines": 6, "excluded_lines": 0}, "missing_lines": [60, 63, 66, 67, 68, 70], "excluded_lines": []}, "": {"executed_lines": [1, 5, 7, 10, 11, 13, 14, 17, 18, 19, 22, 25, 28, 31, 38, 41, 42, 45, 46, 49, 52, 53, 54, 55, 57, 58, 72, 73], "summary": {"covered_lines": 26, "num_statements": 26, "percent_covered": 100.0, "percent_covered_display": "100", "missing_lines": 0, "excluded_lines": 0}, "missing_lines": [], "excluded_lines": []}}}, "src/config/factory.py": {"executed_lines": [1, 5, 6, 8, 10, 11, 12, 13, 16, 26, 27, 29, 39, 42, 43, 49], "summary": {"covered_lines": 15, "num_statements": 18, "percent_covered": 83.33333333333333, "percent_covered_display": "83", "missing_lines": 3, "excluded_lines": 0}, "missing_lines": [44, 46, 47], "excluded_lines": [], "functions": {"get_config": {"executed_lines": [26, 27, 29, 39, 42, 43, 49], "summary": {"covered_lines": 7, "num_statements": 10, "percent_covered": 70.0, "percent_covered_display": "70", "missing_lines": 3, "excluded_lines": 0}, "missing_lines": [44, 46, 47], "excluded_lines": []}, "": {"executed_lines": [1, 5, 6, 8, 10, 11, 12, 13, 16], "summary": {"covered_lines": 8, "num_statements": 8, "percent_covered": 100.0, "percent_covered_display": "100", "missing_lines": 0, "excluded_lines": 0}, "missing_lines": [], "excluded_lines": []}}, "classes": {"": {"executed_lines": [1, 5, 6, 8, 10, 11, 12, 13, 16, 26, 27, 29, 39, 42, 43, 49], "summary": {"covered_lines": 15, "num_statements": 18, "percent_covered": 83.33333333333333, "percent_covered_display": "83", "missing_lines": 3, "excluded_lines": 0}, "missing_lines": [44, 46, 47], "excluded_lines": []}}}, "src/config/production.py": {"executed_lines": [1, 5, 7, 10, 11, 13, 14, 17, 18, 19, 22, 31, 34, 37, 46, 49, 52, 54, 55, 73, 74], "summary": {"covered_lines": 19, "num_statements": 30, "percent_covered": 63.333333333333336, "percent_covered_display": "63", "missing_lines": 11, "excluded_lines": 0}, "missing_lines": [57, 58, 61, 62, 67, 68, 69, 70, 71, 76, 81], "excluded_lines": [], "functions": {"ProductionConfig.init_app": {"executed_lines": [], "summary": {"covered_lines": 0, "num_statements": 9, "percent_covered": 0.0, "percent_covered_display": "0", "missing_lines": 9, "excluded_lines": 0}, "missing_lines": [57, 58, 61, 62, 67, 68, 69, 70, 71], "excluded_lines": []}, "ProductionConfig.validate": {"executed_lines": [], "summary": {"covered_lines": 0, "num_statements": 2, "percent_covered": 0.0, "percent_covered_display": "0", "missing_lines": 2, "excluded_lines": 0}, "missing_lines": [76, 81], "excluded_lines": []}, "": {"executed_lines": [1, 5, 7, 10, 11, 13, 14, 17, 18, 19, 22, 31, 34, 37, 46, 49, 52, 54, 55, 73, 74], "summary": {"covered_lines": 19, "num_statements": 19, "percent_covered": 100.0, "percent_covered_display": "100", "missing_lines": 0, "excluded_lines": 0}, "missing_lines": [], "excluded_lines": []}}, "classes": {"ProductionConfig": {"executed_lines": [], "summary": {"covered_lines": 0, "num_statements": 11, "percent_covered": 0.0, "percent_covered_display": "0", "missing_lines": 11, "excluded_lines": 0}, "missing_lines": [57, 58, 61, 62, 67, 68, 69, 70, 71, 76, 81], "excluded_lines": []}, "": {"executed_lines": [1, 5, 7, 10, 11, 13, 14, 17, 18, 19, 22, 31, 34, 37, 46, 49, 52, 54, 55, 73, 74], "summary": {"covered_lines": 19, "num_statements": 19, "percent_covered": 100.0, "percent_covered_display": "100", "missing_lines": 0, "excluded_lines": 0}, "missing_lines": [], "excluded_lines": []}}}, "src/config/settings.py": {"executed_lines": [1, 6, 7, 8, 9, 11, 14, 17, 18, 20, 21, 24, 25, 28, 29, 32, 33, 36, 37, 40, 41, 44, 45, 49, 50, 53, 54, 57, 58, 61, 62, 65, 66, 70, 71, 74, 75, 78, 79, 82, 83, 86, 87, 91, 92, 94, 95, 96, 100, 101, 105, 106, 109, 110, 113, 114, 117, 118, 121, 122, 125, 126, 129, 130, 134, 135, 138, 139, 142, 143, 146, 147, 151, 152, 155, 156, 159, 160, 164, 165, 168, 169, 172, 173, 177, 178, 181, 182, 185, 186, 190, 191, 194, 195, 198, 199, 202, 203, 207, 208, 211, 212, 216, 217, 220, 221, 224, 225, 229, 256, 302], "summary": {"covered_lines": 109, "num_statements": 169, "percent_covered": 64.49704142011835, "percent_covered_display": "64", "missing_lines": 60, "excluded_lines": 0}, "missing_lines": [26, 30, 34, 38, 42, 46, 51, 55, 59, 63, 67, 72, 76, 80, 84, 88, 98, 102, 107, 111, 115, 119, 123, 127, 131, 136, 140, 144, 148, 153, 157, 161, 166, 170, 174, 179, 183, 187, 192, 196, 200, 204, 209, 213, 218, 222, 226, 231, 232, 235, 236, 237, 239, 240, 242, 243, 246, 252, 254, 258], "excluded_lines": [], "functions": {"Settings.__init__": {"executed_lines": [21], "summary": {"covered_lines": 1, "num_statements": 1, "percent_covered": 100.0, "percent_covered_display": "100", "missing_lines": 0, "excluded_lines": 0}, "missing_lines": [], "excluded_lines": []}, "Settings.app_name": {"executed_lines": [], "summary": {"covered_lines": 0, "num_statements": 1, "percent_covered": 0.0, "percent_covered_display": "0", "missing_lines": 1, "excluded_lines": 0}, "missing_lines": [26], "excluded_lines": []}, "Settings.app_version": {"executed_lines": [], "summary": {"covered_lines": 0, "num_statements": 1, "percent_covered": 0.0, "percent_covered_display": "0", "missing_lines": 1, "excluded_lines": 0}, "missing_lines": [30], "excluded_lines": []}, "Settings.environment": {"executed_lines": [], "summary": {"covered_lines": 0, "num_statements": 1, "percent_covered": 0.0, "percent_covered_display": "0", "missing_lines": 1, "excluded_lines": 0}, "missing_lines": [34], "excluded_lines": []}, "Settings.debug": {"executed_lines": [], "summary": {"covered_lines": 0, "num_statements": 1, "percent_covered": 0.0, "percent_covered_display": "0", "missing_lines": 1, "excluded_lines": 0}, "missing_lines": [38], "excluded_lines": []}, "Settings.secret_key": {"executed_lines": [], "summary": {"covered_lines": 0, "num_statements": 1, "percent_covered": 0.0, "percent_covered_display": "0", "missing_lines": 1, "excluded_lines": 0}, "missing_lines": [42], "excluded_lines": []}, "Settings.timezone": {"executed_lines": [], "summary": {"covered_lines": 0, "num_statements": 1, "percent_covered": 0.0, "percent_covered_display": "0", "missing_lines": 1, "excluded_lines": 0}, "missing_lines": [46], "excluded_lines": []}, "Settings.host": {"executed_lines": [], "summary": {"covered_lines": 0, "num_statements": 1, "percent_covered": 0.0, "percent_covered_display": "0", "missing_lines": 1, "excluded_lines": 0}, "missing_lines": [51], "excluded_lines": []}, "Settings.port": {"executed_lines": [], "summary": {"covered_lines": 0, "num_statements": 1, "percent_covered": 0.0, "percent_covered_display": "0", "missing_lines": 1, "excluded_lines": 0}, "missing_lines": [55], "excluded_lines": []}, "Settings.dev_port": {"executed_lines": [], "summary": {"covered_lines": 0, "num_statements": 1, "percent_covered": 0.0, "percent_covered_display": "0", "missing_lines": 1, "excluded_lines": 0}, "missing_lines": [59], "excluded_lines": []}, "Settings.prod_port": {"executed_lines": [], "summary": {"covered_lines": 0, "num_statements": 1, "percent_covered": 0.0, "percent_covered_display": "0", "missing_lines": 1, "excluded_lines": 0}, "missing_lines": [63], "excluded_lines": []}, "Settings.alt_dev_port": {"executed_lines": [], "summary": {"covered_lines": 0, "num_statements": 1, "percent_covered": 0.0, "percent_covered_display": "0", "missing_lines": 1, "excluded_lines": 0}, "missing_lines": [67], "excluded_lines": []}, "Settings.deploy_host": {"executed_lines": [], "summary": {"covered_lines": 0, "num_statements": 1, "percent_covered": 0.0, "percent_covered_display": "0", "missing_lines": 1, "excluded_lines": 0}, "missing_lines": [72], "excluded_lines": []}, "Settings.deploy_ssh_port": {"executed_lines": [], "summary": {"covered_lines": 0, "num_statements": 1, "percent_covered": 0.0, "percent_covered_display": "0", "missing_lines": 1, "excluded_lines": 0}, "missing_lines": [76], "excluded_lines": []}, "Settings.deploy_user": {"executed_lines": [], "summary": {"covered_lines": 0, "num_statements": 1, "percent_covered": 0.0, "percent_covered_display": "0", "missing_lines": 1, "excluded_lines": 0}, "missing_lines": [80], "excluded_lines": []}, "Settings.docker_registry": {"executed_lines": [], "summary": {"covered_lines": 0, "num_statements": 1, "percent_covered": 0.0, "percent_covered_display": "0", "missing_lines": 1, "excluded_lines": 0}, "missing_lines": [84], "excluded_lines": []}, "Settings.docker_registry_port": {"executed_lines": [], "summary": {"covered_lines": 0, "num_statements": 1, "percent_covered": 0.0, "percent_covered_display": "0", "missing_lines": 1, "excluded_lines": 0}, "missing_lines": [88], "excluded_lines": []}, "Settings.database_uri": {"executed_lines": [94, 95, 96], "summary": {"covered_lines": 3, "num_statements": 4, "percent_covered": 75.0, "percent_covered_display": "75", "missing_lines": 1, "excluded_lines": 0}, "missing_lines": [98], "excluded_lines": []}, "Settings.redis_url": {"executed_lines": [], "summary": {"covered_lines": 0, "num_statements": 1, "percent_covered": 0.0, "percent_covered_display": "0", "missing_lines": 1, "excluded_lines": 0}, "missing_lines": [102], "excluded_lines": []}, "Settings.regtech_base_url": {"executed_lines": [], "summary": {"covered_lines": 0, "num_statements": 1, "percent_covered": 0.0, "percent_covered_display": "0", "missing_lines": 1, "excluded_lines": 0}, "missing_lines": [107], "excluded_lines": []}, "Settings.regtech_username": {"executed_lines": [], "summary": {"covered_lines": 0, "num_statements": 1, "percent_covered": 0.0, "percent_covered_display": "0", "missing_lines": 1, "excluded_lines": 0}, "missing_lines": [111], "excluded_lines": []}, "Settings.regtech_password": {"executed_lines": [], "summary": {"covered_lines": 0, "num_statements": 1, "percent_covered": 0.0, "percent_covered_display": "0", "missing_lines": 1, "excluded_lines": 0}, "missing_lines": [115], "excluded_lines": []}, "Settings.secudium_base_url": {"executed_lines": [], "summary": {"covered_lines": 0, "num_statements": 1, "percent_covered": 0.0, "percent_covered_display": "0", "missing_lines": 1, "excluded_lines": 0}, "missing_lines": [119], "excluded_lines": []}, "Settings.secudium_username": {"executed_lines": [], "summary": {"covered_lines": 0, "num_statements": 1, "percent_covered": 0.0, "percent_covered_display": "0", "missing_lines": 1, "excluded_lines": 0}, "missing_lines": [123], "excluded_lines": []}, "Settings.secudium_password": {"executed_lines": [], "summary": {"covered_lines": 0, "num_statements": 1, "percent_covered": 0.0, "percent_covered_display": "0", "missing_lines": 1, "excluded_lines": 0}, "missing_lines": [127], "excluded_lines": []}, "Settings.blacklist_api_url": {"executed_lines": [], "summary": {"covered_lines": 0, "num_statements": 1, "percent_covered": 0.0, "percent_covered_display": "0", "missing_lines": 1, "excluded_lines": 0}, "missing_lines": [131], "excluded_lines": []}, "Settings.jwt_secret_key": {"executed_lines": [], "summary": {"covered_lines": 0, "num_statements": 1, "percent_covered": 0.0, "percent_covered_display": "0", "missing_lines": 1, "excluded_lines": 0}, "missing_lines": [136], "excluded_lines": []}, "Settings.jwt_algorithm": {"executed_lines": [], "summary": {"covered_lines": 0, "num_statements": 1, "percent_covered": 0.0, "percent_covered_display": "0", "missing_lines": 1, "excluded_lines": 0}, "missing_lines": [140], "excluded_lines": []}, "Settings.jwt_expiry_hours": {"executed_lines": [], "summary": {"covered_lines": 0, "num_statements": 1, "percent_covered": 0.0, "percent_covered_display": "0", "missing_lines": 1, "excluded_lines": 0}, "missing_lines": [144], "excluded_lines": []}, "Settings.jwt_expiry_delta": {"executed_lines": [], "summary": {"covered_lines": 0, "num_statements": 1, "percent_covered": 0.0, "percent_covered_display": "0", "missing_lines": 1, "excluded_lines": 0}, "missing_lines": [148], "excluded_lines": []}, "Settings.cache_ttl_default": {"executed_lines": [], "summary": {"covered_lines": 0, "num_statements": 1, "percent_covered": 0.0, "percent_covered_display": "0", "missing_lines": 1, "excluded_lines": 0}, "missing_lines": [153], "excluded_lines": []}, "Settings.cache_ttl_long": {"executed_lines": [], "summary": {"covered_lines": 0, "num_statements": 1, "percent_covered": 0.0, "percent_covered_display": "0", "missing_lines": 1, "excluded_lines": 0}, "missing_lines": [157], "excluded_lines": []}, "Settings.cache_ttl_short": {"executed_lines": [], "summary": {"covered_lines": 0, "num_statements": 1, "percent_covered": 0.0, "percent_covered_display": "0", "missing_lines": 1, "excluded_lines": 0}, "missing_lines": [161], "excluded_lines": []}, "Settings.rate_limit_public": {"executed_lines": [], "summary": {"covered_lines": 0, "num_statements": 1, "percent_covered": 0.0, "percent_covered_display": "0", "missing_lines": 1, "excluded_lines": 0}, "missing_lines": [166], "excluded_lines": []}, "Settings.rate_limit_authenticated": {"executed_lines": [], "summary": {"covered_lines": 0, "num_statements": 1, "percent_covered": 0.0, "percent_covered_display": "0", "missing_lines": 1, "excluded_lines": 0}, "missing_lines": [170], "excluded_lines": []}, "Settings.rate_limit_admin": {"executed_lines": [], "summary": {"covered_lines": 0, "num_statements": 1, "percent_covered": 0.0, "percent_covered_display": "0", "missing_lines": 1, "excluded_lines": 0}, "missing_lines": [174], "excluded_lines": []}, "Settings.max_memory_mb": {"executed_lines": [], "summary": {"covered_lines": 0, "num_statements": 1, "percent_covered": 0.0, "percent_covered_display": "0", "missing_lines": 1, "excluded_lines": 0}, "missing_lines": [179], "excluded_lines": []}, "Settings.max_cpu_percent": {"executed_lines": [], "summary": {"covered_lines": 0, "num_statements": 1, "percent_covered": 0.0, "percent_covered_display": "0", "missing_lines": 1, "excluded_lines": 0}, "missing_lines": [183], "excluded_lines": []}, "Settings.max_disk_percent": {"executed_lines": [], "summary": {"covered_lines": 0, "num_statements": 1, "percent_covered": 0.0, "percent_covered_display": "0", "missing_lines": 1, "excluded_lines": 0}, "missing_lines": [187], "excluded_lines": []}, "Settings.data_dir": {"executed_lines": [], "summary": {"covered_lines": 0, "num_statements": 1, "percent_covered": 0.0, "percent_covered_display": "0", "missing_lines": 1, "excluded_lines": 0}, "missing_lines": [192], "excluded_lines": []}, "Settings.logs_dir": {"executed_lines": [], "summary": {"covered_lines": 0, "num_statements": 1, "percent_covered": 0.0, "percent_covered_display": "0", "missing_lines": 1, "excluded_lines": 0}, "missing_lines": [196], "excluded_lines": []}, "Settings.backups_dir": {"executed_lines": [], "summary": {"covered_lines": 0, "num_statements": 1, "percent_covered": 0.0, "percent_covered_display": "0", "missing_lines": 1, "excluded_lines": 0}, "missing_lines": [200], "excluded_lines": []}, "Settings.instance_dir": {"executed_lines": [], "summary": {"covered_lines": 0, "num_statements": 1, "percent_covered": 0.0, "percent_covered_display": "0", "missing_lines": 1, "excluded_lines": 0}, "missing_lines": [204], "excluded_lines": []}, "Settings.admin_username": {"executed_lines": [], "summary": {"covered_lines": 0, "num_statements": 1, "percent_covered": 0.0, "percent_covered_display": "0", "missing_lines": 1, "excluded_lines": 0}, "missing_lines": [209], "excluded_lines": []}, "Settings.admin_email": {"executed_lines": [], "summary": {"covered_lines": 0, "num_statements": 1, "percent_covered": 0.0, "percent_covered_display": "0", "missing_lines": 1, "excluded_lines": 0}, "missing_lines": [213], "excluded_lines": []}, "Settings.collection_enabled": {"executed_lines": [], "summary": {"covered_lines": 0, "num_statements": 1, "percent_covered": 0.0, "percent_covered_display": "0", "missing_lines": 1, "excluded_lines": 0}, "missing_lines": [218], "excluded_lines": []}, "Settings.collection_interval_hours": {"executed_lines": [], "summary": {"covered_lines": 0, "num_statements": 1, "percent_covered": 0.0, "percent_covered_display": "0", "missing_lines": 1, "excluded_lines": 0}, "missing_lines": [222], "excluded_lines": []}, "Settings.collection_max_retries": {"executed_lines": [], "summary": {"covered_lines": 0, "num_statements": 1, "percent_covered": 0.0, "percent_covered_display": "0", "missing_lines": 1, "excluded_lines": 0}, "missing_lines": [226], "excluded_lines": []}, "Settings.validate": {"executed_lines": [], "summary": {"covered_lines": 0, "num_statements": 12, "percent_covered": 0.0, "percent_covered_display": "0", "missing_lines": 12, "excluded_lines": 0}, "missing_lines": [231, 232, 235, 236, 237, 239, 240, 242, 243, 246, 252, 254], "excluded_lines": []}, "Settings.to_dict": {"executed_lines": [], "summary": {"covered_lines": 0, "num_statements": 1, "percent_covered": 0.0, "percent_covered_display": "0", "missing_lines": 1, "excluded_lines": 0}, "missing_lines": [258], "excluded_lines": []}, "": {"executed_lines": [1, 6, 7, 8, 9, 11, 14, 17, 18, 20, 24, 25, 28, 29, 32, 33, 36, 37, 40, 41, 44, 45, 49, 50, 53, 54, 57, 58, 61, 62, 65, 66, 70, 71, 74, 75, 78, 79, 82, 83, 86, 87, 91, 92, 100, 101, 105, 106, 109, 110, 113, 114, 117, 118, 121, 122, 125, 126, 129, 130, 134, 135, 138, 139, 142, 143, 146, 147, 151, 152, 155, 156, 159, 160, 164, 165, 168, 169, 172, 173, 177, 178, 181, 182, 185, 186, 190, 191, 194, 195, 198, 199, 202, 203, 207, 208, 211, 212, 216, 217, 220, 221, 224, 225, 229, 256, 302], "summary": {"covered_lines": 105, "num_statements": 105, "percent_covered": 100.0, "percent_covered_display": "100", "missing_lines": 0, "excluded_lines": 0}, "missing_lines": [], "excluded_lines": []}}, "classes": {"Settings": {"executed_lines": [21, 94, 95, 96], "summary": {"covered_lines": 4, "num_statements": 64, "percent_covered": 6.25, "percent_covered_display": "6", "missing_lines": 60, "excluded_lines": 0}, "missing_lines": [26, 30, 34, 38, 42, 46, 51, 55, 59, 63, 67, 72, 76, 80, 84, 88, 98, 102, 107, 111, 115, 119, 123, 127, 131, 136, 140, 144, 148, 153, 157, 161, 166, 170, 174, 179, 183, 187, 192, 196, 200, 204, 209, 213, 218, 222, 226, 231, 232, 235, 236, 237, 239, 240, 242, 243, 246, 252, 254, 258], "excluded_lines": []}, "": {"executed_lines": [1, 6, 7, 8, 9, 11, 14, 17, 18, 20, 24, 25, 28, 29, 32, 33, 36, 37, 40, 41, 44, 45, 49, 50, 53, 54, 57, 58, 61, 62, 65, 66, 70, 71, 74, 75, 78, 79, 82, 83, 86, 87, 91, 92, 100, 101, 105, 106, 109, 110, 113, 114, 117, 118, 121, 122, 125, 126, 129, 130, 134, 135, 138, 139, 142, 143, 146, 147, 151, 152, 155, 156, 159, 160, 164, 165, 168, 169, 172, 173, 177, 178, 181, 182, 185, 186, 190, 191, 194, 195, 198, 199, 202, 203, 207, 208, 211, 212, 216, 217, 220, 221, 224, 225, 229, 256, 302], "summary": {"covered_lines": 105, "num_statements": 105, "percent_covered": 100.0, "percent_covered_display": "100", "missing_lines": 0, "excluded_lines": 0}, "missing_lines": [], "excluded_lines": []}}}, "src/config/testing.py": {"executed_lines": [1, 5, 6, 8, 13, 14, 16, 17, 20, 23, 26, 27, 30, 31, 34, 35, 36, 37, 38, 41, 44, 45, 46, 49, 52, 55, 56, 57, 58, 61, 62, 63, 64, 66, 67, 85, 86, 89], "summary": {"covered_lines": 36, "num_statements": 45, "percent_covered": 80.0, "percent_covered_display": "80", "missing_lines": 9, "excluded_lines": 0}, "missing_lines": [69, 72, 73, 76, 77, 80, 81, 82, 83], "excluded_lines": [], "functions": {"TestingConfig.init_app": {"executed_lines": [], "summary": {"covered_lines": 0, "num_statements": 9, "percent_covered": 0.0, "percent_covered_display": "0", "missing_lines": 9, "excluded_lines": 0}, "missing_lines": [69, 72, 73, 76, 77, 80, 81, 82, 83], "excluded_lines": []}, "TestingConfig.validate": {"executed_lines": [89], "summary": {"covered_lines": 1, "num_statements": 1, "percent_covered": 100.0, "percent_covered_display": "100", "missing_lines": 0, "excluded_lines": 0}, "missing_lines": [], "excluded_lines": []}, "": {"executed_lines": [1, 5, 6, 8, 13, 14, 16, 17, 20, 23, 26, 27, 30, 31, 34, 35, 36, 37, 38, 41, 44, 45, 46, 49, 52, 55, 56, 57, 58, 61, 62, 63, 64, 66, 67, 85, 86], "summary": {"covered_lines": 35, "num_statements": 35, "percent_covered": 100.0, "percent_covered_display": "100", "missing_lines": 0, "excluded_lines": 0}, "missing_lines": [], "excluded_lines": []}}, "classes": {"TestingConfig": {"executed_lines": [89], "summary": {"covered_lines": 1, "num_statements": 10, "percent_covered": 10.0, "percent_covered_display": "10", "missing_lines": 9, "excluded_lines": 0}, "missing_lines": [69, 72, 73, 76, 77, 80, 81, 82, 83], "excluded_lines": []}, "": {"executed_lines": [1, 5, 6, 8, 13, 14, 16, 17, 20, 23, 26, 27, 30, 31, 34, 35, 36, 37, 38, 41, 44, 45, 46, 49, 52, 55, 56, 57, 58, 61, 62, 63, 64, 66, 67, 85, 86], "summary": {"covered_lines": 35, "num_statements": 35, "percent_covered": 100.0, "percent_covered_display": "100", "missing_lines": 0, "excluded_lines": 0}, "missing_lines": [], "excluded_lines": []}}}, "src/core/__init__.py": {"executed_lines": [1, 11, 14, 15, 17, 18, 21, 45, 46, 47], "summary": {"covered_lines": 9, "num_statements": 9, "percent_covered": 100.0, "percent_covered_display": "100", "missing_lines": 0, "excluded_lines": 0}, "missing_lines": [], "excluded_lines": [], "functions": {"": {"executed_lines": [1, 11, 14, 15, 17, 18, 21, 45, 46, 47], "summary": {"covered_lines": 9, "num_statements": 9, "percent_covered": 100.0, "percent_covered_display": "100", "missing_lines": 0, "excluded_lines": 0}, "missing_lines": [], "excluded_lines": []}}, "classes": {"": {"executed_lines": [1, 11, 14, 15, 17, 18, 21, 45, 46, 47], "summary": {"covered_lines": 9, "num_statements": 9, "percent_covered": 100.0, "percent_covered_display": "100", "missing_lines": 0, "excluded_lines": 0}, "missing_lines": [], "excluded_lines": []}}}, "src/core/advanced_analytics.py": {"executed_lines": [2, 10, 11, 14, 16, 19, 20, 22, 26, 30, 34, 38, 42, 48, 53, 60], "summary": {"covered_lines": 14, "num_statements": 85, "percent_covered": 16.470588235294116, "percent_covered_display": "16", "missing_lines": 71, "excluded_lines": 0}, "missing_lines": [24, 28, 32, 36, 40, 46, 50, 55, 62, 64, 66, 67, 69, 72, 73, 74, 75, 76, 77, 79, 80, 81, 84, 85, 86, 87, 88, 89, 93, 94, 95, 98, 99, 100, 101, 102, 103, 107, 108, 111, 114, 115, 116, 117, 118, 119, 123, 124, 125, 126, 127, 130, 131, 132, 133, 134, 135, 140, 141, 142, 143, 144, 145, 150, 151, 154, 155, 156, 158, 161, 162], "excluded_lines": [], "functions": {"AdvancedAnalytics.__init__": {"executed_lines": [], "summary": {"covered_lines": 0, "num_statements": 1, "percent_covered": 0.0, "percent_covered_display": "0", "missing_lines": 1, "excluded_lines": 0}, "missing_lines": [24], "excluded_lines": []}, "AdvancedAnalytics.get_threat_intelligence_report": {"executed_lines": [], "summary": {"covered_lines": 0, "num_statements": 1, "percent_covered": 0.0, "percent_covered_display": "0", "missing_lines": 1, "excluded_lines": 0}, "missing_lines": [28], "excluded_lines": []}, "AdvancedAnalytics.get_network_analysis": {"executed_lines": [], "summary": {"covered_lines": 0, "num_statements": 1, "percent_covered": 0.0, "percent_covered_display": "0", "missing_lines": 1, "excluded_lines": 0}, "missing_lines": [32], "excluded_lines": []}, "AdvancedAnalytics.get_attack_correlation_analysis": {"executed_lines": [], "summary": {"covered_lines": 0, "num_statements": 1, "percent_covered": 0.0, "percent_covered_display": "0", "missing_lines": 1, "excluded_lines": 0}, "missing_lines": [36], "excluded_lines": []}, "AdvancedAnalytics.get_predictive_insights": {"executed_lines": [], "summary": {"covered_lines": 0, "num_statements": 1, "percent_covered": 0.0, "percent_covered_display": "0", "missing_lines": 1, "excluded_lines": 0}, "missing_lines": [40], "excluded_lines": []}, "AdvancedAnalytics.generate_threat_report_export": {"executed_lines": [], "summary": {"covered_lines": 0, "num_statements": 1, "percent_covered": 0.0, "percent_covered_display": "0", "missing_lines": 1, "excluded_lines": 0}, "missing_lines": [46], "excluded_lines": []}, "AdvancedAnalytics.get_comprehensive_analysis": {"executed_lines": [], "summary": {"covered_lines": 0, "num_statements": 1, "percent_covered": 0.0, "percent_covered_display": "0", "missing_lines": 1, "excluded_lines": 0}, "missing_lines": [50], "excluded_lines": []}, "AdvancedAnalytics._calculate_severity_score": {"executed_lines": [], "summary": {"covered_lines": 0, "num_statements": 1, "percent_covered": 0.0, "percent_covered_display": "0", "missing_lines": 1, "excluded_lines": 0}, "missing_lines": [55], "excluded_lines": []}, "": {"executed_lines": [2, 10, 11, 14, 16, 19, 20, 22, 26, 30, 34, 38, 42, 48, 53, 60], "summary": {"covered_lines": 14, "num_statements": 77, "percent_covered": 18.181818181818183, "percent_covered_display": "18", "missing_lines": 63, "excluded_lines": 0}, "missing_lines": [62, 64, 66, 67, 69, 72, 73, 74, 75, 76, 77, 79, 80, 81, 84, 85, 86, 87, 88, 89, 93, 94, 95, 98, 99, 100, 101, 102, 103, 107, 108, 111, 114, 115, 116, 117, 118, 119, 123, 124, 125, 126, 127, 130, 131, 132, 133, 134, 135, 140, 141, 142, 143, 144, 145, 150, 151, 154, 155, 156, 158, 161, 162], "excluded_lines": []}}, "classes": {"AdvancedAnalytics": {"executed_lines": [], "summary": {"covered_lines": 0, "num_statements": 8, "percent_covered": 0.0, "percent_covered_display": "0", "missing_lines": 8, "excluded_lines": 0}, "missing_lines": [24, 28, 32, 36, 40, 46, 50, 55], "excluded_lines": []}, "": {"executed_lines": [2, 10, 11, 14, 16, 19, 20, 22, 26, 30, 34, 38, 42, 48, 53, 60], "summary": {"covered_lines": 14, "num_statements": 77, "percent_covered": 18.181818181818183, "percent_covered_display": "18", "missing_lines": 63, "excluded_lines": 0}, "missing_lines": [62, 64, 66, 67, 69, 72, 73, 74, 75, 76, 77, 79, 80, 81, 84, 85, 86, 87, 88, 89, 93, 94, 95, 98, 99, 100, 101, 102, 103, 107, 108, 111, 114, 115, 116, 117, 118, 119, 123, 124, 125, 126, 127, 130, 131, 132, 133, 134, 135, 140, 141, 142, 143, 144, 145, 150, 151, 154, 155, 156, 158, 161, 162], "excluded_lines": []}}}, "src/core/analytics/__init__.py": {"executed_lines": [2, 6, 7, 8, 9, 10, 11, 13], "summary": {"covered_lines": 7, "num_statements": 7, "percent_covered": 100.0, "percent_covered_display": "100", "missing_lines": 0, "excluded_lines": 0}, "missing_lines": [], "excluded_lines": [], "functions": {"": {"executed_lines": [2, 6, 7, 8, 9, 10, 11, 13], "summary": {"covered_lines": 7, "num_statements": 7, "percent_covered": 100.0, "percent_covered_display": "100", "missing_lines": 0, "excluded_lines": 0}, "missing_lines": [], "excluded_lines": []}}, "classes": {"": {"executed_lines": [2, 6, 7, 8, 9, 10, 11, 13], "summary": {"covered_lines": 7, "num_statements": 7, "percent_covered": 100.0, "percent_covered_display": "100", "missing_lines": 0, "excluded_lines": 0}, "missing_lines": [], "excluded_lines": []}}}, "src/core/analytics/analytics_coordinator.py": {"executed_lines": [2, 7, 9, 10, 11, 12, 13, 14, 17, 18, 20, 30, 34, 38, 42, 46, 52, 66, 69], "summary": {"covered_lines": 17, "num_statements": 78, "percent_covered": 21.794871794871796, "percent_covered_display": "22", "missing_lines": 61, "excluded_lines": 0}, "missing_lines": [21, 24, 25, 26, 27, 28, 32, 36, 40, 44, 50, 54, 71, 73, 75, 76, 78, 81, 82, 83, 84, 85, 86, 89, 90, 91, 92, 93, 94, 99, 100, 101, 102, 103, 104, 109, 110, 111, 112, 113, 114, 119, 120, 121, 122, 123, 124, 129, 130, 131, 132, 133, 134, 139, 140, 143, 144, 145, 147, 150, 151], "excluded_lines": [], "functions": {"AnalyticsCoordinator.__init__": {"executed_lines": [], "summary": {"covered_lines": 0, "num_statements": 6, "percent_covered": 0.0, "percent_covered_display": "0", "missing_lines": 6, "excluded_lines": 0}, "missing_lines": [21, 24, 25, 26, 27, 28], "excluded_lines": []}, "AnalyticsCoordinator.get_threat_intelligence_report": {"executed_lines": [], "summary": {"covered_lines": 0, "num_statements": 1, "percent_covered": 0.0, "percent_covered_display": "0", "missing_lines": 1, "excluded_lines": 0}, "missing_lines": [32], "excluded_lines": []}, "AnalyticsCoordinator.get_network_analysis": {"executed_lines": [], "summary": {"covered_lines": 0, "num_statements": 1, "percent_covered": 0.0, "percent_covered_display": "0", "missing_lines": 1, "excluded_lines": 0}, "missing_lines": [36], "excluded_lines": []}, "AnalyticsCoordinator.get_attack_correlation_analysis": {"executed_lines": [], "summary": {"covered_lines": 0, "num_statements": 1, "percent_covered": 0.0, "percent_covered_display": "0", "missing_lines": 1, "excluded_lines": 0}, "missing_lines": [40], "excluded_lines": []}, "AnalyticsCoordinator.get_predictive_insights": {"executed_lines": [], "summary": {"covered_lines": 0, "num_statements": 1, "percent_covered": 0.0, "percent_covered_display": "0", "missing_lines": 1, "excluded_lines": 0}, "missing_lines": [44], "excluded_lines": []}, "AnalyticsCoordinator.generate_threat_report_export": {"executed_lines": [], "summary": {"covered_lines": 0, "num_statements": 1, "percent_covered": 0.0, "percent_covered_display": "0", "missing_lines": 1, "excluded_lines": 0}, "missing_lines": [50], "excluded_lines": []}, "AnalyticsCoordinator.get_comprehensive_analysis": {"executed_lines": [], "summary": {"covered_lines": 0, "num_statements": 1, "percent_covered": 0.0, "percent_covered_display": "0", "missing_lines": 1, "excluded_lines": 0}, "missing_lines": [54], "excluded_lines": []}, "": {"executed_lines": [2, 7, 9, 10, 11, 12, 13, 14, 17, 18, 20, 30, 34, 38, 42, 46, 52, 66, 69], "summary": {"covered_lines": 17, "num_statements": 66, "percent_covered": 25.757575757575758, "percent_covered_display": "26", "missing_lines": 49, "excluded_lines": 0}, "missing_lines": [71, 73, 75, 76, 78, 81, 82, 83, 84, 85, 86, 89, 90, 91, 92, 93, 94, 99, 100, 101, 102, 103, 104, 109, 110, 111, 112, 113, 114, 119, 120, 121, 122, 123, 124, 129, 130, 131, 132, 133, 134, 139, 140, 143, 144, 145, 147, 150, 151], "excluded_lines": []}}, "classes": {"AnalyticsCoordinator": {"executed_lines": [], "summary": {"covered_lines": 0, "num_statements": 12, "percent_covered": 0.0, "percent_covered_display": "0", "missing_lines": 12, "excluded_lines": 0}, "missing_lines": [21, 24, 25, 26, 27, 28, 32, 36, 40, 44, 50, 54], "excluded_lines": []}, "": {"executed_lines": [2, 7, 9, 10, 11, 12, 13, 14, 17, 18, 20, 30, 34, 38, 42, 46, 52, 66, 69], "summary": {"covered_lines": 17, "num_statements": 66, "percent_covered": 25.757575757575758, "percent_covered_display": "26", "missing_lines": 49, "excluded_lines": 0}, "missing_lines": [71, 73, 75, 76, 78, 81, 82, 83, 84, 85, 86, 89, 90, 91, 92, 93, 94, 99, 100, 101, 102, 103, 104, 109, 110, 111, 112, 113, 114, 119, 120, 121, 122, 123, 124, 129, 130, 131, 132, 133, 134, 139, 140, 143, 144, 145, 147, 150, 151], "excluded_lines": []}}}, "src/core/analytics/base_analyzer.py": {"executed_lines": [2, 6, 7, 8, 10, 13, 14, 16, 19, 27, 40, 48], "summary": {"covered_lines": 10, "num_statements": 35, "percent_covered": 28.571428571428573, "percent_covered_display": "29", "missing_lines": 25, "excluded_lines": 0}, "missing_lines": [17, 21, 22, 23, 24, 25, 29, 30, 31, 32, 33, 34, 35, 36, 37, 38, 42, 43, 44, 45, 46, 50, 52, 53, 55], "excluded_lines": [], "functions": {"BaseAnalyzer.__init__": {"executed_lines": [], "summary": {"covered_lines": 0, "num_statements": 1, "percent_covered": 0.0, "percent_covered_display": "0", "missing_lines": 1, "excluded_lines": 0}, "missing_lines": [17], "excluded_lines": []}, "BaseAnalyzer._get_db_connection": {"executed_lines": [], "summary": {"covered_lines": 0, "num_statements": 5, "percent_covered": 0.0, "percent_covered_display": "0", "missing_lines": 5, "excluded_lines": 0}, "missing_lines": [21, 22, 23, 24, 25], "excluded_lines": []}, "BaseAnalyzer._execute_query": {"executed_lines": [], "summary": {"covered_lines": 0, "num_statements": 10, "percent_covered": 0.0, "percent_covered_display": "0", "missing_lines": 10, "excluded_lines": 0}, "missing_lines": [29, 30, 31, 32, 33, 34, 35, 36, 37, 38], "excluded_lines": []}, "BaseAnalyzer._safe_execute": {"executed_lines": [], "summary": {"covered_lines": 0, "num_statements": 5, "percent_covered": 0.0, "percent_covered_display": "0", "missing_lines": 5, "excluded_lines": 0}, "missing_lines": [42, 43, 44, 45, 46], "excluded_lines": []}, "BaseAnalyzer._calculate_severity_score": {"executed_lines": [], "summary": {"covered_lines": 0, "num_statements": 4, "percent_covered": 0.0, "percent_covered_display": "0", "missing_lines": 4, "excluded_lines": 0}, "missing_lines": [50, 52, 53, 55], "excluded_lines": []}, "": {"executed_lines": [2, 6, 7, 8, 10, 13, 14, 16, 19, 27, 40, 48], "summary": {"covered_lines": 10, "num_statements": 10, "percent_covered": 100.0, "percent_covered_display": "100", "missing_lines": 0, "excluded_lines": 0}, "missing_lines": [], "excluded_lines": []}}, "classes": {"BaseAnalyzer": {"executed_lines": [], "summary": {"covered_lines": 0, "num_statements": 25, "percent_covered": 0.0, "percent_covered_display": "0", "missing_lines": 25, "excluded_lines": 0}, "missing_lines": [17, 21, 22, 23, 24, 25, 29, 30, 31, 32, 33, 34, 35, 36, 37, 38, 42, 43, 44, 45, 46, 50, 52, 53, 55], "excluded_lines": []}, "": {"executed_lines": [2, 6, 7, 8, 10, 13, 14, 16, 19, 27, 40, 48], "summary": {"covered_lines": 10, "num_statements": 10, "percent_covered": 100.0, "percent_covered_display": "100", "missing_lines": 0, "excluded_lines": 0}, "missing_lines": [], "excluded_lines": []}}}, "src/core/analytics/correlation_analyzer.py": {"executed_lines": [2, 7, 8, 10, 13, 14, 16, 22, 41, 72, 92, 110, 125], "summary": {"covered_lines": 11, "num_statements": 53, "percent_covered": 20.754716981132077, "percent_covered_display": "21", "missing_lines": 42, "excluded_lines": 0}, "missing_lines": [18, 25, 28, 30, 43, 52, 54, 55, 56, 57, 70, 74, 83, 85, 86, 87, 88, 90, 96, 99, 100, 101, 102, 105, 106, 108, 112, 113, 114, 115, 117, 118, 122, 127, 128, 130, 131, 132, 133, 136, 137, 139], "excluded_lines": [], "functions": {"CorrelationAnalyzer.get_attack_correlation_analysis": {"executed_lines": [], "summary": {"covered_lines": 0, "num_statements": 1, "percent_covered": 0.0, "percent_covered_display": "0", "missing_lines": 1, "excluded_lines": 0}, "missing_lines": [18], "excluded_lines": []}, "CorrelationAnalyzer._perform_correlation_analysis": {"executed_lines": [], "summary": {"covered_lines": 0, "num_statements": 3, "percent_covered": 0.0, "percent_covered_display": "0", "missing_lines": 3, "excluded_lines": 0}, "missing_lines": [25, 28, 30], "excluded_lines": []}, "CorrelationAnalyzer._get_attack_correlations": {"executed_lines": [], "summary": {"covered_lines": 0, "num_statements": 7, "percent_covered": 0.0, "percent_covered_display": "0", "missing_lines": 7, "excluded_lines": 0}, "missing_lines": [43, 52, 54, 55, 56, 57, 70], "excluded_lines": []}, "CorrelationAnalyzer._get_temporal_patterns": {"executed_lines": [], "summary": {"covered_lines": 0, "num_statements": 7, "percent_covered": 0.0, "percent_covered_display": "0", "missing_lines": 7, "excluded_lines": 0}, "missing_lines": [74, 83, 85, 86, 87, 88, 90], "excluded_lines": []}, "CorrelationAnalyzer._calculate_correlation_score": {"executed_lines": [], "summary": {"covered_lines": 0, "num_statements": 8, "percent_covered": 0.0, "percent_covered_display": "0", "missing_lines": 8, "excluded_lines": 0}, "missing_lines": [96, 99, 100, 101, 102, 105, 106, 108], "excluded_lines": []}, "CorrelationAnalyzer._identify_peak_hours": {"executed_lines": [], "summary": {"covered_lines": 0, "num_statements": 7, "percent_covered": 0.0, "percent_covered_display": "0", "missing_lines": 7, "excluded_lines": 0}, "missing_lines": [112, 113, 114, 115, 117, 118, 122], "excluded_lines": []}, "": {"executed_lines": [2, 7, 8, 10, 13, 14, 16, 22, 41, 72, 92, 110, 125], "summary": {"covered_lines": 11, "num_statements": 20, "percent_covered": 55.0, "percent_covered_display": "55", "missing_lines": 9, "excluded_lines": 0}, "missing_lines": [127, 128, 130, 131, 132, 133, 136, 137, 139], "excluded_lines": []}}, "classes": {"CorrelationAnalyzer": {"executed_lines": [], "summary": {"covered_lines": 0, "num_statements": 33, "percent_covered": 0.0, "percent_covered_display": "0", "missing_lines": 33, "excluded_lines": 0}, "missing_lines": [18, 
[...]
ent_covered": 0.0, "percent_covered_display": "0", "missing_lines": 5, "excluded_lines": 0}, "missing_lines": [161, 163, 172, 173, 174], "excluded_lines": []}, "api_secudium_progress": {"executed_lines": [], "summary": {"covered_lines": 0, "num_statements": 5, "percent_covered": 0.0, "percent_covered_display": "0", "missing_lines": 5, "excluded_lines": 0}, "missing_lines": [188, 190, 203, 204, 205], "excluded_lines": []}, "api_secudium_logs": {"executed_lines": [], "summary": {"covered_lines": 0, "num_statements": 6, "percent_covered": 0.0, "percent_covered_display": "0", "missing_lines": 6, "excluded_lines": 0}, "missing_lines": [219, 221, 243, 249, 250, 251], "excluded_lines": []}, "api_secudium_status": {"executed_lines": [], "summary": {"covered_lines": 0, "num_statements": 5, "percent_covered": 0.0, "percent_covered_display": "0", "missing_lines": 5, "excluded_lines": 0}, "missing_lines": [266, 268, 280, 281, 282], "excluded_lines": []}, "api_secudium_stop": {"executed_lines": [], "summary": {"covered_lines": 0, "num_statements": 5, "percent_covered": 0.0, "percent_covered_display": "0", "missing_lines": 5, "excluded_lines": 0}, "missing_lines": [296, 298, 305, 306, 307], "excluded_lines": []}, "api_regtech_collect": {"executed_lines": [], "summary": {"covered_lines": 0, "num_statements": 8, "percent_covered": 0.0, "percent_covered_display": "0", "missing_lines": 8, "excluded_lines": 0}, "missing_lines": [321, 322, 323, 324, 327, 340, 341, 342], "excluded_lines": []}, "api_regtech_stats": {"executed_lines": [], "summary": {"covered_lines": 0, "num_statements": 6, "percent_covered": 0.0, "percent_covered_display": "0", "missing_lines": 6, "excluded_lines": 0}, "missing_lines": [356, 358, 367, 374, 375, 376], "excluded_lines": []}, "api_sources_stats": {"executed_lines": [], "summary": {"covered_lines": 0, "num_statements": 6, "percent_covered": 0.0, "percent_covered_display": "0", "missing_lines": 6, "excluded_lines": 0}, "missing_lines": [390, 392, 407, 416, 417, 418], "excluded_lines": []}, "": {"executed_lines": [1, 6, 7, 9, 12, 14, 17, 18, 23, 24, 29, 30, 43, 44, 102, 103, 126, 127, 132, 133, 158, 159, 185, 186, 216, 217, 263, 264, 293, 294, 318, 319, 353, 354, 387, 388], "summary": {"covered_lines": 35, "num_statements": 35, "percent_covered": 100.0, "percent_covered_display": "100", "missing_lines": 0, "excluded_lines": 0}, "missing_lines": [], "excluded_lines": []}}, "classes": {"": {"executed_lines": [1, 6, 7, 9, 12, 14, 17, 18, 23, 24, 29, 30, 43, 44, 102, 103, 126, 127, 132, 133, 158, 159, 185, 186, 216, 217, 263, 264, 293, 294, 318, 319, 353, 354, 387, 388], "summary": {"covered_lines": 35, "num_statements": 116, "percent_covered": 30.17241379310345, "percent_covered_display": "30", "missing_lines": 81, "excluded_lines": 0}, "missing_lines": [20, 26, 32, 33, 37, 38, 39, 40, 46, 48, 49, 50, 51, 54, 55, 58, 59, 60, 76, 87, 88, 89, 105, 107, 114, 120, 121, 122, 123, 129, 135, 137, 145, 146, 147, 161, 163, 172, 173, 174, 188, 190, 203, 204, 205, 219, 221, 243, 249, 250, 251, 266, 268, 280, 281, 282, 296, 298, 305, 306, 307, 321, 322, 323, 324, 327, 340, 341, 342, 356, 358, 367, 374, 375, 376, 390, 392, 407, 416, 417, 418], "excluded_lines": []}}}, "src/web/dashboard_routes.py": {"executed_lines": [1, 6, 7, 8, 9, 10, 12, 14, 16, 19, 33, 47, 66, 91, 92, 97, 98, 99, 113, 114, 131, 132, 137, 138, 203, 204], "summary": {"covered_lines": 25, "num_statements": 101, "percent_covered": 24.752475247524753, "percent_covered_display": "25", "missing_lines": 76, "excluded_lines": 0}, "missing_lines": [21, 22, 23, 24, 25, 26, 27, 28, 29, 30, 35, 36, 37, 38, 39, 40, 41, 42, 43, 44, 49, 51, 52, 53, 59, 60, 63, 68, 69, 70, 71, 72, 74, 75, 76, 77, 78, 79, 80, 83, 94, 101, 116, 118, 120, 125, 126, 127, 128, 134, 140, 142, 145, 146, 147, 148, 157, 158, 167, 172, 173, 175, 182, 183, 191, 197, 198, 199, 200, 206, 208, 233, 239, 240, 241, 242], "excluded_lines": [], "functions": {"get_build_time": {"executed_lines": [], "summary": {"covered_lines": 0, "num_statements": 10, "percent_covered": 0.0, "percent_covered_display": "0", "missing_lines": 10, "excluded_lines": 0}, "missing_lines": [21, 22, 23, 24, 25, 26, 27, 28, 29, 30], "excluded_lines": []}, "get_build_version": {"executed_lines": [], "summary": {"covered_lines": 0, "num_statements": 10, "percent_covered": 0.0, "percent_covered_display": "0", "missing_lines": 10, "excluded_lines": 0}, "missing_lines": [35, 36, 37, 38, 39, 40, 41, 42, 43, 44], "excluded_lines": []}, "get_blacklist_manager": {"executed_lines": [], "summary": {"covered_lines": 0, "num_statements": 5, "percent_covered": 0.0, "percent_covered_display": "0", "missing_lines": 5, "excluded_lines": 0}, "missing_lines": [49, 51, 52, 59, 63], "excluded_lines": []}, "get_blacklist_manager.MockBlacklistManager.get_system_health": {"executed_lines": [], "summary": {"covered_lines": 0, "num_statements": 1, "percent_covered": 0.0, "percent_covered_display": "0", "missing_lines": 1, "excluded_lines": 0}, "missing_lines": [53], "excluded_lines": []}, "get_blacklist_manager.MockBlacklistManager.get_active_ips": {"executed_lines": [], "summary": {"covered_lines": 0, "num_statements": 1, "percent_covered": 0.0, "percent_covered_display": "0", "missing_lines": 1, "excluded_lines": 0}, "missing_lines": [60], "excluded_lines": []}, "get_stats": {"executed_lines": [], "summary": {"covered_lines": 0, "num_statements": 13, "percent_covered": 0.0, "percent_covered_display": "0", "missing_lines": 13, "excluded_lines": 0}, "missing_lines": [68, 69, 70, 71, 72, 74, 75, 76, 77, 78, 79, 80, 83], "excluded_lines": []}, "simple_test": {"executed_lines": [], "summary": {"covered_lines": 0, "num_statements": 1, "percent_covered": 0.0, "percent_covered_display": "0", "missing_lines": 1, "excluded_lines": 0}, "missing_lines": [94], "excluded_lines": []}, "dashboard": {"executed_lines": [], "summary": {"covered_lines": 0, "num_statements": 1, "percent_covered": 0.0, "percent_covered_display": "0", "missing_lines": 1, "excluded_lines": 0}, "missing_lines": [101], "excluded_lines": []}, "data_management": {"executed_lines": [], "summary": {"covered_lines": 0, "num_statements": 7, "percent_covered": 0.0, "percent_covered_display": "0", "missing_lines": 7, "excluded_lines": 0}, "missing_lines": [116, 118, 120, 125, 126, 127, 128], "excluded_lines": []}, "statistics": {"executed_lines": [], "summary": {"covered_lines": 0, "num_statements": 1, "percent_covered": 0.0, "percent_covered_display": "0", "missing_lines": 1, "excluded_lines": 0}, "missing_lines": [134], "excluded_lines": []}, "connection_status": {"executed_lines": [], "summary": {"covered_lines": 0, "num_statements": 19, "percent_covered": 0.0, "percent_covered_display": "0", "missing_lines": 19, "excluded_lines": 0}, "missing_lines": [140, 142, 145, 146, 147, 148, 157, 158, 167, 172, 173, 175, 182, 183, 191, 197, 198, 199, 200], "excluded_lines": []}, "system_logs": {"executed_lines": [], "summary": {"covered_lines": 0, "num_statements": 7, "percent_covered": 0.0, "percent_covered_display": "0", "missing_lines": 7, "excluded_lines": 0}, "missing_lines": [206, 208, 233, 239, 240, 241, 242], "excluded_lines": []}, "": {"executed_lines": [1, 6, 7, 8, 9, 10, 12, 14, 16, 19, 33, 47, 66, 91, 92, 97, 98, 99, 113, 114, 131, 132, 137, 138, 203, 204], "summary": {"covered_lines": 25, "num_statements": 25, "percent_covered": 100.0, "percent_covered_display": "100", "missing_lines": 0, "excluded_lines": 0}, "missing_lines": [], "excluded_lines": []}}, "classes": {"get_blacklist_manager.MockBlacklistManager": {"executed_lines": [], "summary": {"covered_lines": 0, "num_statements": 2, "percent_covered": 0.0, "percent_covered_display": "0", "missing_lines": 2, "excluded_lines": 0}, "missing_lines": [53, 60], "excluded_lines": []}, "": {"executed_lines": [1, 6, 7, 8, 9, 10, 12, 14, 16, 19, 33, 47, 66, 91, 92, 97, 98, 99, 113, 114, 131, 132, 137, 138, 203, 204], "summary": {"covered_lines": 25, "num_statements": 99, "percent_covered": 25.252525252525253, "percent_covered_display": "25", "missing_lines": 74, "excluded_lines": 0}, "missing_lines": [21, 22, 23, 24, 25, 26, 27, 28, 29, 30, 35, 36, 37, 38, 39, 40, 41, 42, 43, 44, 49, 51, 52, 59, 63, 68, 69, 70, 71, 72, 74, 75, 76, 77, 78, 79, 80, 83, 94, 101, 116, 118, 120, 125, 126, 127, 128, 134, 140, 142, 145, 146, 147, 148, 157, 158, 167, 172, 173, 175, 182, 183, 191, 197, 198, 199, 200, 206, 208, 233, 239, 240, 241, 242], "excluded_lines": []}}}, "src/web/data_routes.py": {"executed_lines": [1, 6, 7, 9, 11, 13, 16, 17, 66, 67, 119, 120, 189, 190, 248, 249, 313, 314, 329, 330], "summary": {"covered_lines": 19, "num_statements": 93, "percent_covered": 20.43010752688172, "percent_covered_display": "20", "missing_lines": 74, "excluded_lines": 0}, "missing_lines": [19, 20, 21, 24, 25, 26, 27, 43, 52, 53, 54, 69, 70, 71, 74, 75, 76, 77, 94, 96, 105, 106, 107, 122, 124, 125, 126, 127, 138, 139, 140, 151, 176, 177, 178, 192, 194, 227, 235, 236, 237, 251, 253, 256, 264, 265, 266, 268, 277, 278, 282, 283, 288, 290, 299, 300, 301, 316, 318, 319, 320, 322, 324, 325, 326, 332, 334, 335, 336, 338, 344, 346, 347, 348], "excluded_lines": [], "functions": {"api_ips_recent": {"executed_lines": [], "summary": {"covered_lines": 0, "num_statements": 11, "percent_covered": 0.0, "percent_covered_display": "0", "missing_lines": 11, "excluded_lines": 0}, "missing_lines": [19, 20, 21, 24, 25, 26, 27, 43, 52, 53, 54], "excluded_lines": []}, "api_daily_stats": {"executed_lines": [], "summary": {"covered_lines": 0, "num_statements": 12, "percent_covered": 0.0, "percent_covered_display": "0", "missing_lines": 12, "excluded_lines": 0}, "missing_lines": [69, 70, 71, 74, 75, 76, 77, 94, 96, 105, 106, 107], "excluded_lines": []}, "api_ips_by_date": {"executed_lines": [], "summary": {"covered_lines": 0, "num_statements": 12, "percent_covered": 0.0, "percent_covered_display": "0", "missing_lines": 12, "excluded_lines": 0}, "missing_lines": [122, 124, 125, 126, 127, 138, 139, 140, 151, 176, 177, 178], "excluded_lines": []}, "realtime_status": {"executed_lines": [], "summary": {"covered_lines": 0, "num_statements": 6, "percent_covered": 0.0, "percent_covered_display": "0", "missing_lines": 6, "excluded_lines": 0}, "missing_lines": [192, 194, 227, 235, 236, 237], "excluded_lines": []}, "realtime_feed": {"executed_lines": [], "summary": {"covered_lines": 0, "num_statements": 16, "percent_covered": 0.0, "percent_covered_display": "0", "missing_lines": 16, "excluded_lines": 0}, "missing_lines": [251, 253, 256, 264, 265, 266, 268, 277, 278, 282, 283, 288, 290, 299, 300, 301], "excluded_lines": []}, "api_blacklist_active_simple": {"executed_lines": [], "summary": {"covered_lines": 0, "num_statements": 8, "percent_covered": 0.0, "percent_covered_display": "0", "missing_lines": 8, "excluded_lines": 0}, "missing_lines": [316, 318, 319, 320, 322, 324, 325, 326], "excluded_lines": []}, "api_fortigate_simple": {"executed_lines": [], "summary": {"covered_lines": 0, "num_statements": 9, "percent_covered": 0.0, "percent_covered_display": "0", "missing_lines": 9, "excluded_lines": 0}, "missing_lines": [332, 334, 335, 336, 338, 344, 346, 347, 348], "excluded_lines": []}, "": {"executed_lines": [1, 6, 7, 9, 11, 13, 16, 17, 66, 67, 119, 120, 189, 190, 248, 249, 313, 314, 329, 330], "summary": {"covered_lines": 19, "num_statements": 19, "percent_covered": 100.0, "percent_covered_display": "100", "missing_lines": 0, "excluded_lines": 0}, "missing_lines": [], "excluded_lines": []}}, "classes": {"": {"executed_lines": [1, 6, 7, 9, 11, 13, 16, 17, 66, 67, 119, 120, 189, 190, 248, 249, 313, 314, 329, 330], "summary": {"covered_lines": 19, "num_statements": 93, "percent_covered": 20.43010752688172, "percent_covered_display": "20", "missing_lines": 74, "excluded_lines": 0}, "missing_lines": [19, 20, 21, 24, 25, 26, 27, 43, 52, 53, 54, 69, 70, 71, 74, 75, 76, 77, 94, 96, 105, 106, 107, 122, 124, 125, 126, 127, 138, 139, 140, 151, 176, 177, 178, 192, 194, 227, 235, 236, 237, 251, 253, 256, 264, 265, 266, 268, 277, 278, 282, 283, 288, 290, 299, 300, 301, 316, 318, 319, 320, 322, 324, 325, 326, 332, 334, 335, 336, 338, 344, 346, 347, 348], "excluded_lines": []}}}, "src/web/regtech_routes.py": {"executed_lines": [], "summary": {"covered_lines": 0, "num_statements": 155, "percent_covered": 0.0, "percent_covered_display": "0", "missing_lines": 155, "excluded_lines": 0}, "missing_lines": [6, 7, 8, 9, 11, 14, 15, 16, 17, 19, 22, 23, 24, 26, 31, 32, 33, 34, 36, 38, 40, 42, 43, 44, 47, 50, 53, 59, 62, 70, 71, 73, 74, 75, 76, 77, 78, 81, 82, 83, 84, 86, 88, 95, 96, 98, 100, 101, 104, 115, 116, 117, 120, 121, 122, 125, 126, 127, 128, 129, 130, 132, 134, 135, 137, 139, 140, 142, 153, 154, 156, 157, 158, 160, 161, 163, 164, 166, 168, 169, 170, 172, 173, 180, 182, 189, 191, 192, 194, 195, 196, 197, 198, 200, 202, 213, 214, 216, 217, 219, 221, 223, 224, 226, 227, 228, 229, 230, 231, 232, 233, 241, 242, 245, 246, 248, 249, 253, 254, 256, 257, 258, 261, 262, 264, 265, 268, 269, 271, 272, 273, 276, 277, 279, 280, 281, 284, 285, 287, 288, 289, 290, 293, 294, 296, 297, 300, 301, 303, 306, 307, 309, 312, 313, 315], "excluded_lines": [], "functions": {"RegtechAnalyzer.__init__": {"executed_lines": [], "summary": {"covered_lines": 0, "num_statements": 8, "percent_covered": 0.0, "percent_covered_display": "0", "missing_lines": 8, "excluded_lines": 0}, "missing_lines": [24, 26, 31, 32, 33, 34, 36, 38], "excluded_lines": []}, "RegtechAnalyzer.get_regtech_stats": {"executed_lines": [], "summary": {"covered_lines": 0, "num_statements": 24, "percent_covered": 0.0, "percent_covered_display": "0", "missing_lines": 24, "excluded_lines": 0}, "missing_lines": [42, 43, 44, 47, 50, 53, 59, 62, 70, 71, 73, 74, 75, 76, 77, 78, 81, 82, 83, 84, 86, 88, 95, 96], "excluded_lines": []}, "RegtechAnalyzer.get_ip_trends": {"executed_lines": [], "summary": {"covered_lines": 0, "num_statements": 18, "percent_covered": 0.0, "percent_covered_display": "0", "missing_lines": 18, "excluded_lines": 0}, "missing_lines": [100, 101, 104, 115, 116, 117, 120, 121, 122, 125, 126, 127, 128, 129, 130, 132, 134, 135], "excluded_lines": []}, "RegtechAnalyzer.get_top_ip_ranges": {"executed_lines": [], "summary": {"covered_lines": 0, "num_statements": 12, "percent_covered": 0.0, "percent_covered_display": "0", "missing_lines": 12, "excluded_lines": 0}, "missing_lines": [139, 140, 142, 153, 154, 156, 157, 158, 160, 161, 163, 164], "excluded_lines": []}, "RegtechAnalyzer.search_ips": {"executed_lines": [], "summary": {"covered_lines": 0, "num_statements": 21, "percent_covered": 0.0, "percent_covered_display": "0", "missing_lines": 21, "excluded_lines": 0}, "missing_lines": [168, 169, 170, 172, 173, 180, 182, 189, 191, 192, 194, 195, 196, 197, 198, 200, 202, 213, 214, 216, 217], "excluded_lines": []}, "RegtechAnalyzer.get_collection_history": {"executed_lines": [], "summary": {"covered_lines": 0, "num_statements": 17, "percent_covered": 0.0, "percent_covered_display": "0", "missing_lines": 17, "excluded_lines": 0}, "missing_lines": [221, 223, 224, 226, 227, 228, 229, 230, 231, 232, 233, 241, 242, 245, 246, 248, 249], "excluded_lines": []}, "dashboard": {"executed_lines": [], "summary": {"covered_lines": 0, "num_statements": 3, "percent_covered": 0.0, "percent_covered_display": "0", "missing_lines": 3, "excluded_lines": 0}, "missing_lines": [256, 257, 258], "excluded_lines": []}, "api_stats": {"executed_lines": [], "summary": {"covered_lines": 0, "num_statements": 2, "percent_covered": 0.0, "percent_covered_display": "0", "missing_lines": 2, "excluded_lines": 0}, "missing_lines": [264, 265], "excluded_lines": []}, "api_trends": {"executed_lines": [], "summary": {"covered_lines": 0, "num_statements": 3, "percent_covered": 0.0, "percent_covered_display": "0", "missing_lines": 3, "excluded_lines": 0}, "missing_lines": [271, 272, 273], "excluded_lines": []}, "api_top_ranges": {"executed_lines": [], "summary": {"covered_lines": 0, "num_statements": 3, "percent_covered": 0.0, "percent_covered_display": "0", "missing_lines": 3, "excluded_lines": 0}, "missing_lines": [279, 280, 281], "excluded_lines": []}, "api_search": {"executed_lines": [], "summary": {"covered_lines": 0, "num_statements": 4, "percent_covered": 0.0, "percent_covered_display": "0", "missing_lines": 4, "excluded_lines": 0}, "missing_lines": [287, 288, 289, 290], "excluded_lines": []}, "api_collection_history": {"executed_lines": [], "summary": {"covered_lines": 0, "num_statements": 2, "percent_covered": 0.0, "percent_covered_display": "0", "missing_lines": 2, "excluded_lines": 0}, "missing_lines": [296, 297], "excluded_lines": []}, "analysis": {"executed_lines": [], "summary": {"covered_lines": 0, "num_statements": 1, "percent_covered": 0.0, "percent_covered_display": "0", "missing_lines": 1, "excluded_lines": 0}, "missing_lines": [303], "excluded_lines": []}, "search": {"executed_lines": [], "summary": {"covered_lines": 0, "num_statements": 1, "percent_covered": 0.0, "percent_covered_display": "0", "missing_lines": 1, "excluded_lines": 0}, "missing_lines": [309], "excluded_lines": []}, "trends": {"executed_lines": [], "summary": {"covered_lines": 0, "num_statements": 1, "percent_covered": 0.0, "percent_covered_display": "0", "missing_lines": 1, "excluded_lines": 0}, "missing_lines": [315], "excluded_lines": []}, "": {"executed_lines": [], "summary": {"covered_lines": 0, "num_statements": 35, "percent_covered": 0.0, "percent_covered_display": "0", "missing_lines": 35, "excluded_lines": 0}, "missing_lines": [6, 7, 8, 9, 11, 14, 15, 16, 17, 19, 22, 23, 40, 98, 137, 166, 219, 253, 254, 261, 262, 268, 269, 276, 277, 284, 285, 293, 294, 300, 301, 306, 307, 312, 313], "excluded_lines": []}}, "classes": {"RegtechAnalyzer": {"executed_lines": [], "summary": {"covered_lines": 0, "num_statements": 100, "percent_covered": 0.0, "percent_covered_display": "0", "missing_lines": 100, "excluded_lines": 0}, "missing_lines": [24, 26, 31, 32, 33, 34, 36, 38, 42, 43, 44, 47, 50, 53, 59, 62, 70, 71, 73, 74, 75, 76, 77, 78, 81, 82, 83, 84, 86, 88, 95, 96, 100, 101, 104, 115, 116, 117, 120, 121, 122, 125, 126, 127, 128, 129, 130, 132, 134, 135, 139, 140, 142, 153, 154, 156, 157, 158, 160, 161, 163, 164, 168, 169, 170, 172, 173, 180, 182, 189, 191, 192, 194, 195, 196, 197, 198, 200, 202, 213, 214, 216, 217, 221, 223, 224, 226, 227, 228, 229, 230, 231, 232, 233, 241, 242, 245, 246, 248, 249], "excluded_lines": []}, "": {"executed_lines": [], "summary": {"covered_lines": 0, "num_statements": 55, "percent_covered": 0.0, "percent_covered_display": "0", "missing_lines": 55, "excluded_lines": 0}, "missing_lines": [6, 7, 8, 9, 11, 14, 15, 16, 17, 19, 22, 23, 40, 98, 137, 166, 219, 253, 254, 256, 257, 258, 261, 262, 264, 265, 268, 269, 271, 272, 273, 276, 277, 279, 280, 281, 284, 285, 287, 288, 289, 290, 293, 294, 296, 297, 300, 301, 303, 306, 307, 309, 312, 313, 315], "excluded_lines": []}}}, "src/web/routes.py": {"executed_lines": [1, 6, 8, 10, 11, 12, 13, 15, 18, 21, 22, 23, 24, 27, 29, 30], "summary": {"covered_lines": 15, "num_statements": 15, "percent_covered": 100.0, "percent_covered_display": "100", "missing_lines": 0, "excluded_lines": 0}, "missing_lines": [], "excluded_lines": [], "functions": {"": {"executed_lines": [1, 6, 8, 10, 11, 12, 13, 15, 18, 21, 22, 23, 24, 27, 29, 30], "summary": {"covered_lines": 15, "num_statements": 15, "percent_covered": 100.0, "percent_covered_display": "100", "missing_lines": 0, "excluded_lines": 0}, "missing_lines": [], "excluded_lines": []}}, "classes": {"": {"executed_lines": [1, 6, 8, 10, 11, 12, 13, 15, 18, 21, 22, 23, 24, 27, 29, 30], "summary": {"covered_lines": 15, "num_statements": 15, "percent_covered": 100.0, "percent_covered_display": "100", "missing_lines": 0, "excluded_lines": 0}, "missing_lines": [], "excluded_lines": []}}}}, "totals": {"covered_lines": 5013, "num_statements": 19355, "percent_covered": 25.900284164298633, "percent_covered_display": "26", "missing_lines": 14342, "excluded_lines": 2}}