{"meta": {"version": "7.3.2", "timestamp": "2025-08-22T01:21:59.014742", "branch_coverage": false, "show_contexts": false}, "files": {"src/api/api_key_routes.py": {"executed_lines": [2, 6, 8, 10, 11, 13, 16, 19, 20, 21, 22, 30, 65, 66, 67, 93, 94, 95, 117, 118, 119, 156, 157, 158, 193, 194, 195, 238, 239, 240, 270, 271, 275, 276, 280, 281, 285, 286, 290, 291], "summary": {"covered_lines": 40, "num_statements": 119, "percent_covered": 33.61344537815126, "percent_covered_display": "34", "missing_lines": 79, "excluded_lines": 0}, "missing_lines": [32, 33, 35, 38, 45, 47, 60, 61, 62, 69, 70, 74, 75, 77, 85, 86, 87, 97, 98, 99, 101, 102, 107, 109, 110, 111, 121, 122, 125, 126, 127, 133, 135, 136, 137, 141, 146, 147, 148, 160, 161, 164, 165, 166, 172, 174, 175, 176, 180, 185, 186, 187, 197, 198, 199, 201, 202, 204, 205, 222, 230, 231, 232, 242, 243, 244, 246, 256, 257, 258, 262, 264, 265, 266, 272, 277, 282, 287, 292], "excluded_lines": []}, "src/api/auth_routes.py": {"executed_lines": [2, 6, 7, 8, 10, 12, 14, 17, 20, 21, 22, 28, 30, 31, 32, 33, 38, 45, 47, 48, 49, 60, 61, 62, 63, 67, 70, 71, 72, 80, 85, 91, 93, 112, 113, 114, 115, 117, 118, 119, 121, 122, 131, 132, 133, 144, 145, 152, 153, 166, 167, 168, 176, 181, 185, 187, 205, 206, 208, 212, 214, 231, 232, 233, 235, 236, 237, 239, 240, 249, 251, 252, 265, 281, 282, 288, 290, 294, 314, 315, 317, 319, 320, 321, 323, 325, 326, 335, 336, 337, 339, 364, 365, 369, 370, 374, 375, 384, 385], "summary": {"covered_lines": 99, "num_statements": 127, "percent_covered": 77.95275590551181, "percent_covered_display": "78", "missing_lines": 28, "excluded_lines": 0}, "missing_lines": [104, 105, 106, 123, 154, 169, 173, 197, 198, 199, 221, 222, 223, 241, 273, 274, 275, 304, 305, 306, 327, 355, 356, 357, 366, 371, 376, 386], "excluded_lines": []}, "src/api/cicd/__init__.py": {"executed_lines": [1, 6, 7, 8, 10, 12, 15, 18, 19, 48, 49, 68, 69, 85], "summary": {"covered_lines": 13, "num_statements": 31, "percent_covered": 41.935483870967744, "percent_covered_display": "42", "missing_lines": 18, "excluded_lines": 0}, "missing_lines": [21, 22, 33, 34, 35, 36, 51, 52, 62, 63, 64, 65, 71, 72, 79, 80, 81, 82], "excluded_lines": []}, "src/api/collection/__init__.py": {"executed_lines": [2, 6, 7, 8, 9, 11], "summary": {"covered_lines": 6, "num_statements": 6, "percent_covered": 100.0, "percent_covered_display": "100", "missing_lines": 0, "excluded_lines": 0}, "missing_lines": [], "excluded_lines": []}, "src/api/collection/collector_routes.py": {"executed_lines": [2, 7, 9, 10, 12, 13, 14, 16, 20, 22, 27, 28, 29, 52, 53, 54, 55, 98, 99, 100, 101, 144, 145, 146, 147, 192, 193, 194, 195, 238], "summary": {"covered_lines": 30, "num_statements": 138, "percent_covered": 21.73913043478261, "percent_covered_display": "22", "missing_lines": 108, "excluded_lines": 0}, "missing_lines": [17, 18, 31, 32, 37, 38, 39, 43, 47, 48, 49, 57, 58, 64, 65, 67, 68, 69, 71, 72, 73, 81, 88, 89, 90, 103, 104, 110, 111, 113, 114, 115, 117, 118, 119, 127, 134, 135, 136, 149, 150, 156, 157, 159, 160, 161, 163, 164, 165, 175, 182, 183, 184, 197, 198, 204, 205, 207, 208, 209, 211, 212, 213, 221, 228, 229, 230, 240, 242, 245, 246, 247, 248, 250, 251, 252, 253, 257, 267, 268, 270, 271, 273, 275, 277, 278, 279, 280, 281, 285, 286, 287, 292, 293, 294, 295, 296, 300, 301, 302, 307, 308, 311, 312, 313, 315, 318, 319], "excluded_lines": []}, "src/api/collection/config_routes.py": {"executed_lines": [2, 7, 9, 11, 12, 13, 15, 19, 21, 24, 25, 26, 65, 66, 67, 68, 127, 128, 129, 130, 177, 178, 179, 180, 227], "summary": {"covered_lines": 25, "num_statements": 128, "percent_covered": 19.53125, "percent_covered_display": "20", "missing_lines": 103, "excluded_lines": 0}, "missing_lines": [16, 17, 28, 29, 34, 35, 36, 38, 50, 52, 53, 54, 70, 71, 76, 78, 79, 81, 84, 85, 86, 97, 98, 100, 101, 102, 110, 117, 118, 119, 132, 133, 138, 139, 140, 142, 143, 144, 154, 164, 165, 166, 182, 183, 188, 189, 190, 192, 193, 194, 204, 214, 215, 216, 229, 231, 234, 235, 236, 237, 239, 240, 241, 242, 246, 256, 257, 259, 260, 262, 264, 266, 267, 268, 269, 270, 274, 275, 276, 279, 280, 281, 284, 285, 289, 290, 291, 296, 297, 298, 299, 300, 304, 305, 306, 311, 312, 315, 316, 317, 319, 322, 323], "excluded_lines": []}, "src/api/collection/main_routes.py": {"executed_lines": [2, 7, 9, 10, 13, 16, 22, 30, 31, 64], "summary": {"covered_lines": 10, "num_statements": 56, "percent_covered": 17.857142857142858, "percent_covered_display": "18", "missing_lines": 46, "excluded_lines": 0}, "missing_lines": [24, 25, 26, 33, 35, 66, 68, 70, 73, 74, 76, 77, 79, 81, 83, 84, 85, 86, 87, 91, 92, 93, 98, 99, 100, 101, 102, 106, 107, 108, 113, 114, 115, 116, 117, 121, 122, 123, 128, 129, 132, 133, 134, 136, 139, 140], "excluded_lines": []}, "src/api/collection/status_routes.py": {"executed_lines": [2, 7, 8, 10, 12, 13, 14, 16, 20, 22, 25, 26, 27, 63, 64, 65, 111, 112, 113, 156], "summary": {"covered_lines": 20, "num_statements": 100, "percent_covered": 20.0, "percent_covered_display": "20", "missing_lines": 80, "excluded_lines": 0}, "missing_lines": [17, 18, 29, 30, 41, 42, 43, 45, 53, 54, 55, 67, 68, 73, 74, 75, 76, 78, 79, 82, 83, 85, 91, 103, 104, 105, 115, 116, 121, 122, 123, 125, 126, 128, 129, 132, 138, 146, 147, 148, 158, 160, 162, 163, 165, 166, 168, 170, 172, 173, 174, 175, 176, 180, 181, 182, 187, 188, 189, 190, 191, 195, 196, 197, 202, 203, 204, 205, 206, 210, 211, 212, 217, 218, 221, 222, 223, 225, 228, 229], "excluded_lines": []}, "src/api/collection_routes.py": {"executed_lines": [2, 10, 12, 13, 16, 17, 19, 22, 31], "summary": {"covered_lines": 9, "num_statements": 43, "percent_covered": 20.930232558139537, "percent_covered_display": "21", "missing_lines": 34, "excluded_lines": 0}, "missing_lines": [33, 35, 37, 38, 41, 42, 43, 44, 46, 47, 48, 53, 54, 55, 56, 57, 61, 62, 63, 66, 67, 68, 69, 71, 72, 73, 78, 79, 82, 83, 84, 86, 89, 90], "excluded_lines": []}, "src/api/monitoring_routes.py": {"executed_lines": [2, 6, 8, 10, 15, 19, 20, 22, 25, 28, 29, 30, 91, 92, 93, 94, 135, 136, 137, 154, 155, 156, 181, 182, 183, 207, 208, 209, 225, 226, 227, 250, 251, 287, 380, 381, 385, 386, 390, 391, 395, 396, 405, 406, 410], "summary": {"covered_lines": 45, "num_statements": 199, "percent_covered": 22.613065326633166, "percent_covered_display": "23", "missing_lines": 154, "excluded_lines": 0}, "missing_lines": [32, 34, 35, 38, 39, 42, 45, 46, 48, 51, 77, 78, 79, 96, 97, 98, 101, 104, 106, 127, 128, 129, 139, 140, 142, 144, 146, 147, 148, 158, 159, 161, 162, 164, 166, 168, 169, 170, 185, 186, 189, 192, 193, 195, 199, 200, 201, 211, 212, 213, 215, 217, 218, 219, 229, 230, 232, 233, 235, 242, 243, 244, 253, 255, 257, 258, 261, 263, 265, 268, 271, 273, 282, 283, 284, 290, 292, 293, 295, 296, 298, 301, 303, 304, 305, 307, 309, 310, 312, 313, 315, 317, 318, 319, 321, 322, 323, 325, 327, 328, 329, 331, 333, 334, 336, 337, 339, 340, 346, 347, 348, 350, 352, 353, 355, 357, 359, 360, 361, 362, 368, 369, 370, 373, 374, 375, 376, 382, 387, 392, 397, 407, 412, 415, 416, 424, 425, 435, 436, 446, 447, 457, 458, 460, 461, 463, 464, 472, 473, 482, 483, 491, 492, 494], "excluded_lines": []}, "src/common/__init__.py": {"executed_lines": [], "summary": {"covered_lines": 0, "num_statements": 15, "percent_covered": 0.0, "percent_covered_display": "0", "missing_lines": 15, "excluded_lines": 0}, "missing_lines": [2, 7, 9, 10, 14, 16, 20, 22, 23, 24, 27, 29, 30, 31, 32], "excluded_lines": []}, "src/config/__init__.py": {"executed_lines": [1, 5, 6, 7, 8, 9, 11], "summary": {"covered_lines": 6, "num_statements": 6, "percent_covered": 100.0, "percent_covered_display": "100", "missing_lines": 0, "excluded_lines": 0}, "missing_lines": [], "excluded_lines": []}, "src/config/base.py": {"executed_lines": [1, 5, 6, 8, 17, 18, 21, 22, 23, 24, 25, 26, 27, 30, 31, 32, 33, 34, 37, 38, 39, 45, 46, 47, 48, 51, 52, 55, 58, 59, 60, 63, 64, 65, 68, 71, 74, 77, 80, 81, 84, 89, 90, 91, 96, 97, 100, 103, 104, 107, 108, 111, 112, 115, 120, 121, 122, 123, 124, 125, 131, 132, 135, 136, 144, 145, 163, 164, 168, 169], "summary": {"covered_lines": 68, "num_statements": 85, "percent_covered": 80.0, "percent_covered_display": "80", "missing_lines": 17, "excluded_lines": 0}, "missing_lines": [138, 147, 150, 152, 153, 154, 155, 156, 157, 158, 159, 161, 166, 171, 172, 173, 174], "excluded_lines": []}, "src/config/development.py": {"executed_lines": [1, 5, 7, 10, 11, 13, 14, 17, 18, 19, 22, 25, 28, 31, 38, 41, 42, 45, 46, 49, 52, 53, 54, 55, 57, 58, 72, 73, 76], "summary": {"covered_lines": 27, "num_statements": 33, "percent_covered": 81.81818181818181, "percent_covered_display": "82", "missing_lines": 6, "excluded_lines": 0}, "missing_lines": [60, 63, 66, 67, 68, 70], "excluded_lines": []}, "src/config/factory.py": {"executed_lines": [1, 5, 6, 8, 10, 11, 12, 13, 16, 26, 27, 29, 39, 42, 43, 49], "summary": {"covered_lines": 15, "num_statements": 18, "percent_covered": 83.33333333333333, "percent_covered_display": "83", "missing_lines": 3, "excluded_lines": 0}, "missing_lines": [44, 46, 47], "excluded_lines": []}, "src/config/production.py": {"executed_lines": [1, 5, 7, 10, 11, 13, 14, 17, 18, 19, 22, 31, 34, 37, 46, 49, 52, 54, 55, 73, 74], "summary": {"covered_lines": 19, "num_statements": 30, "percent_covered": 63.333333333333336, "percent_covered_display": "63", "missing_lines": 11, "excluded_lines": 0}, "missing_lines": [57, 58, 61, 62, 67, 68, 69, 70, 71, 76, 81], "excluded_lines": []}, "src/config/settings.py": {"executed_lines": [1, 6, 7, 8, 9, 11, 14, 17, 18, 20, 21, 24, 25, 28, 29, 32, 33, 36, 37, 40, 41, 44, 45, 49, 50, 53, 54, 57, 58, 61, 62, 65, 66, 70, 71, 74, 75, 78, 79, 82, 83, 86, 87, 91, 92, 94, 95, 96, 100, 101, 105, 106, 109, 110, 113, 114, 117, 118, 121, 122, 125, 126, 129, 130, 134, 135, 138, 139, 142, 143, 146, 147, 151, 152, 155, 156, 159, 160, 164, 165, 168, 169, 172, 173, 177, 178, 181, 182, 185, 186, 190, 191, 194, 195, 198, 199, 202, 203, 207, 208, 211, 212, 216, 217, 220, 221, 224, 225, 229, 256, 302], "summary": {"covered_lines": 109, "num_statements": 169, "percent_covered": 64.49704142011835, "percent_covered_display": "64", "missing_lines": 60, "excluded_lines": 0}, "missing_lines": [26, 30, 34, 38, 42, 46, 51, 55, 59, 63, 67, 72, 76, 80, 84, 88, 98, 102, 107, 111, 115, 119, 123, 127, 131, 136, 140, 144, 148, 153, 157, 161, 166, 170, 174, 179, 183, 187, 192, 196, 200, 204, 209, 213, 218, 222, 226, 231, 232, 235, 236, 237, 239, 240, 242, 243, 246, 252, 254, 258], "excluded_lines": []}, "src/config/testing.py": {"executed_lines": [1, 5, 6, 8, 13, 14, 16, 17, 20, 23, 26, 27, 30, 31, 34, 35, 36, 37, 38, 41, 44, 45, 46, 49, 52, 55, 56, 57, 58, 61, 62, 63, 64, 66, 67, 85, 86, 89], "summary": {"covered_lines": 36, "num_statements": 45, "percent_covered": 80.0, "percent_covered_display": "80", "missing_lines": 9, "excluded_lines": 0}, "missing_lines": [69, 72, 73, 76, 77, 80, 81, 82, 83], "excluded_lines": []}, "src/core/__init__.py": {"executed_lines": [1, 11, 18, 19, 20, 21, 28, 52, 53, 54], "summary": {"covered_lines": 9, "num_statements": 9, "percent_covered": 100.0, "percent_covered_display": "100", "missing_lines": 0, "excluded_lines": 0}, "missing_lines": [], "excluded_lines": []}, "src/core/advanced_analytics.py": {"executed_lines": [2, 10, 11, 14, 16, 19, 20, 22, 26, 30, 34, 38, 42, 48, 53, 60], "summary": {"covered_lines": 15, "num_statements": 86, "percent_covered": 17.441860465116278, "percent_covered_display": "17", "missing_lines": 71, "excluded_lines": 0}, "missing_lines": [24, 28, 32, 36, 40, 46, 50, 55, 62, 64, 66, 67, 69, 72, 73, 74, 75, 76, 77, 79, 80, 81, 84, 85, 86, 87, 88, 89, 93, 94, 95, 98, 99, 100, 101, 102, 103, 107, 108, 111, 114, 115, 116, 117, 118, 119, 123, 124, 125, 126, 127, 130, 131, 132, 133, 134, 135, 140, 141, 142, 143, 144, 145, 150, 151, 154, 155, 156, 158, 161, 162], "excluded_lines": []}, "src/core/analytics/__init__.py": {"executed_lines": [2, 6, 7, 8, 9, 10, 11, 13], "summary": {"covered_lines": 8, "num_statements": 8, "percent_covered": 100.0, "percent_covered_display": "100", "missing_lines": 0, "excluded_lines": 0}, "missing_lines": [], "excluded_lines": []}, "src/core/analytics/analytics_coordinator.py": {"executed_lines": [2, 7, 9, 10, 11, 12, 13, 14, 17, 18, 20, 30, 34, 38, 42, 46, 52, 65, 68], "summary": {"covered_lines": 18, "num_statements": 79, "percent_covered": 22.78481012658228, "percent_covered_display": "23", "missing_lines": 61, "excluded_lines": 0}, "missing_lines": [21, 24, 25, 26, 27, 28, 32, 36, 40, 44, 50, 54, 70, 72, 74, 75, 77, 80, 81, 82, 83, 84, 85, 88, 89, 90, 91, 92, 93, 98, 99, 100, 101, 102, 103, 108, 109, 110, 111, 112, 113, 118, 119, 120, 121, 122, 123, 128, 129, 130, 131, 132, 133, 138, 139, 142, 143, 144, 146, 149, 150], "excluded_lines": []}, "src/core/analytics/base_analyzer.py": {"executed_lines": [2, 6, 7, 8, 10, 13, 14, 16, 19, 27, 40, 48], "summary": {"covered_lines": 11, "num_statements": 36, "percent_covered": 30.555555555555557, "percent_covered_display": "31", "missing_lines": 25, "excluded_lines": 0}, "missing_lines": [17, 21, 22, 23, 24, 25, 29, 30, 31, 32, 33, 34, 35, 36, 37, 38, 42, 43, 44, 45, 46, 50, 52, 53, 55], "excluded_lines": []}, "src/core/analytics/correlation_analyzer.py": {"executed_lines": [2, 7, 8, 10, 13, 14, 16, 22, 41, 72, 92, 110, 125], "summary": {"covered_lines": 12, "num_statements": 54, "percent_covered": 22.22222222222222, "percent_covered_display": "22", "missing_lines": 42, "excluded_lines": 0}, "missing_lines": [18, 25, 28, 30, 43, 52, 54, 55, 56, 57, 70, 74, 83, 85, 86, 87, 88, 90, 96, 99, 100, 101, 102, 105, 106, 108, 112, 113, 114, 115, 117, 118, 122, 127, 128, 130, 131, 132, 133, 136, 137, 139], "excluded_lines": []}, "src/core/analytics/network_analyzer.py": {"executed_lines": [2, 7, 8, 9, 11, 14, 15, 17, 21, 48, 53, 80, 113, 137], "summary": {"covered_lines": 13, "num_statements": 67, "percent_covered": 19.402985074626866, "percent_covered_display": "19", "missing_lines": 54, "excluded_lines": 0}, "missing_lines": [19, 24, 27, 30, 33, 35, 50, 51, 55, 57, 58, 59, 60, 61, 62, 64, 70, 84, 86, 87, 88, 89, 91, 92, 93, 94, 96, 97, 98, 99, 100, 102, 111, 116, 117, 119, 120, 121, 122, 123, 125, 126, 127, 129, 130, 139, 140, 142, 143, 144, 145, 146, 147, 149], "excluded_lines": []}, "src/core/analytics/predictive_analyzer.py": {"executed_lines": [2, 7, 9, 12, 13, 15, 19, 40, 51, 81, 112, 123, 135, 164], "summary": {"covered_lines": 13, "num_statements": 67, "percent_covered": 19.402985074626866, "percent_covered_display": "19", "missing_lines": 54, "excluded_lines": 0}, "missing_lines": [17, 22, 23, 26, 29, 31, 42, 49, 53, 54, 57, 58, 64, 65, 67, 68, 69, 70, 71, 72, 74, 83, 96, 98, 99, 100, 101, 110, 114, 116, 117, 118, 119, 121, 126, 139, 141, 145, 146, 150, 151, 153, 161, 166, 167, 169, 170, 171, 172, 173, 174, 175, 176, 178], "excluded_lines": []}, "src/core/analytics/report_generator.py": {"executed_lines": [2, 7, 8, 10, 13, 14, 16, 25, 67, 87, 92, 98], "summary": {"covered_lines": 11, "num_statements": 46, "percent_covered": 23.91304347826087, "percent_covered_display": "24", "missing_lines": 35, "excluded_lines": 0}, "missing_lines": [20, 28, 29, 30, 31, 34, 35, 36, 37, 39, 40, 41, 42, 44, 60, 61, 62, 63, 65, 71, 72, 76, 90, 95, 100, 101, 103, 104, 105, 106, 107, 108, 109, 110, 112], "excluded_lines": []}, "src/core/analytics/threat_intelligence.py": {"executed_lines": [2, 7, 8, 10, 13, 14, 16, 20, 49, 54, 65, 92, 119, 145, 171, 182], "summary": {"covered_lines": 15, "num_statements": 69, "percent_covered": 21.73913043478261, "percent_covered_display": "22", "missing_lines": 54, "excluded_lines": 0}, "missing_lines": [18, 23, 24, 27, 30, 33, 35, 51, 52, 56, 62, 63, 67, 77, 79, 80, 81, 82, 90, 94, 103, 105, 106, 107, 108, 117, 121, 130, 132, 133, 134, 135, 143, 149, 150, 154, 155, 156, 157, 158, 159, 160, 162, 173, 179, 184, 185, 187, 188, 189, 190, 191, 192, 194], "excluded_lines": []}, "src/core/app/__init__.py": {"executed_lines": [1], "summary": {"covered_lines": 0, "num_statements": 0, "percent_covered": 100.0, "percent_covered_display": "100", "missing_lines": 0, "excluded_lines": 0}, "missing_lines": [], "excluded_lines": []}, "src/core/app/blueprints.py": {"executed_lines": [2, 8, 10, 13, 14, 16, 19, 20, 22, 23, 30, 32, 33, 36, 38, 39, 42, 43, 45, 46, 51, 52, 54, 55, 60, 61, 63, 64, 69, 70, 72, 73, 78, 79, 81, 82, 87, 88, 90, 91, 96, 97, 99, 100, 108, 111, 112, 113, 116, 117, 119, 121, 122, 127, 128, 134, 137, 138, 140, 141, 147, 150, 151, 153, 154, 161, 162, 164, 165, 172, 173, 175, 176, 185, 186, 188, 189, 198, 199, 201, 202], "summary": {"covered_lines": 80, "num_statements": 111, "percent_covered": 72.07207207207207, "percent_covered_display": "72", "missing_lines": 31, "excluded_lines": 0}, "missing_lines": [26, 27, 47, 48, 56, 57, 65, 66, 74, 75, 83, 84, 92, 93, 101, 102, 124, 129, 130, 142, 143, 155, 156, 166, 167, 177, 178, 190, 191, 203, 204], "excluded_lines": []}, "src/core/app/config.py": {"executed_lines": [2, 8, 11, 12, 14, 17, 19, 22, 29, 31, 33, 35, 37, 39, 40, 43, 62, 64, 65, 67, 68, 69, 71, 72, 77, 81, 83, 84, 85, 87], "summary": {"covered_lines": 29, "num_statements": 35, "percent_covered": 82.85714285714286, "percent_covered_display": "83", "missing_lines": 6, "excluded_lines": 0}, "missing_lines": [23, 25, 78, 79, 88, 89], "excluded_lines": []}, "src/core/app/error_handlers.py": {"executed_lines": [2, 8, 10, 11, 13, 16, 17, 19, 22, 23, 27, 28, 30, 32, 34, 35, 43, 44], "summary": {"covered_lines": 17, "num_statements": 25, "percent_covered": 68.0, "percent_covered_display": "68", "missing_lines": 8, "excluded_lines": 0}, "missing_lines": [25, 31, 37, 46, 49, 50, 51, 56], "excluded_lines": []}, "src/core/app/middleware.py": {"executed_lines": [2, 8, 9, 11, 13, 14, 16, 19, 20, 22, 25, 26, 28, 29, 32, 34, 42, 43, 46, 47, 50, 53, 54, 55, 58, 60, 62, 65, 67, 69, 72, 73, 75, 76, 77, 80, 81, 83, 86, 87, 88, 90, 93, 98, 107, 109, 112, 113], "summary": {"covered_lines": 47, "num_statements": 69, "percent_covered": 68.1159420289855, "percent_covered_display": "68", "missing_lines": 22, "excluded_lines": 0}, "missing_lines": [59, 61, 63, 94, 95, 99, 100, 101, 103, 105, 114, 116, 117, 118, 119, 120, 121, 122, 123, 124, 125, 126], "excluded_lines": []}, "src/core/app_compact.py": {"executed_lines": [2, 12, 13, 15, 17, 18, 19, 20, 21, 22, 25, 29, 32, 33, 34, 36, 39, 45, 47, 49, 50, 53, 54, 55, 60, 62, 64, 65, 68, 70, 71, 73, 78, 81, 82, 84, 86, 87, 90, 91, 92, 93, 94, 97, 98, 101, 104, 107, 110, 111, 112, 115, 116, 119, 120, 121, 122, 125, 128, 129, 131, 132, 137, 138, 141, 146, 150, 155, 172, 174, 176, 177, 180, 181, 184, 186, 189, 192, 193, 197, 199, 209, 211, 212, 215, 224, 274, 276], "summary": {"covered_lines": 87, "num_statements": 123, "percent_covered": 70.73170731707317, "percent_covered_display": "71", "missing_lines": 36, "excluded_lines": 0}, "missing_lines": [56, 57, 58, 133, 134, 147, 148, 157, 158, 160, 161, 163, 164, 165, 170, 205, 206, 217, 227, 229, 231, 232, 233, 235, 236, 239, 240, 241, 243, 244, 246, 249, 261, 262, 270, 277], "excluded_lines": []}, "src/core/blacklist_unified.py": {"executed_lines": [], "summary": {"covered_lines": 0, "num_statements": 3, "percent_covered": 0.0, "percent_covered_display": "0", "missing_lines": 3, "excluded_lines": 0}, "missing_lines": [2, 10, 18], "excluded_lines": []}, "src/core/blacklist_unified/__init__.py": {"executed_lines": [1, 3, 4, 6], "summary": {"covered_lines": 3, "num_statements": 3, "percent_covered": 100.0, "percent_covered_display": "100", "missing_lines": 0, "excluded_lines": 0}, "missing_lines": [], "excluded_lines": []}, "src/core/blacklist_unified/data_service.py": {"executed_lines": [2, 19, 20, 21, 22, 23, 24, 26, 27, 28, 29, 30, 31, 32, 34, 37, 38, 40, 43, 44, 45, 46, 49, 50, 53, 55, 57, 61, 130, 140, 141, 195, 243, 252], "summary": {"covered_lines": 33, "num_statements": 146, "percent_covered": 22.602739726027398, "percent_covered_display": "23", "missing_lines": 113, "excluded_lines": 0}, "missing_lines": [59, 69, 71, 72, 74, 75, 78, 79, 80, 82, 83, 84, 85, 86, 89, 91, 94, 95, 96, 97, 100, 102, 103, 104, 105, 107, 108, 111, 112, 114, 125, 128, 132, 134, 135, 136, 138, 143, 144, 145, 146, 148, 168, 169, 170, 184, 186, 187, 189, 190, 197, 198, 205, 207, 208, 211, 212, 213, 218, 219, 220, 221, 223, 224, 225, 229, 230, 232, 240, 241, 245, 246, 247, 248, 249, 254, 255, 257, 258, 261, 262, 264, 265, 266, 268, 269, 270, 272, 273, 274, 275, 277, 280, 281, 284, 285, 286, 287, 289, 290, 292, 293, 295, 298, 299, 302, 303, 306, 307, 308, 310, 313, 314], "excluded_lines": []}, "src/core/blacklist_unified/database_operations.py": {"executed_lines": [2, 19, 20, 21, 22, 23, 25, 27, 28, 30, 33, 34, 36, 37, 38, 41, 50, 52, 157, 228, 264, 305], "summary": {"covered_lines": 21, "num_statements": 145, "percent_covered": 14.482758620689655, "percent_covered_display": "14", "missing_lines": 124, "excluded_lines": 0}, "missing_lines": [59, 60, 61, 63, 65, 66, 67, 70, 95, 96, 98, 100, 101, 102, 119, 130, 131, 135, 136, 137, 138, 140, 142, 143, 144, 145, 147, 148, 150, 159, 161, 162, 163, 165, 175, 176, 177, 179, 180, 181, 183, 184, 186, 187, 190, 191, 193, 195, 196, 197, 198, 199, 207, 208, 209, 211, 212, 213, 214, 217, 219, 220, 223, 224, 230, 232, 234, 235, 236, 239, 243, 246, 252, 254, 255, 260, 261, 262, 266, 267, 269, 270, 271, 274, 277, 280, 286, 288, 289, 290, 294, 295, 297, 307, 309, 310, 313, 314, 316, 317, 318, 320, 321, 322, 324, 327, 328, 331, 332, 333, 346, 360, 361, 363, 366, 367, 370, 371, 374, 375, 376, 378, 381, 382], "excluded_lines": []}, "src/core/blacklist_unified/expiration_service.py": {"executed_lines": [2, 6, 7, 8, 9, 11, 12, 13, 15, 18, 19, 21, 24, 25, 26, 29, 36, 38, 40, 41, 113, 174, 255], "summary": {"covered_lines": 22, "num_statements": 123, "percent_covered": 17.88617886178862, "percent_covered_display": "18", "missing_lines": 101, "excluded_lines": 0}, "missing_lines": [34, 43, 44, 45, 48, 49, 52, 61, 64, 76, 77, 79, 82, 83, 85, 93, 94, 96, 98, 99, 100, 105, 106, 107, 115, 116, 117, 120, 125, 126, 133, 144, 145, 148, 149, 151, 159, 160, 161, 166, 167, 168, 178, 179, 180, 182, 183, 185, 186, 187, 189, 190, 191, 194, 195, 196, 197, 198, 199, 202, 204, 206, 207, 218, 219, 221, 223, 224, 226, 229, 231, 240, 241, 242, 247, 248, 249, 257, 258, 259, 262, 267, 268, 269, 275, 278, 279, 280, 283, 286, 297, 298, 301, 302, 304, 314, 315, 316, 321, 322, 323], "excluded_lines": []}, "src/core/blacklist_unified/file_operations.py": {"executed_lines": [2, 19, 20, 21, 22, 23, 25, 27, 30, 31, 33, 34, 35, 36, 38, 40, 82, 106, 145, 175, 206], "summary": {"covered_lines": 20, "num_statements": 164, "percent_covered": 12.195121951219512, "percent_covered_display": "12", "missing_lines": 144, "excluded_lines": 0}, "missing_lines": [42, 44, 45, 48, 49, 50, 55, 58, 59, 60, 61, 62, 63, 66, 67, 68, 69, 70, 74, 75, 76, 77, 79, 80, 84, 87, 88, 89, 90, 91, 92, 93, 94, 95, 96, 97, 98, 101, 102, 104, 108, 110, 111, 112, 113, 114, 116, 118, 119, 122, 123, 126, 132, 133, 134, 135, 136, 138, 139, 143, 147, 153, 154, 155, 156, 157, 158, 159, 160, 162, 163, 164, 165, 166, 167, 168, 169, 171, 173, 177, 183, 184, 185, 186, 187, 188, 189, 190, 191, 193, 194, 195, 196, 197, 198, 199, 200, 201, 203, 208, 209, 211, 212, 215, 216, 217, 218, 219, 220, 222, 225, 226, 229, 230, 231, 232, 233, 239, 242, 243, 244, 246, 249, 250, 253, 254, 255, 256, 257, 258, 260, 261, 263, 264, 267, 268, 271, 272, 275, 276, 277, 279, 282, 283], "excluded_lines": []}, "src/core/blacklist_unified/manager.py": {"executed_lines": [2, 6, 7, 8, 9, 10, 12, 14, 15, 16, 17, 18, 20, 23, 24, 26, 34, 35, 36, 39, 42, 45, 48, 51, 52, 59, 60, 61, 64, 69, 70, 73, 75, 77, 85, 86, 88, 90, 91, 100, 103, 104, 105, 106, 108, 109, 111, 112, 130, 131, 134, 138, 144, 156, 160, 164, 168, 172, 176, 180, 184, 188, 192, 196, 200, 205, 209, 210, 233, 235, 236, 239], "summary": {"covered_lines": 71, "num_statements": 120, "percent_covered": 59.166666666666664, "percent_covered_display": "59", "missing_lines": 49, "excluded_lines": 0}, "missing_lines": [46, 54, 56, 89, 92, 94, 95, 97, 98, 113, 114, 117, 120, 122, 123, 125, 126, 128, 136, 142, 152, 158, 162, 166, 170, 174, 178, 182, 186, 190, 194, 198, 202, 207, 212, 213, 215, 216, 219, 220, 221, 225, 227, 229, 230, 231, 252, 253, 254], "excluded_lines": []}, "src/core/blacklist_unified/models.py": {"executed_lines": [2, 6, 7, 8, 11, 12, 14, 27, 28, 30, 36, 37, 38, 40, 41, 42, 43, 44, 45, 46, 47, 48], "summary": {"covered_lines": 19, "num_statements": 26, "percent_covered": 73.07692307692308, "percent_covered_display": "73", "missing_lines": 7, "excluded_lines": 0}, "missing_lines": [21, 22, 23, 24, 31, 32, 33], "excluded_lines": []}, "src/core/blacklist_unified/search_service.py": {"executed_lines": [2, 6, 7, 8, 9, 10, 11, 12, 14, 15, 16, 18, 21, 22, 24, 27, 28, 29, 30, 31, 34, 41, 43, 44, 46, 48, 49, 50, 59, 60, 61, 66, 67, 70, 71, 73, 76, 84, 97, 100, 102, 104, 106, 108, 110, 123, 141, 146, 148, 149, 150, 151, 154, 209, 210, 211, 216, 218, 219, 220, 223, 237, 245, 249, 250], "summary": {"covered_lines": 64, "num_statements": 124, "percent_covered": 51.61290322580645, "percent_covered_display": "52", "missing_lines": 60, "excluded_lines": 0}, "missing_lines": [39, 62, 63, 74, 85, 111, 112, 113, 114, 115, 116, 117, 118, 119, 120, 124, 125, 126, 127, 128, 129, 130, 132, 133, 134, 135, 136, 138, 139, 173, 174, 175, 178, 179, 185, 186, 189, 191, 212, 213, 214, 246, 247, 254, 255, 258, 260, 262, 267, 268, 269, 270, 271, 272, 273, 274, 284, 285, 288, 290], "excluded_lines": []}, "src/core/blacklist_unified/statistics_service.py": {"executed_lines": [2, 7, 8, 9, 10, 11, 13, 14, 16, 19, 20, 22, 24, 25, 26, 29, 37, 39, 103, 138, 175, 230, 234, 238, 240, 241, 243, 245, 249, 250, 331, 334, 336, 337, 338, 419, 420, 421, 446], "summary": {"covered_lines": 38, "num_statements": 150, "percent_covered": 25.333333333333332, "percent_covered_display": "25", "missing_lines": 112, "excluded_lines": 0}, "missing_lines": [41, 42, 43, 46, 49, 52, 60, 63, 71, 74, 84, 86, 93, 94, 95, 105, 106, 107, 108, 110, 125, 134, 135, 136, 140, 141, 142, 143, 146, 159, 164, 166, 171, 172, 173, 177, 178, 179, 180, 183, 186, 189, 190, 193, 201, 203, 215, 216, 217, 232, 236, 253, 255, 256, 257, 258, 261, 264, 267, 270, 273, 281, 282, 283, 284, 287, 288, 289, 292, 298, 299, 303, 305, 319, 322, 325, 327, 328, 329, 332, 339, 340, 343, 346, 349, 350, 353, 359, 362, 370, 371, 372, 375, 376, 377, 383, 384, 385, 386, 387, 390, 396, 397, 404, 408, 432, 433, 434, 447, 448, 449, 450], "excluded_lines": []}, "src/core/collection_dashboard.py": {"executed_lines": [2, 7, 8, 9, 10, 11, 13, 16, 17, 19, 25, 74, 152, 255, 334, 377, 428], "summary": {"covered_lines": 16, "num_statements": 163, "percent_covered": 9.815950920245399, "percent_covered_display": "10", "missing_lines": 147, "excluded_lines": 0}, "missing_lines": [20, 21, 23, 27, 28, 29, 31, 53, 60, 67, 68, 69, 71, 72, 86, 87, 88, 91, 99, 101, 103, 124, 144, 145, 146, 148, 149, 150, 154, 155, 156, 159, 160, 163, 174, 177, 178, 181, 182, 183, 184, 193, 194, 196, 197, 202, 203, 206, 207, 208, 212, 213, 217, 220, 221, 222, 225, 226, 229, 232, 234, 236, 238, 251, 252, 253, 257, 258, 259, 261, 262, 265, 280, 281, 282, 283, 294, 308, 309, 310, 311, 318, 320, 330, 331, 332, 336, 337, 338, 340, 341, 344, 354, 357, 358, 360, 361, 364, 365, 366, 368, 370, 371, 373, 374, 375, 379, 380, 381, 382, 385, 386, 388, 397, 398, 399, 402, 403, 405, 407, 423, 424, 425, 430, 432, 433, 435, 436, 437, 446, 447, 448, 449, 450, 451, 452, 454, 455, 456, 457, 458, 459, 461, 462, 463, 464, 465], "excluded_lines": []}, "src/core/collection_db_collector.py": {"executed_lines": [2, 7, 8, 9, 10, 12, 13, 15, 16, 20, 23, 24, 26, 28, 29, 31, 36, 107, 120, 218, 235, 256, 292, 296, 302], "summary": {"covered_lines": 24, "num_statements": 164, "percent_covered": 14.634146341463415, "percent_covered_display": "15", "missing_lines": 140, "excluded_lines": 0}, "missing_lines": [17, 18, 33, 34, 45, 46, 47, 48, 49, 52, 53, 54, 55, 56, 59, 60, 61, 62, 63, 68, 79, 80, 81, 85, 87, 88, 89, 92, 105, 109, 130, 131, 132, 133, 134, 137, 138, 139, 141, 143, 144, 146, 148, 149, 150, 153, 156, 161, 162, 166, 167, 168, 171, 175, 176, 178, 181, 184, 193, 194, 196, 198, 199, 201, 202, 203, 205, 207, 209, 210, 211, 212, 213, 214, 216, 220, 221, 224, 225, 226, 227, 228, 229, 230, 231, 233, 237, 238, 239, 240, 242, 243, 244, 245, 248, 249, 251, 252, 253, 254, 261, 262, 264, 265, 266, 268, 269, 270, 272, 273, 275, 276, 277, 279, 281, 294, 298, 303, 304, 305, 308, 311, 312, 315, 316, 317, 318, 319, 321, 323, 324, 325, 326, 328, 331, 332, 333, 334, 335, 337], "excluded_lines": []}, "src/core/collection_manager.py": {"executed_lines": [], "summary": {"covered_lines": 0, "num_statements": 3, "percent_covered": 0.0, "percent_covered_display": "0", "missing_lines": 3, "excluded_lines": 0}, "missing_lines": [2, 10, 19], "excluded_lines": []}, "src/core/collection_manager/__init__.py": {"executed_lines": [1, 3, 4, 5, 6, 7, 9], "summary": {"covered_lines": 6, "num_statements": 6, "percent_covered": 100.0, "percent_covered_display": "100", "missing_lines": 0, "excluded_lines": 0}, "missing_lines": [], "excluded_lines": []}, "src/core/collection_manager/auth_service.py": {"executed_lines": [2, 7, 8, 9, 10, 12, 15, 16, 18, 19, 20, 22, 24, 25, 26, 29, 31, 41, 43, 49, 51, 52, 54, 59, 84, 86, 87, 88, 90, 92, 120, 135, 136, 148, 161, 162, 163, 165, 207, 253, 255, 256, 257, 259, 264, 266], "summary": {"covered_lines": 45, "num_statements": 107, "percent_covered": 42.05607476635514, "percent_covered_display": "42", "missing_lines": 62, "excluded_lines": 0}, "missing_lines": [44, 47, 55, 56, 57, 63, 64, 65, 71, 76, 78, 79, 81, 82, 94, 106, 107, 109, 137, 138, 167, 168, 169, 171, 173, 177, 179, 182, 189, 190, 192, 195, 203, 204, 205, 209, 210, 211, 212, 214, 215, 226, 236, 237, 238, 247, 249, 250, 251, 268, 269, 270, 272, 274, 278, 280, 285, 287, 290, 296, 297, 298], "excluded_lines": []}, "src/core/collection_manager/config_service.py": {"executed_lines": [2, 7, 8, 9, 10, 11, 12, 13, 15, 18, 19, 21, 22, 23, 24, 26, 28, 30, 31, 32, 33, 34, 57, 74, 76, 79, 80, 81, 82, 87, 88, 110, 111, 113, 134, 156, 184, 204, 206, 207, 211, 216, 228], "summary": {"covered_lines": 42, "num_statements": 113, "percent_covered": 37.16814159292036, "percent_covered_display": "37", "missing_lines": 71, "excluded_lines": 0}, "missing_lines": [35, 36, 39, 40, 41, 42, 45, 46, 47, 48, 49, 50, 51, 54, 55, 59, 83, 84, 89, 92, 103, 108, 109, 115, 118, 125, 126, 127, 128, 129, 131, 132, 136, 137, 138, 141, 144, 146, 147, 149, 150, 151, 152, 154, 158, 159, 160, 163, 174, 178, 179, 181, 182, 188, 190, 191, 193, 194, 197, 200, 202, 213, 214, 218, 219, 230, 232, 233, 235, 236, 238], "excluded_lines": []}, "src/core/collection_manager/manager.py": {"executed_lines": [2, 9, 10, 11, 12, 13, 14, 16, 17, 18, 19, 21, 24, 25, 27, 39, 40, 43, 46, 47, 48, 49, 54, 56, 60, 62, 64, 69, 77, 166, 203, 268, 270, 272, 274, 276, 280, 286, 290, 295, 299, 303, 307, 313, 317, 318, 320, 322, 326, 328, 329, 331, 332, 333, 334, 352, 354, 355, 356, 357, 358, 360, 361], "summary": {"covered_lines": 62, "num_statements": 167, "percent_covered": 37.125748502994014, "percent_covered_display": "37", "missing_lines": 105, "excluded_lines": 0}, "missing_lines": [65, 66, 70, 74, 75, 85, 87, 88, 92, 93, 101, 106, 107, 108, 109, 112, 113, 114, 115, 116, 119, 120, 121, 122, 128, 132, 138, 139, 142, 144, 155, 156, 158, 159, 160, 168, 170, 171, 172, 173, 176, 177, 178, 179, 183, 184, 186, 192, 193, 195, 196, 197, 205, 206, 213, 220, 221, 223, 224, 225, 226, 227, 228, 229, 232, 233, 234, 235, 236, 237, 238, 239, 240, 241, 244, 245, 249, 256, 257, 259, 260, 261, 278, 284, 288, 292, 297, 301, 305, 309, 315, 324, 337, 339, 340, 343, 344, 345, 347, 348, 349, 350, 366, 367, 368], "excluded_lines": []}, "src/core/collection_manager/protection_service.py": {"executed_lines": [2, 7, 8, 9, 10, 11, 12, 13, 15, 18, 19, 21, 22, 23, 24, 27, 30, 34, 40, 43, 44, 47, 53, 54, 57, 59, 61, 62, 93, 95, 96, 97, 98, 102, 104, 130, 166, 168, 170, 171, 173, 208, 209, 210, 212, 213, 214, 216, 225, 226, 228, 229, 230, 232, 256, 258, 259, 260, 262, 272, 297], "summary": {"covered_lines": 60, "num_statements": 151, "percent_covered": 39.735099337748345, "percent_covered_display": "40", "missing_lines": 91, "excluded_lines": 0}, "missing_lines": [48, 49, 50, 55, 64, 65, 66, 69, 76, 77, 80, 81, 84, 86, 87, 89, 91, 99, 100, 106, 107, 108, 110, 111, 114, 117, 118, 124, 125, 127, 128, 132, 133, 134, 136, 148, 160, 161, 163, 164, 175, 177, 178, 179, 182, 190, 192, 193, 194, 196, 204, 205, 234, 236, 238, 239, 240, 241, 244, 245, 246, 247, 248, 249, 251, 252, 254, 274, 275, 284, 285, 286, 288, 291, 293, 294, 295, 299, 300, 301, 302, 304, 305, 307, 309, 311, 312, 314, 316, 317, 318], "excluded_lines": []}, "src/core/collection_manager/status_service.py": {"executed_lines": [2, 7, 8, 9, 10, 12, 13, 14, 16, 19, 20, 22, 28, 29, 30, 32, 34, 36, 37, 40, 43, 46, 49, 51, 77, 79, 88, 90, 91, 93, 94, 95, 97, 105, 107, 126, 143, 158, 160, 162, 163, 167, 168, 172, 182, 188, 203], "summary": {"covered_lines": 46, "num_statements": 97, "percent_covered": 47.422680412371136, "percent_covered_display": "47", "missing_lines": 51, "excluded_lines": 0}, "missing_lines": [67, 68, 69, 109, 112, 122, 124, 128, 131, 132, 139, 140, 141, 145, 146, 148, 153, 154, 155, 156, 164, 169, 173, 174, 175, 178, 179, 180, 184, 185, 186, 190, 192, 205, 213, 216, 217, 218, 220, 223, 224, 225, 227, 230, 231, 234, 235, 236, 239, 241, 243], "excluded_lines": []}, "src/core/collection_progress.py": {"executed_lines": [2, 5, 6, 7, 8, 9, 10, 12, 15, 16, 18, 19, 20, 21, 22, 23, 24, 25, 26, 29, 30, 31, 33, 34, 35, 36, 37, 38, 39, 40, 41, 42, 43, 44, 46, 66, 74, 75, 77, 78, 79, 81, 93, 130, 157, 170, 174, 196, 203, 211, 227, 243, 260, 263, 266, 267, 268], "summary": {"covered_lines": 54, "num_statements": 124, "percent_covered": 43.54838709677419, "percent_covered_display": "44", "missing_lines": 70, "excluded_lines": 0}, "missing_lines": [48, 68, 69, 70, 71, 83, 84, 91, 97, 98, 99, 101, 102, 103, 106, 115, 116, 117, 121, 126, 128, 138, 139, 140, 142, 143, 144, 146, 148, 149, 150, 152, 153, 155, 159, 160, 161, 163, 164, 165, 166, 167, 168, 172, 181, 182, 183, 185, 186, 187, 188, 189, 191, 192, 194, 198, 199, 200, 201, 205, 206, 213, 214, 221, 229, 230, 240, 241, 245, 256], "excluded_lines": []}, "src/core/collection_unified.py": {"executed_lines": [2, 7, 8, 9, 10, 11, 12, 14, 15, 17, 20, 21, 23, 40, 53, 80, 108, 118, 128, 219, 229, 237, 278, 319], "summary": {"covered_lines": 23, "num_statements": 179, "percent_covered": 12.849162011173185, "percent_covered_display": "13", "missing_lines": 156, "excluded_lines": 0}, "missing_lines": [24, 25, 26, 29, 30, 33, 36, 38, 42, 43, 45, 46, 48, 49, 50, 51, 57, 58, 66, 69, 70, 71, 73, 74, 76, 77, 78, 82, 84, 85, 86, 87, 88, 91, 92, 93, 94, 96, 97, 102, 104, 105, 106, 110, 111, 112, 113, 114, 115, 116, 120, 121, 122, 125, 126, 134, 135, 136, 137, 139, 150, 152, 153, 154, 155, 156, 159, 160, 167, 168, 170, 171, 172, 173, 174, 177, 178, 187, 188, 190, 192, 195, 196, 197, 198, 199, 200, 202, 203, 205, 206, 207, 209, 211, 212, 213, 216, 217, 221, 223, 224, 225, 226, 227, 231, 233, 234, 235, 239, 242, 243, 244, 246, 248, 249, 250, 251, 252, 255, 256, 257, 258, 259, 260, 261, 265, 280, 298, 299, 300, 301, 308, 309, 310, 311, 313, 315, 321, 324, 325, 326, 329, 330, 333, 334, 335, 338, 339, 340, 343, 344, 349, 350, 351, 352, 355], "excluded_lines": []}, "src/core/collection_unified_configurable.py": {"executed_lines": [], "summary": {"covered_lines": 0, "num_statements": 180, "percent_covered": 0.0, "percent_covered_display": "0", "missing_lines": 180, "excluded_lines": 0}, "missing_lines": [2, 11, 12, 13, 14, 16, 17, 19, 20, 21, 22, 23, 25, 26, 27, 29, 32, 35, 38, 41, 42, 45, 47, 50, 53, 57, 60, 63, 64, 66, 67, 72, 80, 84, 86, 88, 90, 92, 100, 101, 102, 109, 110, 118, 119, 120, 121, 122, 123, 127, 138, 139, 140, 144, 146, 147, 148, 151, 152, 154, 163, 164, 165, 166, 168, 169, 170, 171, 174, 175, 177, 179, 180, 182, 183, 184, 187, 188, 190, 194, 195, 196, 199, 203, 204, 207, 208, 217, 219, 221, 222, 224, 225, 226, 227, 228, 230, 232, 234, 235, 236, 237, 238, 239, 241, 243, 245, 246, 249, 250, 251, 252, 253, 254, 255, 256, 258, 260, 262, 263, 264, 265, 267, 268, 269, 270, 273, 274, 275, 276, 278, 279, 280, 282, 284, 285, 288, 291, 294, 295, 296, 297, 304, 305, 306, 307, 308, 309, 314, 318, 336, 337, 338, 341, 343, 344, 345, 348, 349, 352, 353, 374, 376, 377, 380, 381, 384, 385, 388, 389, 391, 392, 393, 396, 397, 399, 400, 402, 403, 404], "excluded_lines": []}, "src/core/collectors/collector_factory.py": {"executed_lines": [2, 6, 7, 8, 10, 13, 14, 16, 19, 20, 22, 26, 33, 55, 87, 109, 141, 148, 161, 174, 192, 208, 220, 226, 229, 237], "summary": {"covered_lines": 25, "num_statements": 136, "percent_covered": 18.38235294117647, "percent_covered_display": "18", "missing_lines": 111, "excluded_lines": 0}, "missing_lines": [11, 23, 24, 28, 29, 30, 31, 35, 37, 38, 39, 40, 43, 44, 45, 46, 48, 49, 51, 52, 53, 57, 59, 60, 62, 63, 64, 66, 69, 81, 83, 84, 85, 89, 90, 93, 103, 105, 106, 107, 111, 113, 116, 117, 118, 121, 124, 125, 126, 129, 130, 131, 132, 134, 135, 137, 138, 139, 143, 144, 146, 150, 151, 153, 154, 155, 156, 157, 158, 159, 163, 164, 166, 167, 168, 169, 170, 171, 172, 176, 177, 179, 180, 181, 182, 184, 188, 189, 190, 194, 195, 197, 198, 199, 203, 204, 205, 210, 211, 212, 213, 214, 215, 216, 218, 222, 232, 233, 234, 239, 240], "excluded_lines": []}, "src/core/collectors/helpers/__init__.py": {"executed_lines": [2, 6, 7, 8, 10], "summary": {"covered_lines": 5, "num_statements": 5, "percent_covered": 100.0, "percent_covered_display": "100", "missing_lines": 0, "excluded_lines": 0}, "missing_lines": [], "excluded_lines": []}, "src/core/collectors/helpers/data_transform.py": {"executed_lines": [2, 7, 8, 9, 11, 14, 15, 19, 95, 107, 124], "summary": {"covered_lines": 10, "num_statements": 55, "percent_covered": 18.181818181818183, "percent_covered_display": "18", "missing_lines": 45, "excluded_lines": 0}, "missing_lines": [29, 31, 36, 37, 38, 40, 41, 44, 45, 47, 48, 53, 54, 57, 73, 74, 76, 78, 79, 81, 82, 83, 97, 98, 101, 102, 103, 105, 109, 110, 113, 114, 115, 116, 117, 120, 121, 128, 129, 130, 138, 139, 140, 141, 142], "excluded_lines": []}, "src/core/collectors/helpers/request_utils.py": {"executed_lines": [2, 7, 8, 9, 11, 12, 14, 17, 18, 22, 23, 24, 26, 51, 101, 160], "summary": {"covered_lines": 15, "num_statements": 71, "percent_covered": 21.12676056338028, "percent_covered_display": "21", "missing_lines": 56, "excluded_lines": 0}, "missing_lines": [28, 31, 44, 47, 49, 55, 57, 73, 74, 81, 82, 87, 90, 91, 94, 96, 97, 98, 99, 106, 108, 110, 112, 114, 115, 116, 117, 118, 119, 121, 123, 124, 125, 126, 127, 128, 129, 130, 133, 143, 145, 146, 149, 151, 153, 155, 156, 157, 164, 167, 168, 170, 175, 176, 177, 179], "excluded_lines": []}, "src/core/collectors/helpers/validation_utils.py": {"executed_lines": [2, 7, 9, 11, 14, 15, 19, 21, 23, 26, 28, 43, 78, 85], "summary": {"covered_lines": 13, "num_statements": 46, "percent_covered": 28.26086956521739, "percent_covered_display": "28", "missing_lines": 33, "excluded_lines": 0}, "missing_lines": [31, 33, 35, 36, 37, 38, 39, 41, 45, 47, 48, 51, 52, 55, 58, 59, 62, 65, 66, 69, 72, 74, 75, 76, 80, 81, 82, 89, 90, 91, 92, 93, 94], "excluded_lines": []}, "src/core/collectors/regtech_auth.py": {"executed_lines": [2, 7, 8, 9, 11, 12, 14, 17, 18, 22, 23, 24, 25, 26, 27, 28, 29, 30, 32, 34, 35, 36, 37, 39, 40, 42, 44, 45, 62, 64, 128, 131, 139, 141, 142, 143, 146, 154, 155, 156, 164, 319, 344, 346, 349, 350, 351, 352, 354, 355, 357, 358, 359, 361, 362, 363, 365, 371, 375], "summary": {"covered_lines": 58, "num_statements": 175, "percent_covered": 33.142857142857146, "percent_covered_display": "33", "missing_lines": 117, "excluded_lines": 0}, "missing_lines": [71, 73, 76, 77, 79, 80, 83, 84, 86, 87, 88, 91, 94, 95, 96, 99, 100, 101, 103, 105, 111, 114, 115, 116, 118, 119, 121, 122, 123, 124, 125, 126, 159, 160, 162, 175, 177, 178, 181, 182, 185, 188, 191, 201, 203, 210, 211, 212, 214, 215, 216, 217, 219, 220, 221, 222, 223, 224, 225, 226, 227, 229, 232, 233, 236, 238, 239, 242, 245, 252, 253, 255, 265, 273, 275, 277, 281, 282, 283, 285, 288, 292, 293, 296, 300, 301, 303, 304, 305, 306, 307, 309, 310, 311, 312, 313, 314, 315, 316, 317, 326, 328, 330, 331, 332, 333, 334, 337, 338, 340, 342, 347, 367, 368, 369, 373, 377], "excluded_lines": []}, "src/core/collectors/regtech_browser.py": {"executed_lines": [2, 7, 8, 9, 11, 14, 15, 20, 21, 22, 23, 25, 96, 171, 195], "summary": {"covered_lines": 14, "num_statements": 143, "percent_covered": 9.79020979020979, "percent_covered_display": "10", "missing_lines": 129, "excluded_lines": 0}, "missing_lines": [27, 28, 30, 32, 34, 35, 36, 39, 40, 41, 44, 45, 46, 49, 50, 53, 54, 55, 58, 59, 61, 62, 63, 64, 66, 67, 74, 75, 78, 80, 82, 84, 85, 87, 88, 91, 92, 93, 94, 98, 99, 100, 101, 103, 106, 107, 108, 109, 111, 113, 115, 116, 117, 120, 121, 122, 125, 128, 131, 132, 133, 135, 136, 138, 139, 140, 141, 143, 144, 150, 153, 155, 158, 160, 161, 164, 165, 166, 167, 169, 173, 174, 175, 177, 180, 183, 184, 185, 187, 188, 189, 191, 192, 197, 198, 200, 201, 204, 205, 206, 209, 210, 211, 212, 215, 216, 217, 220, 225, 226, 227, 228, 229, 232, 233, 234, 237, 238, 239, 240, 241, 244, 245, 248, 249, 250, 252, 255, 256], "excluded_lines": []}, "src/core/collectors/regtech_collector.py": {"executed_lines": [2, 7, 8, 9, 10, 11, 13, 15, 16, 17, 18, 19, 20, 21, 22, 24, 27, 28, 33, 34, 35, 36, 39, 40, 43, 44, 47, 50, 51, 52, 53, 56, 57, 58, 61, 62, 65, 68, 69, 70, 71, 74, 76, 78, 80, 81, 83, 86, 87, 89, 93, 98, 99, 108, 113, 114, 117, 160, 260, 317, 321, 394, 398, 439, 448, 452, 456, 465, 470], "summary": {"covered_lines": 68, "num_statements": 288, "percent_covered": 23.61111111111111, "percent_covered_display": "24", "missing_lines": 220, "excluded_lines": 0}, "missing_lines": [90, 91, 94, 95, 101, 103, 104, 105, 106, 110, 111, 115, 122, 123, 124, 125, 126, 127, 129, 132, 135, 136, 139, 140, 143, 144, 145, 146, 149, 151, 154, 156, 158, 162, 164, 166, 168, 171, 182, 183, 184, 185, 187, 192, 193, 196, 198, 199, 202, 203, 206, 207, 208, 211, 213, 214, 217, 218, 219, 220, 221, 223, 224, 227, 228, 229, 230, 232, 236, 237, 239, 240, 241, 244, 245, 248, 251, 253, 254, 256, 257, 258, 262, 263, 265, 266, 268, 269, 272, 273, 276, 277, 282, 283, 285, 286, 287, 290, 291, 293, 294, 295, 298, 299, 301, 302, 303, 304, 305, 308, 309, 310, 312, 313, 315, 319, 325, 326, 327, 328, 330, 332, 333, 335, 338, 339, 342, 343, 346, 351, 352, 353, 354, 355, 357, 358, 359, 361, 362, 364, 367, 369, 370, 371, 375, 376, 378, 379, 380, 382, 383, 385, 386, 389, 390, 392, 396, 405, 407, 409, 410, 411, 414, 415, 417, 418, 419, 426, 428, 429, 430, 441, 450, 454, 458, 459, 460, 461, 462, 463, 467, 472, 474, 475, 478, 479, 480, 482, 483, 484, 485, 486, 487, 490, 491, 492, 494, 495, 496, 501, 502, 503, 504, 505, 508, 509, 510, 512, 513, 514, 516, 517, 520, 521, 524, 525, 526, 528, 531, 532], "excluded_lines": []}, "src/core/collectors/regtech_data_processor.py": {"executed_lines": [2, 7, 8, 9, 10, 12, 15, 16, 21, 22, 23, 25, 80, 140, 223, 245, 258, 290], "summary": {"covered_lines": 17, "num_statements": 174, "percent_covered": 9.770114942528735, "percent_covered_display": "10", "missing_lines": 157, "excluded_lines": 0}, "missing_lines": [27, 28, 30, 33, 36, 37, 40, 43, 49, 51, 53, 54, 55, 56, 57, 58, 68, 70, 71, 73, 74, 75, 76, 77, 78, 82, 84, 86, 87, 88, 89, 101, 102, 104, 107, 108, 109, 110, 111, 112, 113, 114, 118, 119, 131, 132, 134, 136, 137, 138, 142, 143, 144, 147, 149, 150, 151, 152, 153, 155, 156, 157, 159, 160, 167, 168, 169, 171, 172, 189, 190, 203, 204, 205, 206, 217, 219, 220, 221, 225, 226, 229, 230, 232, 233, 234, 235, 237, 238, 239, 241, 242, 243, 247, 248, 250, 251, 252, 253, 254, 256, 262, 264, 266, 267, 270, 271, 274, 285, 287, 292, 294, 295, 298, 299, 300, 301, 302, 303, 304, 307, 308, 309, 310, 311, 313, 314, 316, 317, 318, 319, 322, 323, 324, 325, 330, 331, 332, 333, 334, 337, 338, 339, 340, 345, 346, 347, 350, 351, 354, 355, 358, 359, 360, 362, 365, 366], "excluded_lines": []}, "src/core/collectors/secudium_collector.py": {"executed_lines": [2, 7, 8, 9, 10, 11, 12, 14, 15, 16, 18, 19, 21, 24, 25, 30, 31, 33, 36, 37, 39, 42, 43, 45, 50, 51, 53, 58, 59, 69, 70, 71, 74, 75, 76, 77, 80, 81, 83, 84, 87, 135, 171, 191, 260, 271, 281, 293, 302, 306, 312, 334], "summary": {"covered_lines": 51, "num_statements": 186, "percent_covered": 27.419354838709676, "percent_covered_display": "27", "missing_lines": 135, "excluded_lines": 0}, "missing_lines": [32, 46, 47, 54, 55, 61, 63, 64, 65, 66, 85, 92, 93, 94, 96, 97, 98, 100, 102, 104, 105, 106, 109, 110, 111, 112, 115, 116, 117, 118, 119, 120, 121, 122, 124, 125, 127, 129, 130, 131, 133, 137, 138, 141, 147, 151, 152, 153, 154, 156, 159, 160, 162, 164, 166, 167, 169, 173, 174, 176, 180, 181, 182, 184, 186, 187, 189, 193, 195, 197, 198, 199, 201, 203, 206, 208, 209, 210, 211, 212, 228, 229, 230, 233, 235, 236, 238, 239, 242, 255, 256, 258, 262, 263, 264, 265, 266, 267, 268, 269, 273, 274, 275, 276, 277, 278, 279, 283, 295, 304, 308, 309, 310, 314, 316, 318, 319, 320, 321, 322, 327, 328, 329, 330, 336, 337, 338, 340, 343, 344, 347, 348, 349, 351, 353], "excluded_lines": []}, "src/core/collectors/unified_collector.py": {"executed_lines": [2, 7, 8, 9, 10, 11, 12, 13, 14, 15, 16, 18, 21, 22, 24, 25, 26, 27, 28, 31, 32, 33, 35, 36, 37, 38, 39, 40, 41, 42, 43, 44, 46, 54, 55, 61, 62, 69, 82, 83, 84, 86, 87, 88, 89, 90, 91, 93, 94, 95, 98, 99, 104, 105, 106, 107, 108, 109, 110, 112, 113, 114, 117, 118, 122, 123, 127, 132, 133, 139, 143, 231, 244, 245, 250, 251, 252, 253, 256, 257, 260, 262, 264, 266, 267, 268, 269, 284, 293, 298, 304, 308, 312, 361, 373, 379, 384, 403, 409, 415, 422, 430, 434, 438, 442, 446, 447, 451, 452, 458, 479], "summary": {"covered_lines": 106, "num_statements": 260, "percent_covered": 40.76923076923077, "percent_covered_display": "41", "missing_lines": 154, "excluded_lines": 0}, "missing_lines": [47, 48, 49, 50, 51, 52, 57, 58, 59, 64, 65, 66, 67, 71, 72, 73, 74, 75, 76, 77, 78, 79, 120, 125, 129, 130, 141, 147, 148, 149, 155, 156, 157, 163, 164, 167, 173, 174, 175, 176, 181, 185, 186, 187, 188, 191, 192, 193, 195, 198, 200, 202, 203, 204, 205, 207, 208, 209, 210, 211, 213, 214, 215, 216, 218, 219, 220, 221, 223, 224, 226, 227, 229, 233, 272, 278, 279, 280, 281, 282, 286, 287, 288, 289, 290, 291, 295, 296, 300, 301, 302, 306, 310, 314, 315, 316, 318, 321, 325, 326, 327, 330, 334, 337, 338, 339, 341, 342, 348, 351, 352, 355, 356, 358, 359, 363, 364, 365, 366, 368, 369, 371, 375, 376, 377, 381, 382, 386, 405, 406, 407, 411, 412, 413, 417, 418, 419, 420, 424, 425, 426, 427, 432, 436, 440, 444, 449, 454, 460, 462, 469, 472, 473, 475], "excluded_lines": []}, "src/core/common/__init__.py": {"executed_lines": [1, 7, 17, 20, 23, 26, 29, 31], "summary": {"covered_lines": 7, "num_statements": 7, "percent_covered": 100.0, "percent_covered_display": "100", "missing_lines": 0, "excluded_lines": 0}, "missing_lines": [], "excluded_lines": []}, "src/core/common/cache_helpers.py": {"executed_lines": [1, 6, 7, 8, 9, 10, 12, 15, 16, 18, 20, 21, 48, 49, 54, 55, 60, 61, 63, 64, 120, 121, 135, 136, 164, 165, 167, 171, 185], "summary": {"covered_lines": 25, "num_statements": 84, "percent_covered": 29.761904761904763, "percent_covered_display": "30", "missing_lines": 59, "excluded_lines": 0}, "missing_lines": [33, 35, 37, 38, 40, 42, 44, 46, 51, 52, 57, 80, 81, 82, 84, 85, 88, 96, 97, 98, 99, 102, 105, 106, 107, 109, 112, 116, 118, 130, 131, 132, 133, 152, 153, 154, 157, 158, 159, 161, 168, 169, 181, 187, 189, 190, 191, 192, 194, 195, 196, 197, 199, 200, 202, 203, 204, 205, 209], "excluded_lines": []}, "src/core/common/config_utils.py": {"executed_lines": [1, 6, 7, 8, 10, 12, 15, 16, 18, 19, 77, 78, 94, 95, 99, 100, 110, 111, 122, 123, 125, 129, 135, 141, 156, 171, 189, 202, 213, 214, 216, 217, 242, 243], "summary": {"covered_lines": 30, "num_statements": 135, "percent_covered": 22.22222222222222, "percent_covered_display": "22", "missing_lines": 105, "excluded_lines": 0}, "missing_lines": [42, 45, 46, 47, 48, 51, 52, 53, 54, 55, 56, 57, 58, 60, 64, 66, 67, 70, 71, 75, 85, 87, 88, 89, 90, 92, 97, 104, 105, 106, 108, 113, 114, 115, 117, 118, 119, 126, 127, 131, 132, 133, 137, 138, 139, 145, 147, 148, 149, 150, 151, 152, 154, 160, 162, 163, 164, 165, 166, 167, 169, 175, 176, 177, 178, 179, 180, 181, 182, 184, 185, 187, 191, 192, 193, 195, 196, 197, 198, 200, 204, 219, 222, 223, 225, 226, 228, 229, 230, 231, 232, 233, 234, 236, 238, 240, 245, 248, 249, 251, 252, 253, 254, 256, 258], "excluded_lines": []}, "src/core/common/date_utils.py": {"executed_lines": [1, 5, 6, 7, 8, 10, 13, 14, 16, 18, 19, 35, 36, 52, 53, 72, 73, 91, 92, 122, 123, 125, 130, 178, 191, 203, 217], "summary": {"covered_lines": 24, "num_statements": 94, "percent_covered": 25.53191489361702, "percent_covered_display": "26", "missing_lines": 70, "excluded_lines": 0}, "missing_lines": [29, 30, 31, 32, 33, 46, 47, 48, 49, 50, 63, 64, 66, 67, 68, 70, 84, 85, 86, 88, 89, 102, 103, 104, 107, 110, 111, 115, 119, 126, 127, 128, 140, 142, 143, 144, 146, 147, 148, 149, 152, 161, 162, 163, 164, 165, 166, 167, 169, 171, 174, 176, 188, 189, 201, 213, 214, 215, 227, 229, 230, 232, 233, 234, 235, 236, 237, 238, 239, 241], "excluded_lines": []}, "src/core/common/file_utils.py": {"executed_lines": [1, 6, 7, 8, 9, 11, 14, 15, 17, 18, 47, 48, 86, 87, 110, 111, 141, 142, 162, 163, 177, 178], "summary": {"covered_lines": 20, "num_statements": 79, "percent_covered": 25.31645569620253, "percent_covered_display": "25", "missing_lines": 59, "excluded_lines": 0}, "missing_lines": [31, 33, 34, 35, 37, 38, 39, 41, 43, 44, 45, 64, 66, 68, 71, 72, 73, 76, 77, 78, 80, 82, 83, 84, 98, 100, 101, 103, 104, 105, 106, 107, 108, 125, 127, 129, 132, 133, 135, 137, 138, 139, 152, 154, 155, 156, 157, 158, 159, 160, 173, 174, 175, 192, 194, 195, 197, 198, 200], "excluded_lines": []}, "src/core/common/ip_utils.py": {"executed_lines": [1, 6, 7, 8, 11, 12, 15, 16, 19, 26, 27, 51, 52, 77, 78, 102, 103, 119, 120, 147, 148, 166, 167, 187, 192, 197], "summary": {"covered_lines": 24, "num_statements": 79, "percent_covered": 30.379746835443036, "percent_covered_display": "30", "missing_lines": 55, "excluded_lines": 0}, "missing_lines": [37, 38, 41, 42, 45, 46, 47, 48, 49, 62, 63, 65, 68, 69, 72, 73, 74, 75, 91, 92, 94, 95, 96, 97, 98, 100, 113, 114, 115, 116, 117, 133, 134, 136, 137, 139, 140, 141, 143, 145, 159, 160, 161, 162, 163, 164, 178, 179, 180, 181, 182, 183, 189, 194, 201], "excluded_lines": []}, "src/core/constants.py": {"executed_lines": [1, 8, 9, 10, 13, 14, 15, 18, 19, 20, 23, 24, 25, 26, 27, 30, 31, 32, 35, 43, 61, 70, 71, 72, 76, 85, 94, 102, 104, 117, 142, 151, 167, 178, 184, 196, 213, 224, 240, 254, 263, 283, 284, 285, 288, 289, 290, 293, 294, 297, 298, 299, 302, 312, 325, 330, 335, 340, 345, 351, 360], "summary": {"covered_lines": 60, "num_statements": 68, "percent_covered": 88.23529411764706, "percent_covered_display": "88", "missing_lines": 8, "excluded_lines": 0}, "missing_lines": [327, 332, 337, 342, 347, 348, 353, 362], "excluded_lines": []}, "src/core/container.py": {"executed_lines": [1, 12, 29], "summary": {"covered_lines": 2, "num_statements": 2, "percent_covered": 100.0, "percent_covered_display": "100", "missing_lines": 0, "excluded_lines": 0}, "missing_lines": [], "excluded_lines": []}, "src/core/containers/__init__.py": {"executed_lines": [1, 14, 15, 16, 27], "summary": {"covered_lines": 4, "num_statements": 4, "percent_covered": 100.0, "percent_covered_display": "100", "missing_lines": 0, "excluded_lines": 0}, "missing_lines": [], "excluded_lines": []}, "src/core/containers/base_container.py": {"executed_lines": [1, 7, 8, 9, 11, 13, 16, 17, 18, 20, 21, 22, 23, 26, 27, 37, 38, 39, 40, 41, 43, 52, 55, 62, 64, 66, 69, 72, 73, 76, 79, 80, 81, 83, 84, 86, 88, 90, 92, 93, 95, 98, 101, 104, 109, 111, 112, 113, 114, 116, 120, 127, 132, 146], "summary": {"covered_lines": 51, "num_statements": 83, "percent_covered": 61.44578313253012, "percent_covered_display": "61", "missing_lines": 32, "excluded_lines": 0}, "missing_lines": [53, 67, 77, 105, 106, 107, 118, 122, 129, 130, 135, 136, 137, 138, 139, 140, 141, 143, 144, 148, 149, 151, 152, 153, 154, 155, 157, 159, 160, 161, 162, 164], "excluded_lines": []}, "src/core/containers/blacklist_container.py": {"executed_lines": [1, 7, 8, 10, 12, 14, 17, 18, 24, 25, 26, 28, 30, 31, 32, 35, 36, 39, 42, 43, 48, 61, 67, 69, 78, 79, 80, 82, 85, 86, 89, 90, 93, 94, 96, 104, 109, 110, 112, 118, 123, 124, 126, 132, 137, 138, 140, 146, 150, 153, 154, 156, 163, 167, 169, 170, 172, 175, 179, 182, 183, 187, 191, 193, 206], "summary": {"covered_lines": 63, "num_statements": 88, "percent_covered": 71.5909090909091, "percent_covered_display": "72", "missing_lines": 25, "excluded_lines": 0}, "missing_lines": [105, 106, 119, 120, 133, 134, 147, 148, 164, 165, 176, 177, 196, 199, 200, 201, 202, 203, 204, 209, 210, 212, 213, 214, 215], "excluded_lines": []}, "src/core/containers/utils.py": {"executed_lines": [1, 7, 8, 9, 11, 13, 15, 18, 21, 24, 25, 26, 27, 30, 39, 61, 63, 64, 68, 74, 77, 80, 90, 96], "summary": {"covered_lines": 23, "num_statements": 48, "percent_covered": 47.916666666666664, "percent_covered_display": "48", "missing_lines": 25, "excluded_lines": 0}, "missing_lines": [33, 34, 35, 36, 49, 50, 51, 52, 53, 54, 56, 58, 71, 83, 84, 85, 86, 87, 93, 99, 100, 101, 102, 104, 108], "excluded_lines": []}, "src/core/data_pipeline.py": {"executed_lines": [], "summary": {"covered_lines": 0, "num_statements": 181, "percent_covered": 0.0, "percent_covered_display": "0", "missing_lines": 181, "excluded_lines": 0}, "missing_lines": [2, 9, 10, 11, 12, 13, 14, 16, 19, 22, 29, 30, 31, 41, 43, 56, 59, 60, 62, 64, 65, 67, 68, 69, 70, 73, 74, 75, 76, 77, 79, 82, 85, 86, 88, 89, 91, 92, 93, 96, 97, 98, 100, 101, 109, 122, 124, 125, 126, 127, 130, 131, 132, 135, 146, 148, 149, 150, 152, 162, 164, 167, 168, 171, 180, 181, 184, 185, 186, 188, 190, 191, 193, 206, 209, 212, 215, 216, 218, 220, 222, 225, 226, 227, 228, 231, 238, 243, 244, 245, 247, 249, 260, 263, 266, 269, 270, 271, 272, 273, 274, 275, 276, 279, 282, 284, 286, 288, 290, 300, 301, 304, 305, 306, 307, 308, 309, 311, 313, 314, 316, 326, 329, 330, 333, 334, 335, 336, 339, 340, 343, 344, 345, 346, 347, 348, 349, 351, 353, 366, 367, 368, 369, 371, 374, 378, 379, 380, 381, 383, 386, 388, 391, 393, 394, 395, 397, 404, 410, 412, 413, 414, 418, 422, 423, 426, 430, 431, 434, 438, 439, 443, 447, 465, 466, 468, 469, 470, 472, 475, 476], "excluded_lines": []}, "src/core/data_processor.py": {"executed_lines": [2, 7, 8, 9, 10, 11, 12, 13, 14, 16, 19, 20, 22, 50, 59, 69, 126, 185, 213, 284, 354], "summary": {"covered_lines": 20, "num_statements": 156, "percent_covered": 12.820512820512821, "percent_covered_display": "13", "missing_lines": 136, "excluded_lines": 0}, "missing_lines": [23, 24, 27, 33, 52, 54, 55, 56, 57, 61, 63, 64, 65, 67, 71, 72, 73, 74, 76, 85, 86, 87, 88, 91, 92, 94, 95, 96, 97, 99, 100, 101, 102, 104, 105, 106, 107, 109, 118, 120, 121, 122, 124, 128, 137, 138, 139, 141, 142, 143, 145, 146, 149, 150, 152, 153, 154, 156, 159, 160, 162, 165, 166, 167, 169, 172, 173, 176, 177, 179, 180, 181, 183, 187, 188, 189, 190, 191, 194, 197, 199, 215, 217, 218, 219, 221, 222, 224, 229, 231, 249, 271, 273, 274, 276, 277, 279, 280, 282, 286, 287, 288, 291, 292, 295, 302, 305, 314, 317, 324, 327, 336, 338, 340, 349, 350, 351, 356, 358, 359, 361, 362, 363, 364, 365, 366, 368, 369, 370, 371, 373, 374, 375, 376, 377, 378], "excluded_lines": []}, "src/core/data_storage_fixed.py": {"executed_lines": [], "summary": {"covered_lines": 0, "num_statements": 182, "percent_covered": 0.0, "percent_covered_display": "0", "missing_lines": 182, "excluded_lines": 0}, "missing_lines": [2, 7, 8, 9, 10, 12, 13, 15, 16, 19, 24, 25, 29, 31, 44, 45, 47, 49, 50, 51, 54, 57, 60, 61, 63, 64, 65, 66, 67, 68, 71, 85, 89, 91, 93, 108, 121, 123, 124, 127, 130, 131, 132, 133, 134, 138, 146, 149, 151, 152, 153, 159, 160, 161, 168, 170, 188, 193, 198, 204, 206, 207, 209, 210, 213, 221, 222, 223, 224, 225, 228, 229, 231, 233, 234, 236, 237, 240, 248, 249, 250, 251, 252, 255, 256, 258, 262, 263, 264, 266, 268, 270, 271, 273, 275, 277, 278, 280, 282, 283, 284, 285, 288, 289, 290, 291, 293, 295, 296, 297, 298, 310, 311, 312, 324, 326, 327, 328, 330, 332, 333, 334, 337, 340, 343, 351, 353, 359, 360, 361, 368, 370, 372, 373, 376, 377, 378, 379, 380, 383, 384, 387, 388, 389, 390, 391, 392, 395, 396, 397, 414, 415, 416, 419, 420, 424, 425, 426, 429, 430, 431, 432, 433, 434, 435, 436, 439, 440, 441, 442, 445, 446, 447, 448, 451, 452, 455, 456, 457, 459, 462, 463], "excluded_lines": []}, "src/core/database.py": {"executed_lines": [], "summary": {"covered_lines": 0, "num_statements": 10, "percent_covered": 0.0, "percent_covered_display": "0", "missing_lines": 10, "excluded_lines": 0}, "missing_lines": [5, 6, 7, 8, 10, 11, 12, 14, 17, 18], "excluded_lines": []}, "src/core/database/__init__.py": {"executed_lines": [1, 3, 4, 6, 7, 8, 9, 12, 13, 14, 15, 17], "summary": {"covered_lines": 11, "num_statements": 11, "percent_covered": 100.0, "percent_covered_display": "100", "missing_lines": 0, "excluded_lines": 0}, "missing_lines": [], "excluded_lines": []}, "src/core/database/collection_settings.py": {"executed_lines": [], "summary": {"covered_lines": 0, "num_statements": 5, "percent_covered": 0.0, "percent_covered_display": "0", "missing_lines": 5, "excluded_lines": 0}, "missing_lines": [2, 13, 16, 18, 21], "excluded_lines": []}, "src/core/database/collection_settings/__init__.py": {"executed_lines": [2, 10, 11, 12, 16, 17, 19, 21, 24, 27, 30, 31, 32, 35, 42, 43, 45, 48, 51, 52, 54, 57, 61, 73, 76, 79, 85, 88, 91, 94, 98, 101, 105], "summary": {"covered_lines": 32, "num_statements": 47, "percent_covered": 68.08510638297872, "percent_covered_display": "68", "missing_lines": 15, "excluded_lines": 0}, "missing_lines": [38, 46, 49, 55, 58, 69, 74, 77, 82, 86, 89, 92, 95, 99, 102], "excluded_lines": []}, "src/core/database/collection_settings/config.py": {"executed_lines": [2, 14, 15, 16, 17, 18, 20, 23, 24, 26, 27, 28, 30, 67, 69, 70, 71, 72, 78, 80, 99, 105, 134, 158, 160, 161, 162, 163, 181, 182, 183, 185, 205, 223, 254, 274, 291], "summary": {"covered_lines": 36, "num_statements": 195, "percent_covered": 18.46153846153846, "percent_covered_display": "18", "missing_lines": 159, "excluded_lines": 0}, "missing_lines": [39, 41, 43, 44, 59, 61, 63, 64, 65, 82, 83, 84, 87, 89, 91, 101, 102, 103, 107, 108, 109, 110, 111, 118, 119, 129, 130, 132, 136, 138, 139, 141, 142, 150, 152, 154, 155, 156, 170, 172, 174, 177, 179, 187, 188, 189, 197, 199, 201, 202, 203, 207, 208, 209, 213, 215, 216, 218, 219, 221, 225, 226, 227, 228, 229, 233, 234, 235, 243, 244, 249, 250, 252, 256, 257, 259, 260, 263, 266, 268, 270, 271, 272, 276, 277, 278, 282, 284, 286, 287, 288, 292, 293, 294, 297, 298, 301, 302, 304, 306, 307, 310, 311, 324, 334, 345, 347, 350, 351, 352, 353, 356, 357, 359, 360, 361, 362, 363, 367, 368, 371, 372, 373, 374, 375, 377, 378, 379, 380, 381, 384, 385, 389, 390, 393, 394, 395, 396, 399, 400, 402, 403, 404, 405, 406, 408, 409, 413, 414, 415, 416, 419, 420, 423, 424, 425, 427, 430, 433], "excluded_lines": []}, "src/core/database/collection_settings/operations.py": {"executed_lines": [2, 11, 12, 13, 14, 17, 18, 20, 21, 22, 24, 26, 27, 28, 43, 46, 52, 86, 166, 186, 193, 202, 209, 217], "summary": {"covered_lines": 23, "num_statements": 90, "percent_covered": 25.555555555555557, "percent_covered_display": "26", "missing_lines": 67, "excluded_lines": 0}, "missing_lines": [49, 50, 61, 62, 64, 65, 80, 82, 83, 84, 88, 89, 90, 93, 104, 107, 120, 121, 122, 123, 124, 126, 135, 136, 137, 143, 154, 155, 156, 168, 169, 171, 172, 176, 178, 179, 181, 182, 183, 188, 190, 191, 197, 199, 200, 204, 206, 207, 211, 213, 214, 219, 220, 221, 224, 225, 227, 229, 232, 235, 238, 239, 240, 243, 244, 246, 250], "excluded_lines": []}, "src/core/database/collection_settings/query_operations.py": {"executed_lines": [], "summary": {"covered_lines": 0, "num_statements": 105, "percent_covered": 0.0, "percent_covered_display": "0", "missing_lines": 105, "excluded_lines": 0}, "missing_lines": [2, 11, 12, 13, 14, 17, 20, 21, 23, 25, 27, 28, 29, 31, 33, 34, 37, 52, 53, 54, 65, 85, 86, 87, 99, 103, 104, 105, 107, 108, 118, 127, 128, 129, 139, 140, 141, 143, 144, 145, 147, 149, 151, 153, 154, 155, 157, 159, 160, 162, 163, 166, 180, 181, 182, 183, 184, 186, 194, 205, 206, 207, 208, 212, 220, 221, 222, 230, 232, 233, 235, 236, 238, 256, 257, 258, 259, 260, 261, 265, 277, 279, 280, 281, 283, 285, 288, 290, 291, 294, 295, 297, 299, 300, 315, 325, 328, 329, 330, 333, 334, 337, 338, 342, 346], "excluded_lines": []}, "src/core/database/collection_settings/validation.py": {"executed_lines": [2, 14, 15, 16, 18, 21, 22, 24, 25, 26, 29, 30, 33, 35, 37, 38, 39, 46, 48, 50, 64, 76, 88, 104, 107, 110, 114, 116, 142, 164, 175, 179, 183, 185, 187, 245, 269, 281, 298], "summary": {"covered_lines": 38, "num_statements": 187, "percent_covered": 20.32085561497326, "percent_covered_display": "20", "missing_lines": 149, "excluded_lines": 0}, "missing_lines": [41, 42, 43, 44, 118, 121, 122, 123, 124, 127, 128, 129, 134, 135, 138, 140, 144, 147, 148, 150, 151, 154, 155, 156, 158, 159, 160, 162, 166, 167, 169, 170, 173, 177, 181, 189, 190, 192, 195, 197, 204, 207, 210, 212, 218, 221, 222, 223, 224, 225, 227, 238, 239, 247, 248, 250, 256, 257, 258, 261, 263, 265, 266, 267, 271, 272, 274, 275, 277, 278, 279, 283, 284, 286, 287, 288, 290, 291, 293, 294, 295, 299, 300, 301, 304, 305, 308, 309, 311, 312, 315, 316, 317, 318, 319, 322, 323, 326, 327, 332, 333, 334, 339, 345, 346, 348, 349, 352, 353, 356, 357, 362, 363, 364, 365, 366, 368, 369, 372, 373, 376, 377, 380, 381, 382, 383, 385, 386, 388, 389, 392, 393, 396, 397, 403, 404, 405, 406, 407, 408, 409, 412, 413, 416, 417, 418, 420, 423, 426], "excluded_lines": []}, "src/core/database/connection_manager.py": {"executed_lines": [1, 7, 8, 9, 10, 12, 15, 16, 18, 19, 20, 23, 25, 26, 27, 28, 29, 32, 51, 57, 64], "summary": {"covered_lines": 19, "num_statements": 41, "percent_covered": 46.34146341463415, "percent_covered_display": "46", "missing_lines": 22, "excluded_lines": 0}, "missing_lines": [30, 36, 37, 38, 39, 40, 41, 44, 46, 47, 48, 49, 53, 54, 55, 59, 60, 61, 62, 66, 67, 68], "excluded_lines": []}, "src/core/database/index_manager.py": {"executed_lines": [1, 7, 8, 10, 13, 14, 16, 17, 65, 66, 74, 75], "summary": {"covered_lines": 10, "num_statements": 26, "percent_covered": 38.46153846153846, "percent_covered_display": "38", "missing_lines": 16, "excluded_lines": 0}, "missing_lines": [19, 59, 60, 61, 62, 63, 68, 69, 70, 71, 72, 77, 78, 79, 80, 81], "excluded_lines": []}, "src/core/database/migration_service.py": {"executed_lines": [1, 7, 8, 9, 11, 14, 15, 17, 18, 19, 20, 22, 34, 68, 108, 125, 196], "summary": {"covered_lines": 15, "num_statements": 85, "percent_covered": 17.647058823529413, "percent_covered_display": "18", "missing_lines": 70, "excluded_lines": 0}, "missing_lines": [24, 25, 26, 29, 30, 31, 32, 36, 38, 39, 40, 42, 43, 45, 46, 47, 50, 51, 56, 57, 59, 62, 64, 65, 66, 70, 73, 91, 92, 93, 94, 95, 96, 97, 99, 102, 103, 104, 105, 106, 110, 127, 129, 130, 132, 140, 143, 151, 154, 162, 165, 171, 174, 175, 183, 184, 186, 188, 189, 191, 192, 194, 198, 199, 200, 201, 202, 203, 204, 205], "excluded_lines": []}, "src/core/database/schema_manager.py": {"executed_lines": [1, 7, 8, 9, 10, 12, 13, 15, 16, 17, 18, 20, 23, 24, 26, 28, 29, 30, 31, 33, 36, 49, 52, 53, 56, 57, 58, 59, 63, 68, 74, 78, 87, 91, 95, 99, 110, 114, 141, 158, 162, 166, 170, 174, 223, 224, 241, 242, 261, 262, 271, 276, 281], "summary": {"covered_lines": 51, "num_statements": 138, "percent_covered": 36.95652173913044, "percent_covered_display": "37", "missing_lines": 87, "excluded_lines": 0}, "missing_lines": [34, 38, 42, 43, 44, 45, 47, 65, 70, 71, 72, 76, 80, 81, 82, 83, 84, 85, 89, 93, 97, 101, 103, 104, 107, 108, 112, 116, 117, 119, 121, 123, 126, 129, 131, 132, 133, 135, 137, 138, 139, 143, 160, 164, 168, 172, 176, 178, 179, 181, 191, 192, 194, 195, 197, 198, 200, 208, 210, 215, 216, 218, 219, 221, 226, 230, 231, 232, 234, 236, 237, 239, 244, 246, 248, 249, 250, 251, 253, 255, 257, 259, 264, 265, 273, 278, 283], "excluded_lines": []}, "src/core/database/table_definitions.py": {"executed_lines": [1, 7, 8, 10, 13, 14, 16, 17, 53, 54, 80, 81, 109, 110, 133, 134, 153, 154, 174, 175, 192, 193], "summary": {"covered_lines": 20, "num_statements": 41, "percent_covered": 48.78048780487805, "percent_covered_display": "49", "missing_lines": 21, "excluded_lines": 0}, "missing_lines": [19, 56, 83, 112, 136, 156, 177, 195, 197, 200, 203, 206, 209, 212, 215, 218, 219, 220, 222, 223, 224], "excluded_lines": []}, "src/core/database_indexes.py": {"executed_lines": [], "summary": {"covered_lines": 0, "num_statements": 14, "percent_covered": 0.0, "percent_covered_display": "0", "missing_lines": 14, "excluded_lines": 0}, "missing_lines": [5, 7, 9, 12, 14, 16, 51, 52, 53, 54, 55, 58, 59, 61], "excluded_lines": []}, "src/core/database_manager.py": {"executed_lines": [], "summary": {"covered_lines": 0, "num_statements": 67, "percent_covered": 0.0, "percent_covered_display": "0", "missing_lines": 67, "excluded_lines": 0}, "missing_lines": [5, 6, 7, 8, 10, 11, 12, 14, 17, 20, 22, 28, 47, 49, 51, 52, 55, 56, 57, 59, 61, 63, 65, 66, 68, 69, 70, 71, 73, 75, 77, 79, 81, 82, 85, 86, 90, 91, 93, 94, 95, 98, 100, 102, 104, 106, 108, 115, 125, 128, 142, 148, 149, 150, 151, 153, 155, 157, 158, 160, 162, 166, 169, 178, 180, 182, 183], "excluded_lines": []}, "src/core/database_schema.py": {"executed_lines": [], "summary": {"covered_lines": 0, "num_statements": 6, "percent_covered": 0.0, "percent_covered_display": "0", "missing_lines": 6, "excluded_lines": 0}, "missing_lines": [8, 9, 12, 20, 23, 31], "excluded_lines": []}, "src/core/database_tables.py": {"executed_lines": [], "summary": {"covered_lines": 0, "num_statements": 23, "percent_covered": 0.0, "percent_covered_display": "0", "missing_lines": 23, "excluded_lines": 0}, "missing_lines": [5, 7, 9, 12, 14, 16, 50, 70, 90, 104, 121, 139, 156, 175, 196, 215, 231, 249, 264, 271, 272, 283, 284], "excluded_lines": []}, "src/core/debug_routes.py": {"executed_lines": [2, 4, 5, 7, 9, 11, 14, 15], "summary": {"covered_lines": 8, "num_statements": 32, "percent_covered": 25.0, "percent_covered_display": "25", "missing_lines": 24, "excluded_lines": 0}, "missing_lines": [17, 19, 20, 21, 22, 25, 33, 36, 45, 46, 47, 59, 67, 68, 69, 78, 86, 87, 88, 96, 98, 110, 111, 112], "excluded_lines": []}, "src/core/exceptions.py": {"executed_lines": [], "summary": {"covered_lines": 0, "num_statements": 26, "percent_covered": 0.0, "percent_covered_display": "0", "missing_lines": 26, "excluded_lines": 0}, "missing_lines": [13, 15, 36, 56, 58, 59, 61, 63, 66, 73, 74, 75, 76, 77, 78, 80, 81, 88, 89, 90, 92, 95, 97, 98, 100, 103], "excluded_lines": []}, "src/core/exceptions/__init__.py": {"executed_lines": [1, 3, 4, 5, 6, 7, 8, 9, 10, 12], "summary": {"covered_lines": 9, "num_statements": 9, "percent_covered": 100.0, "percent_covered_display": "100", "missing_lines": 0, "excluded_lines": 0}, "missing_lines": [], "excluded_lines": []}, "src/core/exceptions/auth_exceptions.py": {"executed_lines": [1, 3, 5, 8, 9, 15, 36, 37, 43], "summary": {"covered_lines": 6, "num_statements": 28, "percent_covered": 21.428571428571427, "percent_covered_display": "21", "missing_lines": 22, "excluded_lines": 0}, "missing_lines": [22, 23, 24, 25, 26, 27, 28, 30, 31, 32, 33, 50, 51, 52, 53, 54, 55, 56, 58, 59, 60, 61], "excluded_lines": []}, "src/core/exceptions/base_exceptions.py": {"executed_lines": [1, 3, 4, 6, 9, 10, 16, 39, 53], "summary": {"covered_lines": 7, "num_statements": 18, "percent_covered": 38.888888888888886, "percent_covered_display": "39", "missing_lines": 11, "excluded_lines": 0}, "missing_lines": [23, 24, 25, 26, 27, 30, 41, 48, 49, 51, 55], "excluded_lines": []}, "src/core/exceptions/config_exceptions.py": {"executed_lines": [1, 3, 5, 8, 9, 15, 36, 37, 43], "summary": {"covered_lines": 6, "num_statements": 25, "percent_covered": 24.0, "percent_covered_display": "24", "missing_lines": 19, "excluded_lines": 0}, "missing_lines": [22, 23, 24, 25, 26, 27, 28, 30, 31, 32, 33, 49, 50, 51, 52, 53, 55, 56, 57], "excluded_lines": []}, "src/core/exceptions/data_exceptions.py": {"executed_lines": [1, 3, 5, 8, 9, 15, 36, 37, 43], "summary": {"covered_lines": 6, "num_statements": 25, "percent_covered": 24.0, "percent_covered_display": "24", "missing_lines": 19, "excluded_lines": 0}, "missing_lines": [22, 23, 24, 25, 26, 27, 28, 30, 31, 32, 33, 49, 50, 51, 52, 53, 55, 56, 57], "excluded_lines": []}, "src/core/exceptions/error_utils.py": {"executed_lines": [1, 3, 4, 6, 7, 8, 9, 10, 13, 42, 65], "summary": {"covered_lines": 10, "num_statements": 31, "percent_covered": 32.25806451612903, "percent_covered_display": "32", "missing_lines": 21, "excluded_lines": 0}, "missing_lines": [26, 27, 30, 31, 32, 33, 34, 35, 36, 37, 39, 50, 52, 53, 62, 78, 79, 80, 81, 82, 84], "excluded_lines": []}, "src/core/exceptions/infrastructure_exceptions.py": {"executed_lines": [1, 3, 4, 6, 9, 10, 16, 35, 36, 42, 63, 64, 70, 71, 77], "summary": {"covered_lines": 11, "num_statements": 43, "percent_covered": 25.58139534883721, "percent_covered_display": "26", "missing_lines": 32, "excluded_lines": 0}, "missing_lines": [23, 24, 25, 26, 27, 29, 30, 31, 32, 49, 50, 51, 52, 53, 54, 56, 58, 59, 60, 61, 67, 84, 85, 86, 87, 88, 89, 90, 92, 93, 94, 95], "excluded_lines": []}, "src/core/exceptions/service_exceptions.py": {"executed_lines": [1, 3, 5, 8, 9, 15, 40, 41, 47, 68, 69, 75], "summary": {"covered_lines": 8, "num_statements": 41, "percent_covered": 19.51219512195122, "percent_covered_display": "20", "missing_lines": 33, "excluded_lines": 0}, "missing_lines": [23, 24, 25, 26, 27, 28, 29, 30, 31, 33, 34, 35, 36, 37, 54, 55, 56, 57, 58, 59, 60, 62, 63, 64, 65, 81, 82, 83, 84, 85, 87, 88, 89], "excluded_lines": []}, "src/core/exceptions/validation_exceptions.py": {"executed_lines": [1, 3, 5, 8, 9, 15], "summary": {"covered_lines": 4, "num_statements": 15, "percent_covered": 26.666666666666668, "percent_covered_display": "27", "missing_lines": 11, "excluded_lines": 0}, "missing_lines": [22, 23, 24, 25, 26, 27, 28, 30, 31, 32, 33], "excluded_lines": []}, "src/core/ip_sources/__init__.py": {"executed_lines": [], "summary": {"covered_lines": 0, "num_statements": 4, "percent_covered": 0.0, "percent_covered_display": "0", "missing_lines": 4, "excluded_lines": 0}, "missing_lines": [6, 7, 8, 10], "excluded_lines": []}, "src/core/ip_sources/base_source.py": {"executed_lines": [], "summary": {"covered_lines": 0, "num_statements": 94, "percent_covered": 0.0, "percent_covered_display": "0", "missing_lines": 94, "excluded_lines": 0}, "missing_lines": [6, 7, 8, 9, 10, 12, 15, 16, 19, 20, 21, 22, 23, 24, 25, 27, 28, 29, 30, 31, 34, 35, 38, 39, 40, 41, 42, 44, 45, 46, 49, 57, 58, 59, 60, 61, 62, 64, 65, 66, 69, 70, 71, 74, 75, 76, 79, 80, 88, 89, 92, 102, 104, 106, 108, 109, 110, 111, 112, 114, 116, 117, 119, 120, 123, 125, 126, 128, 129, 131, 138, 139, 141, 142, 144, 145, 146, 148, 149, 151, 160, 163, 165, 166, 167, 169, 177, 179, 191, 193, 194, 196, 206, 207], "excluded_lines": []}, "src/core/ip_sources/source_manager.py": {"executed_lines": [], "summary": {"covered_lines": 0, "num_statements": 121, "percent_covered": 0.0, "percent_covered_display": "0", "missing_lines": 121, "excluded_lines": 0}, "missing_lines": [6, 7, 8, 9, 10, 11, 13, 14, 15, 17, 20, 23, 26, 27, 28, 29, 32, 35, 37, 39, 41, 43, 59, 61, 62, 64, 66, 67, 68, 71, 72, 73, 74, 75, 77, 79, 80, 82, 90, 92, 94, 103, 104, 107, 108, 110, 111, 113, 114, 115, 117, 119, 120, 122, 123, 125, 126, 127, 129, 130, 131, 132, 133, 135, 137, 139, 149, 150, 151, 153, 156, 160, 162, 167, 168, 169, 170, 171, 174, 175, 176, 178, 179, 180, 186, 187, 190, 204, 206, 210, 212, 214, 216, 217, 226, 228, 229, 231, 233, 235, 236, 237, 238, 240, 245, 246, 248, 250, 252, 253, 254, 256, 258, 259, 260, 262, 264, 266, 268, 270, 272], "excluded_lines": []}, "src/core/ip_sources/source_registry.py": {"executed_lines": [], "summary": {"covered_lines": 0, "num_statements": 55, "percent_covered": 0.0, "percent_covered_display": "0", "missing_lines": 55, "excluded_lines": 0}, "missing_lines": [6, 7, 9, 11, 14, 17, 18, 19, 21, 28, 29, 32, 33, 36, 37, 38, 39, 40, 42, 43, 45, 55, 56, 57, 59, 61, 63, 70, 71, 72, 74, 77, 79, 85, 86, 88, 90, 92, 93, 95, 97, 99, 102, 104, 106, 108, 111, 113, 119, 120, 122, 123, 124, 125, 129], "excluded_lines": []}, "src/core/ip_sources/sources/__init__.py": {"executed_lines": [], "summary": {"covered_lines": 0, "num_statements": 0, "percent_covered": 100.0, "percent_covered_display": "100", "missing_lines": 0, "excluded_lines": 0}, "missing_lines": [], "excluded_lines": []}, "src/core/ip_sources/sources/file_source.py": {"executed_lines": [], "summary": {"covered_lines": 0, "num_statements": 121, "percent_covered": 0.0, "percent_covered_display": "0", "missing_lines": 121, "excluded_lines": 0}, "missing_lines": [6, 7, 8, 9, 10, 11, 13, 15, 18, 21, 22, 23, 25, 26, 27, 29, 30, 31, 33, 35, 37, 38, 39, 41, 42, 43, 45, 47, 49, 50, 51, 52, 53, 55, 57, 58, 61, 62, 63, 64, 67, 68, 69, 70, 72, 74, 75, 76, 78, 80, 82, 90, 92, 94, 95, 96, 99, 100, 103, 104, 105, 118, 122, 124, 126, 127, 128, 129, 131, 132, 134, 135, 136, 138, 139, 141, 144, 145, 146, 148, 157, 159, 161, 162, 165, 167, 168, 169, 177, 179, 181, 186, 187, 188, 189, 190, 191, 192, 193, 194, 195, 197, 198, 207, 210, 212, 213, 215, 217, 218, 219, 232, 241, 242, 243, 245, 248, 249, 252, 253, 255], "excluded_lines": []}, "src/core/ip_sources/sources/regtech_source.py": {"executed_lines": [], "summary": {"covered_lines": 0, "num_statements": 174, "percent_covered": 0.0, "percent_covered_display": "0", "missing_lines": 174, "excluded_lines": 0}, "missing_lines": [2, 7, 8, 9, 10, 11, 13, 14, 16, 18, 21, 24, 25, 26, 27, 28, 29, 32, 33, 34, 37, 38, 44, 46, 48, 49, 51, 53, 54, 55, 57, 58, 59, 61, 63, 64, 67, 70, 73, 76, 77, 78, 79, 82, 84, 96, 97, 101, 103, 104, 105, 107, 109, 111, 113, 119, 120, 121, 123, 124, 126, 128, 129, 131, 133, 135, 136, 137, 142, 145, 146, 147, 149, 150, 151, 153, 155, 156, 158, 160, 162, 164, 165, 166, 167, 170, 171, 174, 176, 177, 178, 179, 183, 184, 185, 187, 188, 190, 192, 193, 194, 196, 198, 200, 201, 203, 205, 207, 209, 211, 218, 219, 221, 229, 230, 233, 235, 236, 237, 238, 239, 240, 241, 242, 243, 245, 246, 248, 249, 251, 253, 255, 256, 258, 260, 261, 263, 264, 267, 270, 275, 276, 277, 279, 281, 282, 283, 285, 287, 289, 291, 292, 294, 295, 296, 298, 299, 301, 303, 305, 306, 307, 308, 310, 311, 312, 313, 316, 321, 323, 325, 326, 328, 330], "excluded_lines": []}, "src/core/ip_sources/sources/url_source.py": {"executed_lines": [], "summary": {"covered_lines": 0, "num_statements": 125, "percent_covered": 0.0, "percent_covered_display": "0", "missing_lines": 125, "excluded_lines": 0}, "missing_lines": [6, 7, 8, 9, 11, 13, 15, 18, 21, 22, 23, 25, 26, 27, 29, 30, 31, 33, 35, 37, 38, 39, 41, 42, 43, 45, 47, 49, 50, 51, 52, 53, 55, 57, 61, 63, 64, 65, 68, 69, 72, 73, 74, 75, 76, 77, 78, 79, 82, 84, 85, 86, 88, 90, 92, 93, 94, 95, 96, 97, 99, 101, 103, 105, 106, 109, 110, 113, 114, 115, 116, 129, 131, 132, 134, 135, 137, 139, 140, 141, 143, 144, 146, 148, 149, 150, 152, 161, 163, 165, 166, 168, 170, 171, 172, 180, 182, 184, 185, 187, 189, 190, 192, 193, 196, 197, 198, 199, 200, 201, 210, 211, 213, 218, 219, 220, 221, 222, 223, 224, 225, 226, 227, 229, 230], "excluded_lines": []}, "src/core/migration_manager.py": {"executed_lines": [], "summary": {"covered_lines": 0, "num_statements": 37, "percent_covered": 0.0, "percent_covered_display": "0", "missing_lines": 37, "excluded_lines": 0}, "missing_lines": [5, 6, 8, 10, 13, 16, 17, 18, 20, 24, 26, 28, 29, 30, 35, 36, 38, 39, 41, 43, 44, 54, 56, 58, 59, 61, 62, 63, 65, 66, 69, 70, 76, 78, 80, 81, 82], "excluded_lines": []}, "src/core/minimal_app.py": {"executed_lines": [2, 5, 6, 8, 9, 11, 12, 14, 17], "summary": {"covered_lines": 9, "num_statements": 45, "percent_covered": 20.0, "percent_covered_display": "20", "missing_lines": 36, "excluded_lines": 0}, "missing_lines": [20, 21, 22, 24, 25, 27, 30, 39, 42, 45, 46, 47, 48, 49, 52, 53, 55, 56, 57, 58, 61, 62, 63, 65, 66, 67, 68, 69, 70, 71, 72, 73, 74, 75, 77, 78], "excluded_lines": []}, "src/core/models.py": {"executed_lines": [1, 7, 8, 9, 10, 11, 14, 15, 17, 18, 19, 20, 23, 24, 26, 27, 28, 31, 32, 33, 35, 36, 37, 38, 39, 40, 41, 42, 44, 45, 46, 47, 48, 49, 50, 52, 57, 58, 62, 63, 74, 96, 97, 118, 119, 120, 122, 123, 124, 125, 126, 127, 128, 129, 130, 132, 153, 154, 162, 177, 178, 193, 194, 195, 197, 198, 199, 200, 201, 202, 203, 204, 205, 206, 207, 209, 214, 232, 236, 262, 282, 307, 308, 309, 311, 312, 313, 314, 315, 317, 322, 326, 330, 335, 348, 349, 350, 352, 353, 354, 355, 356, 357, 359, 377, 378, 384, 385, 392, 393, 394, 396, 397, 398, 399, 400, 401, 403, 408, 409, 413, 414, 425, 435], "summary": {"covered_lines": 115, "num_statements": 216, "percent_covered": 53.24074074074074, "percent_covered_display": "53", "missing_lines": 101, "excluded_lines": 0}, "missing_lines": [54, 55, 60, 65, 66, 67, 68, 69, 70, 71, 72, 76, 99, 134, 135, 136, 139, 140, 143, 144, 145, 146, 148, 149, 150, 151, 156, 157, 158, 159, 160, 164, 180, 211, 212, 222, 224, 225, 227, 228, 230, 234, 238, 239, 243, 245, 248, 254, 255, 256, 258, 260, 265, 267, 284, 287, 290, 295, 296, 299, 300, 301, 302, 304, 319, 320, 324, 328, 332, 333, 337, 361, 363, 364, 366, 367, 369, 370, 372, 373, 375, 382, 389, 405, 406, 411, 416, 417, 419, 420, 421, 427, 428, 429, 430, 432, 437, 438, 440, 441, 443], "excluded_lines": []}, "src/core/monitoring/mixins/__init__.py": {"executed_lines": [1], "summary": {"covered_lines": 0, "num_statements": 0, "percent_covered": 100.0, "percent_covered_display": "100", "missing_lines": 0, "excluded_lines": 0}, "missing_lines": [], "excluded_lines": []}, "src/core/monitoring/mixins/collection_metrics.py": {"executed_lines": [1, 7, 8, 10, 13, 14, 16, 18, 20, 72, 73, 75, 101, 112, 122, 133], "summary": {"covered_lines": 14, "num_statements": 57, "percent_covered": 24.56140350877193, "percent_covered_display": "25", "missing_lines": 43, "excluded_lines": 0}, "missing_lines": [79, 81, 82, 87, 88, 93, 94, 98, 99, 103, 104, 105, 109, 110, 114, 115, 119, 120, 124, 125, 126, 130, 131, 135, 137, 138, 139, 140, 141, 142, 147, 148, 149, 150, 155, 156, 157, 160, 161, 162, 163, 167, 168], "excluded_lines": []}, "src/core/monitoring/mixins/system_metrics.py": {"executed_lines": [1, 7, 8, 9, 10, 12, 15, 16, 17, 19, 20, 21, 22, 23, 26, 27, 29, 31, 87, 88, 90, 92, 129, 130, 132, 136, 138, 143, 150, 160, 199, 203, 204, 205, 207, 211, 228], "summary": {"covered_lines": 34, "num_statements": 67, "percent_covered": 50.74626865671642, "percent_covered_display": "51", "missing_lines": 33, "excluded_lines": 0}, "missing_lines": [147, 148, 152, 153, 157, 158, 162, 164, 167, 168, 171, 172, 175, 176, 177, 178, 183, 184, 187, 188, 189, 190, 191, 192, 196, 197, 217, 225, 226, 230, 231, 235, 236], "excluded_lines": []}, "src/core/monitoring/prometheus_metrics.py": {"executed_lines": [1, 8, 9, 10, 12, 13, 14, 15, 17, 19, 21, 24, 25, 32, 34, 35, 36, 39, 40, 41, 44, 46, 48, 49, 50, 51, 57, 58, 64, 65, 72, 73, 83, 91, 110, 123, 126, 129, 130, 131, 134, 136, 139, 140, 142, 143, 147, 154], "summary": {"covered_lines": 46, "num_statements": 70, "percent_covered": 65.71428571428571, "percent_covered_display": "66", "missing_lines": 24, "excluded_lines": 0}, "missing_lines": [80, 81, 85, 86, 87, 88, 89, 93, 94, 95, 104, 105, 106, 112, 113, 114, 115, 116, 118, 119, 149, 151, 156, 160], "excluded_lines": []}, "src/core/regtech_integration_
[...]
ed_lines": 11, "num_statements": 86, "percent_covered": 12.790697674418604, "percent_covered_display": "13", "missing_lines": 75, "excluded_lines": 0}, "missing_lines": [32, 33, 34, 35, 36, 37, 38, 40, 42, 45, 46, 47, 48, 49, 50, 51, 53, 62, 63, 64, 65, 66, 67, 68, 78, 79, 80, 81, 82, 83, 84, 85, 86, 93, 104, 105, 106, 107, 109, 110, 112, 113, 114, 115, 116, 117, 118, 120, 123, 124, 125, 127, 129, 139, 151, 152, 153, 154, 156, 157, 159, 160, 161, 163, 164, 166, 168, 169, 170, 171, 172, 174, 176, 178, 181], "excluded_lines": []}, "src/utils/error_handler/flask_integration.py": {"executed_lines": [1, 3, 4, 6, 7, 10], "summary": {"covered_lines": 5, "num_statements": 26, "percent_covered": 19.23076923076923, "percent_covered_display": "19", "missing_lines": 21, "excluded_lines": 0}, "missing_lines": [12, 13, 15, 16, 17, 18, 19, 21, 22, 23, 24, 25, 27, 28, 29, 30, 31, 34, 35, 37, 39], "excluded_lines": []}, "src/utils/error_handler/validators.py": {"executed_lines": [1, 3, 4, 6, 9, 19, 28], "summary": {"covered_lines": 6, "num_statements": 18, "percent_covered": 33.333333333333336, "percent_covered_display": "33", "missing_lines": 12, "excluded_lines": 0}, "missing_lines": [11, 12, 13, 21, 22, 23, 24, 25, 49, 50, 51, 52], "excluded_lines": []}, "src/utils/error_recovery.py": {"executed_lines": [2, 6, 7, 8, 9, 10, 11, 13, 16, 17, 19, 33, 52, 59, 64, 76, 119, 120, 122, 123, 124, 125, 127, 159, 184, 200, 201, 203, 204, 205, 207, 212, 247, 265, 270, 271, 273, 274, 275, 277, 309, 350, 351, 352, 355, 360, 365, 370, 380], "summary": {"covered_lines": 45, "num_statements": 187, "percent_covered": 24.06417112299465, "percent_covered_display": "24", "missing_lines": 142, "excluded_lines": 0}, "missing_lines": [25, 26, 27, 29, 30, 31, 34, 35, 36, 37, 38, 40, 42, 43, 44, 45, 46, 47, 48, 50, 54, 61, 62, 66, 67, 69, 70, 71, 84, 85, 86, 87, 89, 90, 91, 92, 93, 95, 96, 97, 100, 101, 102, 104, 106, 110, 112, 114, 116, 134, 135, 144, 147, 148, 151, 152, 154, 156, 157, 161, 162, 165, 166, 172, 186, 188, 189, 195, 196, 197, 209, 210, 214, 215, 221, 222, 223, 224, 226, 233, 234, 236, 237, 243, 244, 245, 249, 250, 252, 253, 254, 256, 257, 259, 267, 279, 281, 283, 284, 286, 297, 300, 301, 303, 305, 306, 307, 311, 312, 314, 315, 321, 322, 325, 328, 332, 357, 362, 367, 372, 373, 374, 375, 376, 377, 383, 384, 385, 386, 388, 389, 390, 392, 393, 398, 402, 404, 405, 406, 409, 411, 413], "excluded_lines": []}, "src/utils/github_issue_reporter.py": {"executed_lines": [1, 6, 7, 8, 9, 10, 11, 12, 13, 15, 17, 20, 21, 49, 56, 64, 68, 83, 102, 128, 138, 189, 294, 342, 345, 353, 361], "summary": {"covered_lines": 26, "num_statements": 173, "percent_covered": 15.028901734104046, "percent_covered_display": "15", "missing_lines": 147, "excluded_lines": 0}, "missing_lines": [22, 23, 24, 25, 28, 30, 31, 40, 41, 42, 43, 44, 47, 53, 54, 58, 59, 60, 61, 62, 66, 70, 71, 74, 76, 77, 78, 79, 85, 86, 91, 95, 99, 100, 104, 105, 106, 108, 109, 110, 111, 112, 113, 114, 115, 116, 117, 120, 122, 123, 124, 125, 126, 133, 136, 140, 141, 142, 143, 144, 145, 146, 147, 148, 150, 187, 191, 192, 193, 194, 197, 204, 205, 206, 209, 212, 217, 219, 226, 227, 228, 232, 233, 234, 237, 239, 240, 241, 244, 245, 246, 249, 250, 252, 255, 256, 258, 259, 261, 264, 266, 267, 270, 271, 273, 274, 275, 276, 279, 280, 282, 283, 286, 287, 288, 290, 291, 292, 298, 299, 300, 302, 304, 319, 320, 322, 323, 331, 332, 334, 336, 337, 338, 348, 349, 350, 357, 358, 364, 365, 366, 367, 368, 370, 375, 377, 379], "excluded_lines": []}, "src/utils/memory/__init__.py": {"executed_lines": [1], "summary": {"covered_lines": 0, "num_statements": 0, "percent_covered": 100.0, "percent_covered_display": "100", "missing_lines": 0, "excluded_lines": 0}, "missing_lines": [], "excluded_lines": []}, "src/utils/memory/bulk_processor.py": {"executed_lines": [], "summary": {"covered_lines": 0, "num_statements": 27, "percent_covered": 0.0, "percent_covered_display": "0", "missing_lines": 27, "excluded_lines": 0}, "missing_lines": [7, 9, 11, 12, 14, 15, 16, 19, 22, 24, 25, 28, 29, 32, 35, 37, 41, 44, 47, 48, 50, 51, 52, 53, 55, 56, 58], "excluded_lines": []}, "src/utils/memory/core_optimizer.py": {"executed_lines": [1, 7, 8, 9, 10, 11, 12, 13, 15, 16, 19, 20, 21, 23, 24, 25, 26, 27, 28, 29, 32, 33, 35, 69, 93, 107, 128, 129, 157, 169, 176, 205, 219], "summary": {"covered_lines": 30, "num_statements": 120, "percent_covered": 25.0, "percent_covered_display": "25", "missing_lines": 90, "excluded_lines": 0}, "missing_lines": [41, 42, 43, 46, 47, 50, 51, 52, 53, 56, 64, 72, 75, 76, 79, 80, 81, 83, 95, 97, 98, 99, 103, 105, 109, 111, 115, 116, 117, 120, 121, 122, 124, 126, 131, 133, 134, 135, 139, 140, 141, 144, 145, 146, 148, 151, 153, 154, 155, 159, 160, 162, 163, 166, 167, 171, 172, 173, 174, 178, 179, 180, 183, 184, 185, 188, 189, 192, 194, 195, 197, 198, 200, 202, 203, 207, 208, 209, 210, 211, 212, 213, 214, 216, 217, 223, 224, 226, 228, 229], "excluded_lines": []}, "src/utils/memory/database_operations.py": {"executed_lines": [], "summary": {"covered_lines": 0, "num_statements": 25, "percent_covered": 0.0, "percent_covered_display": "0", "missing_lines": 25, "excluded_lines": 0}, "missing_lines": [7, 8, 10, 13, 16, 20, 23, 24, 25, 27, 29, 30, 31, 34, 35, 36, 38, 41, 42, 44, 46, 47, 48, 49, 51], "excluded_lines": []}, "src/utils/memory/reporting.py": {"executed_lines": [], "summary": {"covered_lines": 0, "num_statements": 26, "percent_covered": 0.0, "percent_covered_display": "0", "missing_lines": 26, "excluded_lines": 0}, "missing_lines": [7, 10, 13, 15, 18, 22, 29, 30, 35, 37, 58, 60, 62, 63, 66, 67, 71, 72, 76, 77, 81, 93, 94, 98, 99, 101], "excluded_lines": []}, "src/utils/performance_optimizer.py": {"executed_lines": [1, 6, 7, 8, 9, 10, 11, 12, 13, 14, 16, 19, 20, 21, 23, 24, 25, 26, 27, 28, 29, 30, 32, 37, 38, 40, 41, 42, 43, 45, 46, 55, 72, 81, 87, 88, 90, 91, 92, 93, 94, 95, 96, 97, 99, 116, 128, 137, 153, 168, 169, 171, 172, 173, 175, 184, 196, 209, 215, 225, 226, 228, 229, 230, 231, 232, 233, 234, 236, 244, 261, 269, 287, 314, 341, 344, 349, 362], "summary": {"covered_lines": 72, "num_statements": 210, "percent_covered": 34.285714285714285, "percent_covered_display": "34", "missing_lines": 138, "excluded_lines": 0}, "missing_lines": [33, 34, 48, 49, 50, 52, 53, 57, 58, 59, 66, 67, 68, 69, 70, 74, 75, 83, 84, 101, 102, 104, 105, 106, 107, 110, 111, 113, 114, 118, 119, 122, 123, 125, 126, 130, 131, 133, 134, 135, 139, 140, 141, 143, 144, 145, 147, 148, 149, 151, 155, 156, 158, 177, 186, 187, 189, 190, 191, 192, 194, 198, 199, 201, 202, 203, 205, 206, 207, 213, 217, 218, 221, 222, 238, 239, 241, 242, 246, 247, 248, 250, 252, 254, 263, 264, 265, 266, 272, 273, 274, 275, 276, 277, 279, 281, 282, 284, 290, 291, 292, 294, 295, 297, 300, 301, 302, 305, 306, 307, 309, 311, 317, 318, 319, 320, 321, 324, 325, 326, 327, 328, 329, 331, 333, 335, 337, 346, 351, 352, 353, 354, 355, 359, 364, 365, 368, 369], "excluded_lines": []}, "src/utils/security.py": {"executed_lines": [], "summary": {"covered_lines": 0, "num_statements": 3, "percent_covered": 0.0, "percent_covered_display": "0", "missing_lines": 3, "excluded_lines": 0}, "missing_lines": [12, 16, 19], "excluded_lines": []}, "src/utils/security/__init__.py": {"executed_lines": [2, 10, 21, 30, 43, 44, 46, 47, 48, 49, 50, 51, 54, 57, 60, 65, 68, 71, 75, 80, 87, 90, 94, 95, 98, 99, 102, 103, 107, 128, 131, 132, 144], "summary": {"covered_lines": 32, "num_statements": 60, "percent_covered": 53.333333333333336, "percent_covered_display": "53", "missing_lines": 28, "excluded_lines": 0}, "missing_lines": [55, 58, 63, 66, 69, 72, 78, 83, 88, 91, 96, 100, 104, 109, 111, 114, 117, 118, 119, 121, 123, 124, 125, 135, 136, 138, 139, 141], "excluded_lines": []}, "src/utils/security/auth.py": {"executed_lines": [2, 14, 15, 16, 17, 18, 19, 21, 22, 24, 27, 28, 30, 31, 32, 34, 54, 64, 85, 101, 104, 106, 108, 110, 147, 150, 151, 152, 197, 199, 202, 229, 256, 262, 268, 276, 282, 284, 285, 288], "summary": {"covered_lines": 39, "num_statements": 198, "percent_covered": 19.696969696969695, "percent_covered_display": "20", "missing_lines": 159, "excluded_lines": 0}, "missing_lines": [36, 37, 38, 41, 48, 50, 51, 52, 56, 57, 58, 60, 61, 62, 68, 69, 70, 78, 79, 81, 82, 83, 87, 88, 89, 91, 92, 93, 94, 95, 96, 97, 98, 99, 107, 112, 113, 114, 117, 118, 120, 121, 122, 124, 127, 132, 135, 138, 140, 142, 143, 144, 153, 155, 156, 158, 160, 161, 162, 163, 164, 167, 168, 169, 170, 174, 175, 176, 177, 180, 181, 182, 183, 184, 189, 191, 193, 194, 195, 205, 206, 207, 208, 209, 210, 212, 214, 215, 216, 218, 219, 220, 222, 223, 224, 226, 232, 233, 234, 235, 236, 237, 240, 241, 242, 244, 246, 247, 248, 250, 252, 258, 259, 264, 265, 272, 273, 278, 279, 289, 292, 293, 296, 297, 298, 299, 300, 301, 304, 305, 308, 309, 312, 313, 314, 315, 316, 317, 318, 321, 322, 325, 326, 327, 328, 329, 330, 333, 334, 337, 338, 341, 342, 345, 346, 347, 349, 352, 353], "excluded_lines": []}, "src/utils/security/rate_limiting.py": {"executed_lines": [2, 13, 14, 15, 16, 17, 19, 21, 24, 25, 27, 28, 29, 30, 32, 36, 37, 38, 41, 45, 49, 50, 56, 83, 85, 87, 92, 96, 108, 111, 114, 115, 116, 119, 122, 123, 124, 125, 127, 130, 133, 136, 147, 159, 166, 168, 171, 182, 188, 194, 200], "summary": {"covered_lines": 50, "num_statements": 141, "percent_covered": 35.46099290780142, "percent_covered_display": "35", "missing_lines": 91, "excluded_lines": 0}, "missing_lines": [42, 46, 52, 53, 54, 60, 61, 62, 65, 66, 68, 69, 72, 73, 74, 75, 77, 79, 80, 81, 89, 90, 94, 98, 99, 131, 137, 148, 161, 162, 164, 174, 176, 177, 179, 184, 185, 190, 191, 196, 197, 201, 204, 205, 208, 209, 210, 211, 214, 215, 216, 219, 222, 223, 227, 228, 231, 232, 233, 234, 237, 238, 239, 242, 245, 246, 251, 252, 256, 257, 260, 261, 262, 263, 266, 267, 269, 270, 275, 276, 277, 281, 282, 285, 286, 289, 290, 291, 293, 296, 297], "excluded_lines": []}, "src/utils/security/validation.py": {"executed_lines": [2, 14, 15, 16, 17, 18, 20, 22, 25, 26, 28, 30, 33, 34, 36, 59, 65, 71, 81, 83, 84, 85, 88, 89, 91, 92, 95, 98, 106, 109, 112, 118, 122, 124, 125, 126, 129, 133, 137, 138, 143, 144, 145, 146, 150, 156, 157, 167, 170, 171, 173, 174, 185, 186, 198, 201, 202, 203, 204, 206, 207, 212, 213, 215, 221, 223, 224, 225, 227, 229, 232, 237, 248, 283, 289, 295], "summary": {"covered_lines": 74, "num_statements": 210, "percent_covered": 35.23809523809524, "percent_covered_display": "35", "missing_lines": 136, "excluded_lines": 0}, "missing_lines": [38, 39, 40, 43, 49, 50, 51, 53, 55, 56, 57, 61, 62, 63, 67, 68, 69, 75, 76, 77, 78, 79, 93, 103, 114, 115, 116, 130, 131, 134, 139, 140, 147, 151, 158, 159, 163, 164, 165, 176, 188, 189, 190, 191, 192, 193, 194, 195, 209, 216, 234, 239, 240, 241, 242, 243, 244, 245, 251, 252, 253, 255, 256, 257, 260, 263, 264, 268, 271, 273, 275, 276, 277, 279, 285, 286, 291, 292, 296, 299, 300, 303, 304, 305, 306, 307, 308, 309, 312, 313, 316, 317, 320, 321, 322, 323, 324, 326, 327, 328, 329, 330, 331, 334, 335, 336, 337, 338, 340, 341, 342, 343, 344, 345, 348, 349, 350, 351, 365, 366, 368, 369, 371, 372, 375, 376, 377, 378, 381, 382, 385, 386, 387, 389, 392, 393], "excluded_lines": []}, "src/utils/structured_logging.py": {"executed_lines": [2, 7, 8, 9, 10, 11, 12, 13, 14, 15, 16, 17, 18, 20, 21, 23, 28, 29, 31, 32, 33, 34, 35, 41, 42, 45, 48, 58, 60, 63, 64, 66, 68, 71, 73, 76, 79, 80, 90, 91, 94, 95, 99, 101, 102, 105, 106, 107, 110, 111, 114, 115, 116, 122, 123, 124, 126, 128, 170, 172, 173, 228, 240, 242, 243, 246, 247, 248, 250, 258, 267, 268, 270, 271, 277, 278, 283, 290, 292, 298, 300, 301, 302, 303, 305, 312, 323, 336, 348, 357, 362, 363, 365, 366, 367, 369, 371, 372, 380, 383, 388, 389, 391, 392, 394, 395, 396, 397, 399, 401, 402, 403, 405, 412, 423, 426, 428, 431, 433, 435, 437, 439, 440, 442, 446, 450, 452, 460, 461, 462, 463, 465, 472, 475, 476, 480, 481], "summary": {"covered_lines": 134, "num_statements": 224, "percent_covered": 59.82142857142857, "percent_covered_display": "60", "missing_lines": 90, "excluded_lines": 0}, "missing_lines": [24, 25, 36, 38, 65, 67, 69, 85, 117, 119, 130, 131, 132, 133, 134, 136, 138, 153, 160, 167, 168, 175, 176, 177, 180, 182, 183, 186, 201, 220, 222, 224, 226, 230, 231, 232, 234, 236, 238, 279, 280, 284, 294, 295, 296, 307, 308, 309, 310, 314, 315, 316, 318, 319, 321, 325, 326, 327, 329, 330, 334, 338, 339, 341, 342, 346, 350, 359, 381, 384, 385, 407, 408, 409, 410, 414, 415, 416, 417, 418, 419, 443, 447, 478, 483, 484, 486, 487, 489, 490], "excluded_lines": []}, "src/utils/system_health.py": {"executed_lines": [1, 5, 6, 7, 8, 10, 13, 14, 15, 17, 18, 19, 20, 21, 22, 23, 24, 25, 26, 28, 29, 31, 33, 35, 36, 40, 45, 49, 65, 66, 78, 82, 86, 106], "summary": {"covered_lines": 32, "num_statements": 101, "percent_covered": 31.683168316831683, "percent_covered_display": "32", "missing_lines": 69, "excluded_lines": 0}, "missing_lines": [32, 34, 38, 42, 43, 47, 51, 69, 70, 73, 74, 76, 80, 84, 88, 90, 91, 92, 93, 94, 95, 96, 97, 98, 99, 100, 101, 103, 108, 110, 111, 114, 115, 116, 117, 118, 121, 122, 125, 126, 127, 128, 129, 130, 133, 134, 137, 138, 139, 140, 141, 144, 145, 148, 149, 150, 151, 152, 153, 154, 155, 158, 159, 162, 163, 164, 166, 169, 170], "excluded_lines": []}, "src/utils/system_monitor.py": {"executed_lines": [1, 13, 14, 15, 16, 17, 18, 20, 22, 23, 25, 28, 29, 31, 32, 33, 34, 35, 36, 37, 39, 41, 43, 44, 45, 47, 49, 51, 53, 54, 56, 58, 60, 61, 65, 66, 70, 87, 89, 90, 91, 114, 115, 117, 119, 121, 123, 124, 140, 149, 153, 154, 186, 187, 189, 191, 192, 193, 195, 196, 197, 198, 200, 212, 213, 219, 225, 226, 227, 229, 236, 251], "summary": {"covered_lines": 70, "num_statements": 159, "percent_covered": 44.0251572327044, "percent_covered_display": "44", "missing_lines": 89, "excluded_lines": 0}, "missing_lines": [55, 57, 59, 67, 81, 82, 83, 92, 93, 94, 103, 111, 112, 113, 125, 127, 128, 129, 135, 136, 137, 145, 146, 147, 155, 156, 157, 171, 184, 185, 201, 211, 220, 221, 223, 231, 232, 233, 234, 238, 240, 241, 242, 246, 247, 248, 252, 254, 256, 257, 260, 261, 262, 263, 264, 265, 266, 267, 270, 271, 274, 275, 276, 277, 278, 279, 280, 283, 284, 287, 288, 291, 292, 293, 294, 295, 296, 297, 300, 301, 304, 305, 306, 307, 308, 309, 311, 314, 315], "excluded_lines": []}, "src/utils/system_monitors.py": {"executed_lines": [1, 13, 14, 15, 17, 18, 20, 23, 33, 35, 36, 37, 39, 40, 41, 45, 48, 51, 52, 53, 56, 58, 59, 60, 61, 64], "summary": {"covered_lines": 25, "num_statements": 68, "percent_covered": 36.76470588235294, "percent_covered_display": "37", "missing_lines": 43, "excluded_lines": 0}, "missing_lines": [25, 26, 27, 28, 29, 30, 38, 65, 67, 68, 71, 72, 73, 74, 75, 76, 77, 80, 81, 83, 84, 86, 87, 88, 91, 92, 95, 96, 97, 98, 99, 100, 101, 102, 105, 106, 107, 108, 109, 110, 112, 115, 116], "excluded_lines": []}, "src/utils/system_stability.py": {"executed_lines": [1, 7, 8, 18], "summary": {"covered_lines": 3, "num_statements": 3, "percent_covered": 100.0, "percent_covered_display": "100", "missing_lines": 0, "excluded_lines": 0}, "missing_lines": [], "excluded_lines": []}, "src/utils/unified_decorators.py": {"executed_lines": [1, 9, 23, 37], "summary": {"covered_lines": 3, "num_statements": 3, "percent_covered": 100.0, "percent_covered_display": "100", "missing_lines": 0, "excluded_lines": 0}, "missing_lines": [], "excluded_lines": []}, "src/web/__init__.py": {"executed_lines": [1, 5, 7], "summary": {"covered_lines": 2, "num_statements": 2, "percent_covered": 100.0, "percent_covered_display": "100", "missing_lines": 0, "excluded_lines": 0}, "missing_lines": [], "excluded_lines": []}, "src/web/api_routes.py": {"executed_lines": [1, 6, 7, 8, 9, 10, 12, 14, 16, 19, 38, 39, 82, 83, 99, 100, 137, 138, 170, 171, 211, 212, 255, 256], "summary": {"covered_lines": 23, "num_statements": 110, "percent_covered": 20.90909090909091, "percent_covered_display": "21", "missing_lines": 87, "excluded_lines": 0}, "missing_lines": [21, 22, 23, 24, 25, 26, 27, 30, 41, 42, 43, 44, 46, 47, 50, 53, 54, 65, 77, 78, 79, 85, 87, 94, 95, 96, 102, 104, 115, 116, 117, 118, 125, 132, 133, 134, 140, 142, 145, 146, 156, 165, 166, 167, 173, 175, 176, 177, 179, 182, 183, 184, 185, 186, 187, 189, 190, 194, 196, 198, 206, 207, 208, 214, 215, 217, 218, 225, 227, 231, 232, 233, 234, 236, 238, 240, 248, 250, 251, 252, 258, 259, 262, 269, 271, 272, 273], "excluded_lines": []}, "src/web/collection_routes.py": {"executed_lines": [1, 6, 7, 9, 11, 13, 16, 17, 22, 23, 28, 29, 42, 43, 101, 102, 125, 126, 131, 132, 157, 158, 184, 185, 215, 216, 262, 263, 292, 293, 317, 318, 352, 353, 386, 387], "summary": {"covered_lines": 35, "num_statements": 116, "percent_covered": 30.17241379310345, "percent_covered_display": "30", "missing_lines": 81, "excluded_lines": 0}, "missing_lines": [19, 25, 31, 32, 36, 37, 38, 39, 45, 47, 48, 49, 50, 53, 54, 57, 58, 59, 75, 86, 87, 88, 104, 106, 113, 119, 120, 121, 122, 128, 134, 136, 144, 145, 146, 160, 162, 171, 172, 173, 187, 189, 202, 203, 204, 218, 220, 242, 248, 249, 250, 265, 267, 279, 280, 281, 295, 297, 304, 305, 306, 320, 321, 322, 323, 326, 339, 340, 341, 355, 357, 366, 373, 374, 375, 389, 391, 406, 415, 416, 417], "excluded_lines": []}, "src/web/dashboard_routes.py": {"executed_lines": [1, 6, 7, 8, 9, 10, 12, 14, 16, 19, 33, 47, 66, 91, 92, 97, 98, 99, 113, 114, 131, 132, 137, 138, 203, 204], "summary": {"covered_lines": 25, "num_statements": 101, "percent_covered": 24.752475247524753, "percent_covered_display": "25", "missing_lines": 76, "excluded_lines": 0}, "missing_lines": [21, 22, 23, 24, 25, 26, 27, 28, 29, 30, 35, 36, 37, 38, 39, 40, 41, 42, 43, 44, 49, 51, 52, 53, 59, 60, 63, 68, 69, 70, 71, 72, 74, 75, 76, 77, 78, 79, 80, 83, 94, 101, 116, 118, 120, 125, 126, 127, 128, 134, 140, 142, 145, 146, 147, 148, 157, 158, 167, 172, 173, 175, 182, 183, 191, 197, 198, 199, 200, 206, 208, 233, 239, 240, 241, 242], "excluded_lines": []}, "src/web/data_routes.py": {"executed_lines": [1, 6, 7, 9, 11, 13, 16, 17, 66, 67, 119, 120, 189, 190, 248, 249, 313, 314, 329, 330], "summary": {"covered_lines": 19, "num_statements": 93, "percent_covered": 20.43010752688172, "percent_covered_display": "20", "missing_lines": 74, "excluded_lines": 0}, "missing_lines": [19, 20, 21, 24, 25, 26, 27, 43, 52, 53, 54, 69, 70, 71, 74, 75, 76, 77, 94, 96, 105, 106, 107, 122, 124, 125, 126, 127, 138, 139, 140, 151, 176, 177, 178, 192, 194, 227, 235, 236, 237, 251, 253, 256, 264, 265, 266, 268, 277, 278, 282, 283, 288, 290, 299, 300, 301, 316, 318, 319, 320, 322, 324, 325, 326, 332, 334, 335, 336, 338, 344, 346, 347, 348], "excluded_lines": []}, "src/web/regtech_routes.py": {"executed_lines": [], "summary": {"covered_lines": 0, "num_statements": 156, "percent_covered": 0.0, "percent_covered_display": "0", "missing_lines": 156, "excluded_lines": 0}, "missing_lines": [2, 6, 7, 8, 9, 11, 13, 14, 15, 16, 18, 21, 22, 23, 25, 30, 31, 32, 33, 35, 37, 39, 41, 42, 43, 46, 49, 52, 58, 61, 69, 70, 72, 73, 74, 75, 76, 77, 80, 81, 82, 83, 85, 87, 94, 95, 97, 99, 100, 103, 114, 115, 116, 119, 120, 121, 124, 125, 126, 127, 128, 129, 131, 133, 134, 136, 138, 139, 141, 152, 153, 155, 156, 157, 159, 160, 162, 163, 165, 167, 168, 169, 171, 172, 179, 181, 188, 190, 191, 193, 194, 195, 196, 197, 199, 201, 212, 213, 215, 216, 218, 220, 222, 223, 225, 226, 227, 228, 229, 230, 231, 232, 240, 241, 244, 245, 247, 248, 252, 253, 255, 256, 257, 260, 261, 263, 264, 267, 268, 270, 271, 272, 275, 276, 278, 279, 280, 283, 284, 286, 287, 288, 289, 292, 293, 295, 296, 299, 300, 302, 305, 306, 308, 311, 312, 314], "excluded_lines": []}, "src/web/routes.py": {"executed_lines": [1, 6, 8, 10, 11, 12, 13, 15, 18, 21, 22, 23, 24, 27, 29, 30], "summary": {"covered_lines": 15, "num_statements": 15, "percent_covered": 100.0, "percent_covered_display": "100", "missing_lines": 0, "excluded_lines": 0}, "missing_lines": [], "excluded_lines": []}}, "totals": {"covered_lines": 5365, "num_statements": 19699, "percent_covered": 27.23488501954414, "percent_covered_display": "27", "missing_lines": 14334, "excluded_lines": 0}}